[0.230s] Invoking command in '/sim_ws/src/f1tenth_gym_ros': PYTHONPATH=/sim_ws/src/install/f1tenth_gym_ros/lib/python3.8/site-packages:${PYTHONPATH} /usr/bin/python3 setup.py egg_info --egg-base ../build/f1tenth_gym_ros build --build-base /sim_ws/src/build/f1tenth_gym_ros/build install --prefix /sim_ws/src/install/f1tenth_gym_ros --record /sim_ws/src/build/f1tenth_gym_ros/install.log --single-version-externally-managed
[0.415s] running egg_info
[0.416s] writing ../build/f1tenth_gym_ros/f1tenth_gym_ros.egg-info/PKG-INFO
[0.416s] writing dependency_links to ../build/f1tenth_gym_ros/f1tenth_gym_ros.egg-info/dependency_links.txt
[0.416s] writing entry points to ../build/f1tenth_gym_ros/f1tenth_gym_ros.egg-info/entry_points.txt
[0.416s] writing requirements to ../build/f1tenth_gym_ros/f1tenth_gym_ros.egg-info/requires.txt
[0.416s] writing top-level names to ../build/f1tenth_gym_ros/f1tenth_gym_ros.egg-info/top_level.txt
[0.452s] reading manifest file '../build/f1tenth_gym_ros/f1tenth_gym_ros.egg-info/SOURCES.txt'
[0.453s] writing manifest file '../build/f1tenth_gym_ros/f1tenth_gym_ros.egg-info/SOURCES.txt'
[0.453s] running build
[0.453s] running build_py
[0.453s] running install
[0.454s] running install_lib
[0.455s] running install_data
[0.455s] running install_egg_info
[0.457s] removing '/sim_ws/src/install/f1tenth_gym_ros/lib/python3.8/site-packages/f1tenth_gym_ros-0.0.0-py3.8.egg-info' (and everything under it)
[0.457s] Copying ../build/f1tenth_gym_ros/f1tenth_gym_ros.egg-info to /sim_ws/src/install/f1tenth_gym_ros/lib/python3.8/site-packages/f1tenth_gym_ros-0.0.0-py3.8.egg-info
[0.458s] running install_scripts
[0.473s] Installing gym_bridge script to /sim_ws/src/install/f1tenth_gym_ros/lib/f1tenth_gym_ros
[0.473s] writing list of installed files to '/sim_ws/src/build/f1tenth_gym_ros/install.log'
[0.492s] Invoked command in '/sim_ws/src/f1tenth_gym_ros' returned '0': PYTHONPATH=/sim_ws/src/install/f1tenth_gym_ros/lib/python3.8/site-packages:${PYTHONPATH} /usr/bin/python3 setup.py egg_info --egg-base ../build/f1tenth_gym_ros build --build-base /sim_ws/src/build/f1tenth_gym_ros/build install --prefix /sim_ws/src/install/f1tenth_gym_ros --record /sim_ws/src/build/f1tenth_gym_ros/install.log --single-version-externally-managed
