[0.186s] Invoking command in '/sim_ws/src/build/gap_follow': CMAKE_PREFIX_PATH=/opt/ros/foxy /usr/bin/cmake /sim_ws/src/gap_follow -DCMAKE_INSTALL_PREFIX=/sim_ws/src/install/gap_follow
[0.235s] -- The C compiler identification is GNU 9.3.0
[0.282s] -- The CXX compiler identification is GNU 9.3.0
[0.286s] -- Check for working C compiler: /usr/bin/cc
[0.338s] -- Check for working C compiler: /usr/bin/cc -- works
[0.339s] -- Detecting C compiler ABI info
[0.394s] -- Detecting C compiler ABI info - done
[0.405s] -- Detecting C compile features
[0.405s] -- Detecting C compile features - done
[0.408s] -- Check for working CXX compiler: /usr/bin/c++
[0.470s] -- Check for working CXX compiler: /usr/bin/c++ -- works
[0.471s] -- Detecting CXX compiler ABI info
[0.533s] -- Detecting CXX compiler ABI info - done
[0.544s] -- Detecting CXX compile features
[0.544s] -- Detecting CXX compile features - done
[0.546s] -- Found ament_cmake: 0.9.8 (/opt/ros/foxy/share/ament_cmake/cmake)
[0.566s] -- Found PythonInterp: /usr/bin/python3 (found suitable version "3.8.5", minimum required is "3") 
[0.566s] -- Using PYTHON_EXECUTABLE: /usr/bin/python3
[0.725s] -- Found rclcpp: 2.3.1 (/opt/ros/foxy/share/rclcpp/cmake)
[0.761s] -- Using all available rosidl_typesupport_c: rosidl_typesupport_fastrtps_c;rosidl_typesupport_introspection_c
[0.767s] -- Found rosidl_adapter: 1.2.1 (/opt/ros/foxy/share/rosidl_adapter/cmake)
[0.830s] -- Found OpenSSL: /usr/lib/x86_64-linux-gnu/libcrypto.so (found version "1.1.1f")  
[0.855s] -- Found FastRTPS: /opt/ros/foxy/include  
[0.922s] -- Using all available rosidl_typesupport_cpp: rosidl_typesupport_fastrtps_cpp;rosidl_typesupport_introspection_cpp
[0.970s] -- Found rmw_implementation_cmake: 1.0.3 (/opt/ros/foxy/share/rmw_implementation_cmake/cmake)
[0.971s] -- Using RMW implementation 'rmw_fastrtps_cpp' as default
[0.972s] -- Looking for pthread.h
[1.028s] -- Looking for pthread.h - found
[1.028s] -- Performing Test CMAKE_HAVE_LIBC_PTHREAD
[1.090s] -- Performing Test CMAKE_HAVE_LIBC_PTHREAD - Failed
[1.090s] -- Looking for pthread_create in pthreads
[1.134s] -- Looking for pthread_create in pthreads - not found
[1.134s] -- Looking for pthread_create in pthread
[1.190s] -- Looking for pthread_create in pthread - found
[1.191s] -- Found Threads: TRUE  
[1.321s] -- Found rclpy: 1.0.5 (/opt/ros/foxy/share/rclpy/cmake)
[1.322s] -- Found geometry_msgs: 2.0.4 (/opt/ros/foxy/share/geometry_msgs/cmake)
[1.351s] -- Found nav_msgs: 2.0.4 (/opt/ros/foxy/share/nav_msgs/cmake)
[1.413s] -- Found ackermann_msgs: 2.0.2 (/opt/ros/foxy/share/ackermann_msgs/cmake)
[1.443s] -- Found sensor_msgs: 2.0.4 (/opt/ros/foxy/share/sensor_msgs/cmake)
[1.528s] -- Found ament_lint_auto: 0.9.6 (/opt/ros/foxy/share/ament_lint_auto/cmake)
[1.592s] -- Added test 'copyright' to check source files copyright and LICENSE
[1.593s] -- Added test 'cppcheck' to perform static code analysis on C / C++ code
[1.593s] -- Configured cppcheck include dirs: /sim_ws/src/gap_follow/include
[1.594s] -- Configured cppcheck exclude dirs and/or files: 
[1.594s] -- Added test 'cpplint' to check C / C++ code against the Google style
[1.594s] -- Configured cpplint exclude dirs and/or files: 
[1.595s] -- Added test 'flake8' to check Python code syntax and style conventions
[1.595s] -- Added test 'lint_cmake' to check CMake code style
[1.595s] -- Added test 'pep257' to check Python code against some of the style conventions in PEP 257
[1.596s] -- Added test 'uncrustify' to check C / C++ code style
[1.596s] -- Configured uncrustify additional arguments: 
[1.597s] -- Added test 'xmllint' to check XML markup files
[1.599s] -- Configuring done
[1.608s] -- Generating done
[1.609s] -- Build files have been written to: /sim_ws/src/build/gap_follow
[1.616s] Invoked command in '/sim_ws/src/build/gap_follow' returned '0': CMAKE_PREFIX_PATH=/opt/ros/foxy /usr/bin/cmake /sim_ws/src/gap_follow -DCMAKE_INSTALL_PREFIX=/sim_ws/src/install/gap_follow
[1.619s] Invoking command in '/sim_ws/src/build/gap_follow': CMAKE_PREFIX_PATH=/opt/ros/foxy /usr/bin/cmake --build /sim_ws/src/build/gap_follow -- -j12 -l12
[1.651s] [35m[1mScanning dependencies of target reactive_node[0m
[1.680s] [ 50%] [32mBuilding CXX object CMakeFiles/reactive_node.dir/src/reactive_node.cpp.o[0m
[2.714s] [01m[K/sim_ws/src/gap_follow/src/reactive_node.cpp:[m[K In member function ‘[01m[Kvoid ReactiveFollowGap::preprocess_lidar(float*)[m[K’:
[2.715s] [01m[K/sim_ws/src/gap_follow/src/reactive_node.cpp:24:34:[m[K [01;35m[Kwarning: [m[Kunused parameter ‘[01m[Kranges[m[K’ [[01;35m[K-Wunused-parameter[m[K]
[2.715s]    24 |     void preprocess_lidar([01;35m[Kfloat* ranges[m[K)
[2.715s]       |                           [01;35m[K~~~~~~~^~~~~~[m[K
[2.715s] [01m[K/sim_ws/src/gap_follow/src/reactive_node.cpp:[m[K In member function ‘[01m[Kvoid ReactiveFollowGap::find_max_gap(float*, int*)[m[K’:
[2.715s] [01m[K/sim_ws/src/gap_follow/src/reactive_node.cpp:32:30:[m[K [01;35m[Kwarning: [m[Kunused parameter ‘[01m[Kranges[m[K’ [[01;35m[K-Wunused-parameter[m[K]
[2.715s]    32 |     void find_max_gap([01;35m[Kfloat* ranges[m[K, int* indice)
[2.715s]       |                       [01;35m[K~~~~~~~^~~~~~[m[K
[2.715s] [01m[K/sim_ws/src/gap_follow/src/reactive_node.cpp:32:43:[m[K [01;35m[Kwarning: [m[Kunused parameter ‘[01m[Kindice[m[K’ [[01;35m[K-Wunused-parameter[m[K]
[2.715s]    32 |     void find_max_gap(float* ranges, [01;35m[Kint* indice[m[K)
[2.715s]       |                                      [01;35m[K~~~~~^~~~~~[m[K
[2.715s] [01m[K/sim_ws/src/gap_follow/src/reactive_node.cpp:[m[K In member function ‘[01m[Kvoid ReactiveFollowGap::find_best_point(float*, int*)[m[K’:
[2.715s] [01m[K/sim_ws/src/gap_follow/src/reactive_node.cpp:38:33:[m[K [01;35m[Kwarning: [m[Kunused parameter ‘[01m[Kranges[m[K’ [[01;35m[K-Wunused-parameter[m[K]
[2.715s]    38 |     void find_best_point([01;35m[Kfloat* ranges[m[K, int* indice)
[2.715s]       |                          [01;35m[K~~~~~~~^~~~~~[m[K
[2.715s] [01m[K/sim_ws/src/gap_follow/src/reactive_node.cpp:38:46:[m[K [01;35m[Kwarning: [m[Kunused parameter ‘[01m[Kindice[m[K’ [[01;35m[K-Wunused-parameter[m[K]
[2.715s]    38 |     void find_best_point(float* ranges, [01;35m[Kint* indice[m[K)
[2.716s]       |                                         [01;35m[K~~~~~^~~~~~[m[K
[2.716s] [01m[K/sim_ws/src/gap_follow/src/reactive_node.cpp:[m[K In member function ‘[01m[Kvoid ReactiveFollowGap::lidar_callback(sensor_msgs::msg::LaserScan_<std::allocator<void> >::ConstSharedPtr)[m[K’:
[2.716s] [01m[K/sim_ws/src/gap_follow/src/reactive_node.cpp:47:75:[m[K [01;35m[Kwarning: [m[Kunused parameter ‘[01m[Kscan_msg[m[K’ [[01;35m[K-Wunused-parameter[m[K]
[2.717s]    47 |     void lidar_callback([01;35m[Kconst sensor_msgs::msg::LaserScan::ConstSharedPtr scan_msg[m[K)
[2.717s]       |                         [01;35m[K~~~~~~~~~~~~~~~~~~~~~~~~~~~~~~~~~~~~~~~~~~~~~~~~~~^~~~~~~~[m[K
[3.112s] [100%] [32m[1mLinking CXX executable reactive_node[0m
[3.221s] [100%] Built target reactive_node
[3.232s] Invoked command in '/sim_ws/src/build/gap_follow' returned '0': CMAKE_PREFIX_PATH=/opt/ros/foxy /usr/bin/cmake --build /sim_ws/src/build/gap_follow -- -j12 -l12
[3.261s] Invoking command in '/sim_ws/src/build/gap_follow': CMAKE_PREFIX_PATH=/opt/ros/foxy /usr/bin/cmake --install /sim_ws/src/build/gap_follow
[3.268s] -- Install configuration: ""
[3.268s] -- Installing: /sim_ws/src/install/gap_follow/lib/gap_follow/reactive_node
[3.268s] -- Set runtime path of "/sim_ws/src/install/gap_follow/lib/gap_follow/reactive_node" to ""
[3.269s] -- Installing: /sim_ws/src/install/gap_follow/share/gap_follow/environment/pythonpath.sh
[3.269s] -- Installing: /sim_ws/src/install/gap_follow/share/gap_follow/environment/pythonpath.dsv
[3.269s] -- Installing: /sim_ws/src/install/gap_follow/lib/python3.8/site-packages/gap_follow
[3.269s] -- Installing: /sim_ws/src/install/gap_follow/lib/python3.8/site-packages/gap_follow/__init__.py
[3.295s] Listing '/sim_ws/src/install/gap_follow/lib/python3.8/site-packages/gap_follow'...
[3.295s] Compiling '/sim_ws/src/install/gap_follow/lib/python3.8/site-packages/gap_follow/__init__.py'...
[3.298s] -- Installing: /sim_ws/src/install/gap_follow/lib/gap_follow/reactive_node.py
[3.298s] -- Installing: /sim_ws/src/install/gap_follow/share/ament_index/resource_index/package_run_dependencies/gap_follow
[3.299s] -- Installing: /sim_ws/src/install/gap_follow/share/ament_index/resource_index/parent_prefix_path/gap_follow
[3.299s] -- Installing: /sim_ws/src/install/gap_follow/share/gap_follow/environment/ament_prefix_path.sh
[3.299s] -- Installing: /sim_ws/src/install/gap_follow/share/gap_follow/environment/ament_prefix_path.dsv
[3.299s] -- Installing: /sim_ws/src/install/gap_follow/share/gap_follow/environment/path.sh
[3.299s] -- Installing: /sim_ws/src/install/gap_follow/share/gap_follow/environment/path.dsv
[3.299s] -- Installing: /sim_ws/src/install/gap_follow/share/gap_follow/local_setup.bash
[3.299s] -- Installing: /sim_ws/src/install/gap_follow/share/gap_follow/local_setup.sh
[3.299s] -- Installing: /sim_ws/src/install/gap_follow/share/gap_follow/local_setup.zsh
[3.300s] -- Installing: /sim_ws/src/install/gap_follow/share/gap_follow/local_setup.dsv
[3.300s] -- Installing: /sim_ws/src/install/gap_follow/share/gap_follow/package.dsv
[3.300s] -- Installing: /sim_ws/src/install/gap_follow/share/ament_index/resource_index/packages/gap_follow
[3.300s] -- Installing: /sim_ws/src/install/gap_follow/share/gap_follow/cmake/gap_followConfig.cmake
[3.300s] -- Installing: /sim_ws/src/install/gap_follow/share/gap_follow/cmake/gap_followConfig-version.cmake
[3.300s] -- Installing: /sim_ws/src/install/gap_follow/share/gap_follow/package.xml
[3.306s] Invoked command in '/sim_ws/src/build/gap_follow' returned '0': CMAKE_PREFIX_PATH=/opt/ros/foxy /usr/bin/cmake --install /sim_ws/src/build/gap_follow
