[0.199s] Invoking command in '/sim_ws/src/build/pure_pursuit': CMAKE_PREFIX_PATH=/opt/ros/foxy /usr/bin/cmake --build /sim_ws/src/build/pure_pursuit -- -j12 -l12
[0.254s] [100%] Built target pure_pursuit_node
[0.264s] Invoked command in '/sim_ws/src/build/pure_pursuit' returned '0': CMAKE_PREFIX_PATH=/opt/ros/foxy /usr/bin/cmake --build /sim_ws/src/build/pure_pursuit -- -j12 -l12
[0.293s] Invoking command in '/sim_ws/src/build/pure_pursuit': CMAKE_PREFIX_PATH=/opt/ros/foxy /usr/bin/cmake --install /sim_ws/src/build/pure_pursuit
[0.304s] -- Install configuration: ""
[0.304s] -- Up-to-date: /sim_ws/src/install/pure_pursuit/lib/pure_pursuit/pure_pursuit_node
[0.305s] -- Up-to-date: /sim_ws/src/install/pure_pursuit/share/pure_pursuit/environment/pythonpath.sh
[0.305s] -- Up-to-date: /sim_ws/src/install/pure_pursuit/share/pure_pursuit/environment/pythonpath.dsv
[0.305s] -- Up-to-date: /sim_ws/src/install/pure_pursuit/lib/python3.8/site-packages/pure_pursuit
[0.305s] -- Up-to-date: /sim_ws/src/install/pure_pursuit/lib/python3.8/site-packages/pure_pursuit/__init__.py
[0.331s] Listing '/sim_ws/src/install/pure_pursuit/lib/python3.8/site-packages/pure_pursuit'...
[0.335s] -- Up-to-date: /sim_ws/src/install/pure_pursuit/lib/pure_pursuit/pure_pursuit_node.py
[0.335s] -- Up-to-date: /sim_ws/src/install/pure_pursuit/share/ament_index/resource_index/package_run_dependencies/pure_pursuit
[0.336s] -- Up-to-date: /sim_ws/src/install/pure_pursuit/share/ament_index/resource_index/parent_prefix_path/pure_pursuit
[0.336s] -- Up-to-date: /sim_ws/src/install/pure_pursuit/share/pure_pursuit/environment/ament_prefix_path.sh
[0.336s] -- Up-to-date: /sim_ws/src/install/pure_pursuit/share/pure_pursuit/environment/ament_prefix_path.dsv
[0.336s] -- Up-to-date: /sim_ws/src/install/pure_pursuit/share/pure_pursuit/environment/path.sh
[0.337s] -- Up-to-date: /sim_ws/src/install/pure_pursuit/share/pure_pursuit/environment/path.dsv
[0.337s] -- Up-to-date: /sim_ws/src/install/pure_pursuit/share/pure_pursuit/local_setup.bash
[0.337s] -- Up-to-date: /sim_ws/src/install/pure_pursuit/share/pure_pursuit/local_setup.sh
[0.338s] -- Up-to-date: /sim_ws/src/install/pure_pursuit/share/pure_pursuit/local_setup.zsh
[0.338s] -- Up-to-date: /sim_ws/src/install/pure_pursuit/share/pure_pursuit/local_setup.dsv
[0.338s] -- Installing: /sim_ws/src/install/pure_pursuit/share/pure_pursuit/package.dsv
[0.338s] -- Up-to-date: /sim_ws/src/install/pure_pursuit/share/ament_index/resource_index/packages/pure_pursuit
[0.339s] -- Up-to-date: /sim_ws/src/install/pure_pursuit/share/pure_pursuit/cmake/pure_pursuitConfig.cmake
[0.339s] -- Up-to-date: /sim_ws/src/install/pure_pursuit/share/pure_pursuit/cmake/pure_pursuitConfig-version.cmake
[0.339s] -- Up-to-date: /sim_ws/src/install/pure_pursuit/share/pure_pursuit/package.xml
[0.358s] Invoked command in '/sim_ws/src/build/pure_pursuit' returned '0': CMAKE_PREFIX_PATH=/opt/ros/foxy /usr/bin/cmake --install /sim_ws/src/build/pure_pursuit
