[0.184s] Invoking command in '/sim_ws/src/build/pure_pursuit': CMAKE_PREFIX_PATH=/opt/ros/foxy /usr/bin/cmake /sim_ws/src/pure_pursuit -DCMAKE_INSTALL_PREFIX=/sim_ws/src/install/pure_pursuit
[0.226s] -- The C compiler identification is GNU 9.3.0
[0.270s] -- The CXX compiler identification is GNU 9.3.0
[0.274s] -- Check for working C compiler: /usr/bin/cc
[0.327s] -- Check for working C compiler: /usr/bin/cc -- works
[0.328s] -- Detecting C compiler ABI info
[0.381s] -- Detecting C compiler ABI info - done
[0.391s] -- Detecting C compile features
[0.391s] -- Detecting C compile features - done
[0.394s] -- Check for working CXX compiler: /usr/bin/c++
[0.456s] -- Check for working CXX compiler: /usr/bin/c++ -- works
[0.457s] -- Detecting CXX compiler ABI info
[0.521s] -- Detecting CXX compiler ABI info - done
[0.531s] -- Detecting CXX compile features
[0.531s] -- Detecting CXX compile features - done
[0.533s] -- Found ament_cmake: 0.9.8 (/opt/ros/foxy/share/ament_cmake/cmake)
[0.554s] -- Found PythonInterp: /usr/bin/python3 (found suitable version "3.8.5", minimum required is "3") 
[0.554s] -- Using PYTHON_EXECUTABLE: /usr/bin/python3
[0.712s] -- Found rclcpp: 2.3.1 (/opt/ros/foxy/share/rclcpp/cmake)
[0.750s] -- Using all available rosidl_typesupport_c: rosidl_typesupport_fastrtps_c;rosidl_typesupport_introspection_c
[0.756s] -- Found rosidl_adapter: 1.2.1 (/opt/ros/foxy/share/rosidl_adapter/cmake)
[0.823s] -- Found OpenSSL: /usr/lib/x86_64-linux-gnu/libcrypto.so (found version "1.1.1f")  
[0.854s] -- Found FastRTPS: /opt/ros/foxy/include  
[0.930s] -- Using all available rosidl_typesupport_cpp: rosidl_typesupport_fastrtps_cpp;rosidl_typesupport_introspection_cpp
[0.976s] -- Found rmw_implementation_cmake: 1.0.3 (/opt/ros/foxy/share/rmw_implementation_cmake/cmake)
[0.977s] -- Using RMW implementation 'rmw_fastrtps_cpp' as default
[0.978s] -- Looking for pthread.h
[1.033s] -- Looking for pthread.h - found
[1.034s] -- Performing Test CMAKE_HAVE_LIBC_PTHREAD
[1.090s] -- Performing Test CMAKE_HAVE_LIBC_PTHREAD - Failed
[1.090s] -- Looking for pthread_create in pthreads
[1.134s] -- Looking for pthread_create in pthreads - not found
[1.134s] -- Looking for pthread_create in pthread
[1.187s] -- Looking for pthread_create in pthread - found
[1.188s] -- Found Threads: TRUE  
[1.315s] -- Found rclpy: 1.0.5 (/opt/ros/foxy/share/rclpy/cmake)
[1.316s] -- Found geometry_msgs: 2.0.4 (/opt/ros/foxy/share/geometry_msgs/cmake)
[1.345s] -- Found nav_msgs: 2.0.4 (/opt/ros/foxy/share/nav_msgs/cmake)
[1.406s] -- Found ackermann_msgs: 2.0.2 (/opt/ros/foxy/share/ackermann_msgs/cmake)
[1.436s] -- Found sensor_msgs: 2.0.4 (/opt/ros/foxy/share/sensor_msgs/cmake)
[1.496s] -- Found visualization_msgs: 2.0.4 (/opt/ros/foxy/share/visualization_msgs/cmake)
[1.559s] -- Found tf2_ros: 0.13.10 (/opt/ros/foxy/share/tf2_ros/cmake)
[1.878s] -- Found ament_lint_auto: 0.9.6 (/opt/ros/foxy/share/ament_lint_auto/cmake)
[1.943s] -- Added test 'copyright' to check source files copyright and LICENSE
[1.944s] -- Added test 'cppcheck' to perform static code analysis on C / C++ code
[1.944s] -- Configured cppcheck include dirs: /sim_ws/src/pure_pursuit/include
[1.944s] -- Configured cppcheck exclude dirs and/or files: 
[1.945s] -- Added test 'cpplint' to check C / C++ code against the Google style
[1.945s] -- Configured cpplint exclude dirs and/or files: 
[1.945s] -- Added test 'flake8' to check Python code syntax and style conventions
[1.946s] -- Added test 'lint_cmake' to check CMake code style
[1.946s] -- Added test 'pep257' to check Python code against some of the style conventions in PEP 257
[1.947s] -- Added test 'uncrustify' to check C / C++ code style
[1.947s] -- Configured uncrustify additional arguments: 
[1.947s] -- Added test 'xmllint' to check XML markup files
[1.950s] -- Configuring done
[1.964s] -- Generating done
[1.965s] -- Build files have been written to: /sim_ws/src/build/pure_pursuit
[1.973s] Invoked command in '/sim_ws/src/build/pure_pursuit' returned '0': CMAKE_PREFIX_PATH=/opt/ros/foxy /usr/bin/cmake /sim_ws/src/pure_pursuit -DCMAKE_INSTALL_PREFIX=/sim_ws/src/install/pure_pursuit
[1.974s] Invoking command in '/sim_ws/src/build/pure_pursuit': CMAKE_PREFIX_PATH=/opt/ros/foxy /usr/bin/cmake --build /sim_ws/src/build/pure_pursuit -- -j12 -l12
[2.012s] [35m[1mScanning dependencies of target pure_pursuit_node[0m
[2.042s] [ 50%] [32mBuilding CXX object CMakeFiles/pure_pursuit_node.dir/src/pure_pursuit_node.cpp.o[0m
[3.125s] [01m[K/sim_ws/src/pure_pursuit/src/pure_pursuit_node.cpp:32:81:[m[K [01;35m[Kwarning: [m[K‘[01m[Kgeometry_msgs::msg::PoseStamped_<std::allocator<void> >::ConstPtr[m[K’ is deprecated [[01;35m[K-Wdeprecated-declarations[m[K]
[3.125s]    32 |     void pose_callback(const geometry_msgs::msg::PoseStamped::ConstPtr &pose_msg[01;35m[K)[m[K
[3.125s]       |                                                                                 [01;35m[K^[m[K
[3.126s] In file included from [01m[K/opt/ros/foxy/include/geometry_msgs/msg/pose_stamped.hpp:7[m[K,
[3.126s]                  from [01m[K/sim_ws/src/pure_pursuit/src/pure_pursuit_node.cpp:10[m[K:
[3.126s] [01m[K/opt/ros/foxy/include/geometry_msgs/msg/detail/pose_stamped__struct.hpp:114:5:[m[K [01;36m[Knote: [m[Kdeclared here
[3.126s]   114 |     [01;36m[KConstPtr[m[K;
[3.126s]       |     [01;36m[K^~~~~~~~[m[K
[3.126s] [01m[K/sim_ws/src/pure_pursuit/src/pure_pursuit_node.cpp:[m[K In member function ‘[01m[Kvoid PurePursuit::pose_callback(const ConstPtr&)[m[K’:
[3.126s] [01m[K/sim_ws/src/pure_pursuit/src/pure_pursuit_node.cpp:32:73:[m[K [01;35m[Kwarning: [m[Kunused parameter ‘[01m[Kpose_msg[m[K’ [[01;35m[K-Wunused-parameter[m[K]
[3.126s]    32 |     void pose_callback([01;35m[Kconst geometry_msgs::msg::PoseStamped::ConstPtr &pose_msg[m[K)
[3.126s]       |                        [01;35m[K~~~~~~~~~~~~~~~~~~~~~~~~~~~~~~~~~~~~~~~~~~~~~~~~~^~~~~~~~[m[K
[3.562s] [100%] [32m[1mLinking CXX executable pure_pursuit_node[0m
[3.662s] [100%] Built target pure_pursuit_node
[3.672s] Invoked command in '/sim_ws/src/build/pure_pursuit' returned '0': CMAKE_PREFIX_PATH=/opt/ros/foxy /usr/bin/cmake --build /sim_ws/src/build/pure_pursuit -- -j12 -l12
[3.690s] Invoking command in '/sim_ws/src/build/pure_pursuit': CMAKE_PREFIX_PATH=/opt/ros/foxy /usr/bin/cmake --install /sim_ws/src/build/pure_pursuit
[3.696s] -- Install configuration: ""
[3.696s] -- Installing: /sim_ws/src/install/pure_pursuit/lib/pure_pursuit/pure_pursuit_node
[3.696s] -- Set runtime path of "/sim_ws/src/install/pure_pursuit/lib/pure_pursuit/pure_pursuit_node" to ""
[3.697s] -- Installing: /sim_ws/src/install/pure_pursuit/share/pure_pursuit/environment/pythonpath.sh
[3.697s] -- Installing: /sim_ws/src/install/pure_pursuit/share/pure_pursuit/environment/pythonpath.dsv
[3.697s] -- Installing: /sim_ws/src/install/pure_pursuit/lib/python3.8/site-packages/pure_pursuit
[3.697s] -- Installing: /sim_ws/src/install/pure_pursuit/lib/python3.8/site-packages/pure_pursuit/__init__.py
[3.720s] Listing '/sim_ws/src/install/pure_pursuit/lib/python3.8/site-packages/pure_pursuit'...
[3.720s] Compiling '/sim_ws/src/install/pure_pursuit/lib/python3.8/site-packages/pure_pursuit/__init__.py'...
[3.723s] -- Installing: /sim_ws/src/install/pure_pursuit/lib/pure_pursuit/pure_pursuit_node.py
[3.723s] -- Installing: /sim_ws/src/install/pure_pursuit/share/ament_index/resource_index/package_run_dependencies/pure_pursuit
[3.723s] -- Installing: /sim_ws/src/install/pure_pursuit/share/ament_index/resource_index/parent_prefix_path/pure_pursuit
[3.723s] -- Installing: /sim_ws/src/install/pure_pursuit/share/pure_pursuit/environment/ament_prefix_path.sh
[3.723s] -- Installing: /sim_ws/src/install/pure_pursuit/share/pure_pursuit/environment/ament_prefix_path.dsv
[3.724s] -- Installing: /sim_ws/src/install/pure_pursuit/share/pure_pursuit/environment/path.sh
[3.724s] -- Installing: /sim_ws/src/install/pure_pursuit/share/pure_pursuit/environment/path.dsv
[3.724s] -- Installing: /sim_ws/src/install/pure_pursuit/share/pure_pursuit/local_setup.bash
[3.724s] -- Installing: /sim_ws/src/install/pure_pursuit/share/pure_pursuit/local_setup.sh
[3.724s] -- Installing: /sim_ws/src/install/pure_pursuit/share/pure_pursuit/local_setup.zsh
[3.726s] -- Installing: /sim_ws/src/install/pure_pursuit/share/pure_pursuit/local_setup.dsv
[3.726s] -- Installing: /sim_ws/src/install/pure_pursuit/share/pure_pursuit/package.dsv
[3.726s] -- Installing: /sim_ws/src/install/pure_pursuit/share/ament_index/resource_index/packages/pure_pursuit
[3.726s] -- Installing: /sim_ws/src/install/pure_pursuit/share/pure_pursuit/cmake/pure_pursuitConfig.cmake
[3.726s] -- Installing: /sim_ws/src/install/pure_pursuit/share/pure_pursuit/cmake/pure_pursuitConfig-version.cmake
[3.727s] -- Installing: /sim_ws/src/install/pure_pursuit/share/pure_pursuit/package.xml
[3.735s] Invoked command in '/sim_ws/src/build/pure_pursuit' returned '0': CMAKE_PREFIX_PATH=/opt/ros/foxy /usr/bin/cmake --install /sim_ws/src/build/pure_pursuit
