[100%] Built target pure_pursuit_node
-- Install configuration: ""
-- Up-to-date: /sim_ws/src/install/pure_pursuit_sim/lib/pure_pursuit_sim/pure_pursuit_node
-- Up-to-date: /sim_ws/src/install/pure_pursuit_sim/share/pure_pursuit_sim/environment/pythonpath.sh
-- Up-to-date: /sim_ws/src/install/pure_pursuit_sim/share/pure_pursuit_sim/environment/pythonpath.dsv
-- Up-to-date: /sim_ws/src/install/pure_pursuit_sim/lib/python3.8/site-packages/pure_pursuit_sim
-- Up-to-date: /sim_ws/src/install/pure_pursuit_sim/lib/python3.8/site-packages/pure_pursuit_sim/__init__.py
Listing '/sim_ws/src/install/pure_pursuit_sim/lib/python3.8/site-packages/pure_pursuit_sim'...
-- Installing: /sim_ws/src/install/pure_pursuit_sim/lib/pure_pursuit_sim/pure_pursuit_node.py
-- Up-to-date: /sim_ws/src/install/pure_pursuit_sim/lib/pure_pursuit_sim/waypoint_logger.py
-- Up-to-date: /sim_ws/src/install/pure_pursuit_sim/share/ament_index/resource_index/package_run_dependencies/pure_pursuit_sim
-- Up-to-date: /sim_ws/src/install/pure_pursuit_sim/share/ament_index/resource_index/parent_prefix_path/pure_pursuit_sim
-- Up-to-date: /sim_ws/src/install/pure_pursuit_sim/share/pure_pursuit_sim/environment/ament_prefix_path.sh
-- Up-to-date: /sim_ws/src/install/pure_pursuit_sim/share/pure_pursuit_sim/environment/ament_prefix_path.dsv
-- Up-to-date: /sim_ws/src/install/pure_pursuit_sim/share/pure_pursuit_sim/environment/path.sh
-- Up-to-date: /sim_ws/src/install/pure_pursuit_sim/share/pure_pursuit_sim/environment/path.dsv
-- Up-to-date: /sim_ws/src/install/pure_pursuit_sim/share/pure_pursuit_sim/local_setup.bash
-- Up-to-date: /sim_ws/src/install/pure_pursuit_sim/share/pure_pursuit_sim/local_setup.sh
-- Up-to-date: /sim_ws/src/install/pure_pursuit_sim/share/pure_pursuit_sim/local_setup.zsh
-- Up-to-date: /sim_ws/src/install/pure_pursuit_sim/share/pure_pursuit_sim/local_setup.dsv
-- Installing: /sim_ws/src/install/pure_pursuit_sim/share/pure_pursuit_sim/package.dsv
-- Up-to-date: /sim_ws/src/install/pure_pursuit_sim/share/ament_index/resource_index/packages/pure_pursuit_sim
-- Up-to-date: /sim_ws/src/install/pure_pursuit_sim/share/pure_pursuit_sim/cmake/pure_pursuit_simConfig.cmake
-- Up-to-date: /sim_ws/src/install/pure_pursuit_sim/share/pure_pursuit_sim/cmake/pure_pursuit_simConfig-version.cmake
-- Up-to-date: /sim_ws/src/install/pure_pursuit_sim/share/pure_pursuit_sim/package.xml
