[0.197s] Invoking command in '/sim_ws/src/build/safety_node': CMAKE_PREFIX_PATH=/opt/ros/foxy /usr/bin/cmake --build /sim_ws/src/build/safety_node -- -j12 -l12
[0.248s] [100%] Built target safety_node
[0.260s] Invoked command in '/sim_ws/src/build/safety_node' returned '0': CMAKE_PREFIX_PATH=/opt/ros/foxy /usr/bin/cmake --build /sim_ws/src/build/safety_node -- -j12 -l12
[0.287s] Invoking command in '/sim_ws/src/build/safety_node': CMAKE_PREFIX_PATH=/opt/ros/foxy /usr/bin/cmake --install /sim_ws/src/build/safety_node
[0.298s] -- Install configuration: ""
[0.298s] -- Up-to-date: /sim_ws/src/install/safety_node/lib/safety_node/safety_node
[0.299s] -- Up-to-date: /sim_ws/src/install/safety_node/share/safety_node/environment/pythonpath.sh
[0.299s] -- Up-to-date: /sim_ws/src/install/safety_node/share/safety_node/environment/pythonpath.dsv
[0.299s] -- Up-to-date: /sim_ws/src/install/safety_node/lib/python3.8/site-packages/safety_node
[0.299s] -- Up-to-date: /sim_ws/src/install/safety_node/lib/python3.8/site-packages/safety_node/__init__.py
[0.324s] Listing '/sim_ws/src/install/safety_node/lib/python3.8/site-packages/safety_node'...
[0.332s] -- Up-to-date: /sim_ws/src/install/safety_node/lib/safety_node/safety_node.py
[0.332s] -- Up-to-date: /sim_ws/src/install/safety_node/share/ament_index/resource_index/package_run_dependencies/safety_node
[0.333s] -- Up-to-date: /sim_ws/src/install/safety_node/share/ament_index/resource_index/parent_prefix_path/safety_node
[0.333s] -- Up-to-date: /sim_ws/src/install/safety_node/share/safety_node/environment/ament_prefix_path.sh
[0.333s] -- Up-to-date: /sim_ws/src/install/safety_node/share/safety_node/environment/ament_prefix_path.dsv
[0.333s] -- Up-to-date: /sim_ws/src/install/safety_node/share/safety_node/environment/path.sh
[0.334s] -- Up-to-date: /sim_ws/src/install/safety_node/share/safety_node/environment/path.dsv
[0.335s] -- Up-to-date: /sim_ws/src/install/safety_node/share/safety_node/local_setup.bash
[0.335s] -- Up-to-date: /sim_ws/src/install/safety_node/share/safety_node/local_setup.sh
[0.335s] -- Up-to-date: /sim_ws/src/install/safety_node/share/safety_node/local_setup.zsh
[0.335s] -- Up-to-date: /sim_ws/src/install/safety_node/share/safety_node/local_setup.dsv
[0.335s] -- Installing: /sim_ws/src/install/safety_node/share/safety_node/package.dsv
[0.336s] -- Up-to-date: /sim_ws/src/install/safety_node/share/ament_index/resource_index/packages/safety_node
[0.336s] -- Up-to-date: /sim_ws/src/install/safety_node/share/safety_node/cmake/safety_nodeConfig.cmake
[0.336s] -- Up-to-date: /sim_ws/src/install/safety_node/share/safety_node/cmake/safety_nodeConfig-version.cmake
[0.336s] -- Up-to-date: /sim_ws/src/install/safety_node/share/safety_node/package.xml
[0.371s] Invoked command in '/sim_ws/src/build/safety_node' returned '0': CMAKE_PREFIX_PATH=/opt/ros/foxy /usr/bin/cmake --install /sim_ws/src/build/safety_node
