[0.181s] Invoking command in '/sim_ws/src/build/wall_follow': CMAKE_PREFIX_PATH=/opt/ros/foxy /usr/bin/cmake /sim_ws/src/wall_follow -DCMAKE_INSTALL_PREFIX=/sim_ws/src/install/wall_follow
[0.230s] -- The C compiler identification is GNU 9.3.0
[0.276s] -- The CXX compiler identification is GNU 9.3.0
[0.280s] -- Check for working C compiler: /usr/bin/cc
[0.334s] -- Check for working C compiler: /usr/bin/cc -- works
[0.335s] -- Detecting C compiler ABI info
[0.392s] -- Detecting C compiler ABI info - done
[0.402s] -- Detecting C compile features
[0.402s] -- Detecting C compile features - done
[0.405s] -- Check for working CXX compiler: /usr/bin/c++
[0.467s] -- Check for working CXX compiler: /usr/bin/c++ -- works
[0.468s] -- Detecting CXX compiler ABI info
[0.532s] -- Detecting CXX compiler ABI info - done
[0.544s] -- Detecting CXX compile features
[0.544s] -- Detecting CXX compile features - done
[0.546s] -- Found ament_cmake: 0.9.8 (/opt/ros/foxy/share/ament_cmake/cmake)
[0.567s] -- Found PythonInterp: /usr/bin/python3 (found suitable version "3.8.5", minimum required is "3") 
[0.567s] -- Using PYTHON_EXECUTABLE: /usr/bin/python3
[0.727s] -- Found rclcpp: 2.3.1 (/opt/ros/foxy/share/rclcpp/cmake)
[0.763s] -- Using all available rosidl_typesupport_c: rosidl_typesupport_fastrtps_c;rosidl_typesupport_introspection_c
[0.769s] -- Found rosidl_adapter: 1.2.1 (/opt/ros/foxy/share/rosidl_adapter/cmake)
[0.833s] -- Found OpenSSL: /usr/lib/x86_64-linux-gnu/libcrypto.so (found version "1.1.1f")  
[0.857s] -- Found FastRTPS: /opt/ros/foxy/include  
[0.925s] -- Using all available rosidl_typesupport_cpp: rosidl_typesupport_fastrtps_cpp;rosidl_typesupport_introspection_cpp
[0.972s] -- Found rmw_implementation_cmake: 1.0.3 (/opt/ros/foxy/share/rmw_implementation_cmake/cmake)
[0.974s] -- Using RMW implementation 'rmw_fastrtps_cpp' as default
[0.974s] -- Looking for pthread.h
[1.032s] -- Looking for pthread.h - found
[1.032s] -- Performing Test CMAKE_HAVE_LIBC_PTHREAD
[1.093s] -- Performing Test CMAKE_HAVE_LIBC_PTHREAD - Failed
[1.093s] -- Looking for pthread_create in pthreads
[1.137s] -- Looking for pthread_create in pthreads - not found
[1.137s] -- Looking for pthread_create in pthread
[1.193s] -- Looking for pthread_create in pthread - found
[1.193s] -- Found Threads: TRUE  
[1.321s] -- Found rclpy: 1.0.5 (/opt/ros/foxy/share/rclpy/cmake)
[1.322s] -- Found geometry_msgs: 2.0.4 (/opt/ros/foxy/share/geometry_msgs/cmake)
[1.352s] -- Found nav_msgs: 2.0.4 (/opt/ros/foxy/share/nav_msgs/cmake)
[1.414s] -- Found ackermann_msgs: 2.0.2 (/opt/ros/foxy/share/ackermann_msgs/cmake)
[1.443s] -- Found sensor_msgs: 2.0.4 (/opt/ros/foxy/share/sensor_msgs/cmake)
[1.527s] -- Found ament_lint_auto: 0.9.6 (/opt/ros/foxy/share/ament_lint_auto/cmake)
[1.592s] -- Added test 'copyright' to check source files copyright and LICENSE
[1.593s] -- Added test 'cppcheck' to perform static code analysis on C / C++ code
[1.593s] -- Configured cppcheck include dirs: /sim_ws/src/wall_follow/include
[1.593s] -- Configured cppcheck exclude dirs and/or files: 
[1.594s] -- Added test 'cpplint' to check C / C++ code against the Google style
[1.594s] -- Configured cpplint exclude dirs and/or files: 
[1.595s] -- Added test 'flake8' to check Python code syntax and style conventions
[1.595s] -- Added test 'lint_cmake' to check CMake code style
[1.595s] -- Added test 'pep257' to check Python code against some of the style conventions in PEP 257
[1.596s] -- Added test 'uncrustify' to check C / C++ code style
[1.596s] -- Configured uncrustify additional arguments: 
[1.596s] -- Added test 'xmllint' to check XML markup files
[1.599s] -- Configuring done
[1.608s] -- Generating done
[1.609s] -- Build files have been written to: /sim_ws/src/build/wall_follow
[1.616s] Invoked command in '/sim_ws/src/build/wall_follow' returned '0': CMAKE_PREFIX_PATH=/opt/ros/foxy /usr/bin/cmake /sim_ws/src/wall_follow -DCMAKE_INSTALL_PREFIX=/sim_ws/src/install/wall_follow
[1.619s] Invoking command in '/sim_ws/src/build/wall_follow': CMAKE_PREFIX_PATH=/opt/ros/foxy /usr/bin/cmake --build /sim_ws/src/build/wall_follow -- -j12 -l12
[1.651s] [35m[1mScanning dependencies of target wall_follow_node[0m
[1.681s] [ 50%] [32mBuilding CXX object CMakeFiles/wall_follow_node.dir/src/wall_follow_node.cpp.o[0m
[2.719s] [01m[K/sim_ws/src/wall_follow/src/wall_follow_node.cpp:[m[K In member function ‘[01m[Kdouble WallFollow::get_range(float*, double)[m[K’:
[2.720s] [01m[K/sim_ws/src/wall_follow/src/wall_follow_node.cpp:30:29:[m[K [01;35m[Kwarning: [m[Kunused parameter ‘[01m[Krange_data[m[K’ [[01;35m[K-Wunused-parameter[m[K]
[2.720s]    30 |     double get_range([01;35m[Kfloat* range_data[m[K, double angle)
[2.720s]       |                      [01;35m[K~~~~~~~^~~~~~~~~~[m[K
[2.720s] [01m[K/sim_ws/src/wall_follow/src/wall_follow_node.cpp:30:48:[m[K [01;35m[Kwarning: [m[Kunused parameter ‘[01m[Kangle[m[K’ [[01;35m[K-Wunused-parameter[m[K]
[2.720s]    30 |     double get_range(float* range_data, [01;35m[Kdouble angle[m[K)
[2.720s]       |                                         [01;35m[K~~~~~~~^~~~~[m[K
[2.720s] [01m[K/sim_ws/src/wall_follow/src/wall_follow_node.cpp:[m[K In member function ‘[01m[Kdouble WallFollow::get_error(float*, double)[m[K’:
[2.720s] [01m[K/sim_ws/src/wall_follow/src/wall_follow_node.cpp:47:29:[m[K [01;35m[Kwarning: [m[Kunused parameter ‘[01m[Krange_data[m[K’ [[01;35m[K-Wunused-parameter[m[K]
[2.720s]    47 |     double get_error([01;35m[Kfloat* range_data[m[K, double dist)
[2.720s]       |                      [01;35m[K~~~~~~~^~~~~~~~~~[m[K
[2.720s] [01m[K/sim_ws/src/wall_follow/src/wall_follow_node.cpp:47:48:[m[K [01;35m[Kwarning: [m[Kunused parameter ‘[01m[Kdist[m[K’ [[01;35m[K-Wunused-parameter[m[K]
[2.720s]    47 |     double get_error(float* range_data, [01;35m[Kdouble dist[m[K)
[2.720s]       |                                         [01;35m[K~~~~~~~^~~~[m[K
[2.720s] [01m[K/sim_ws/src/wall_follow/src/wall_follow_node.cpp:[m[K In member function ‘[01m[Kvoid WallFollow::pid_control(double, double)[m[K’:
[2.720s] [01m[K/sim_ws/src/wall_follow/src/wall_follow_node.cpp:76:16:[m[K [01;35m[Kwarning: [m[Kunused variable ‘[01m[Kangle[m[K’ [[01;35m[K-Wunused-variable[m[K]
[2.720s]    76 |         double [01;35m[Kangle[m[K = 0.0;
[2.721s]       |                [01;35m[K^~~~~[m[K
[2.721s] [01m[K/sim_ws/src/wall_follow/src/wall_follow_node.cpp:64:29:[m[K [01;35m[Kwarning: [m[Kunused parameter ‘[01m[Kerror[m[K’ [[01;35m[K-Wunused-parameter[m[K]
[2.721s]    64 |     void pid_control([01;35m[Kdouble error[m[K, double velocity)
[2.721s]       |                      [01;35m[K~~~~~~~^~~~~[m[K
[2.721s] [01m[K/sim_ws/src/wall_follow/src/wall_follow_node.cpp:64:43:[m[K [01;35m[Kwarning: [m[Kunused parameter ‘[01m[Kvelocity[m[K’ [[01;35m[K-Wunused-parameter[m[K]
[2.721s]    64 |     void pid_control(double error, [01;35m[Kdouble velocity[m[K)
[2.721s]       |                                    [01;35m[K~~~~~~~^~~~~~~~[m[K
[2.722s] [01m[K/sim_ws/src/wall_follow/src/wall_follow_node.cpp:[m[K In member function ‘[01m[Kvoid WallFollow::scan_callback(sensor_msgs::msg::LaserScan_<std::allocator<void> >::ConstSharedPtr)[m[K’:
[2.722s] [01m[K/sim_ws/src/wall_follow/src/wall_follow_node.cpp:93:16:[m[K [01;35m[Kwarning: [m[Kunused variable ‘[01m[Kerror[m[K’ [[01;35m[K-Wunused-variable[m[K]
[2.722s]    93 |         double [01;35m[Kerror[m[K = 0.0; // TODO: replace with error calculated by get_error()
[2.722s]       |                [01;35m[K^~~~~[m[K
[2.722s] [01m[K/sim_ws/src/wall_follow/src/wall_follow_node.cpp:94:16:[m[K [01;35m[Kwarning: [m[Kunused variable ‘[01m[Kvelocity[m[K’ [[01;35m[K-Wunused-variable[m[K]
[2.722s]    94 |         double [01;35m[Kvelocity[m[K = 0.0; // TODO: calculate desired car velocity based on error
[2.722s]       |                [01;35m[K^~~~~~~~[m[K
[2.722s] [01m[K/sim_ws/src/wall_follow/src/wall_follow_node.cpp:82:74:[m[K [01;35m[Kwarning: [m[Kunused parameter ‘[01m[Kscan_msg[m[K’ [[01;35m[K-Wunused-parameter[m[K]
[2.722s]    82 |     void scan_callback([01;35m[Kconst sensor_msgs::msg::LaserScan::ConstSharedPtr scan_msg[m[K)
[2.722s]       |                        [01;35m[K~~~~~~~~~~~~~~~~~~~~~~~~~~~~~~~~~~~~~~~~~~~~~~~~~~^~~~~~~~[m[K
[3.121s] [100%] [32m[1mLinking CXX executable wall_follow_node[0m
[3.232s] [100%] Built target wall_follow_node
[3.248s] Invoked command in '/sim_ws/src/build/wall_follow' returned '0': CMAKE_PREFIX_PATH=/opt/ros/foxy /usr/bin/cmake --build /sim_ws/src/build/wall_follow -- -j12 -l12
[3.267s] Invoking command in '/sim_ws/src/build/wall_follow': CMAKE_PREFIX_PATH=/opt/ros/foxy /usr/bin/cmake --install /sim_ws/src/build/wall_follow
[3.274s] -- Install configuration: ""
[3.274s] -- Installing: /sim_ws/src/install/wall_follow/lib/wall_follow/wall_follow_node
[3.274s] -- Set runtime path of "/sim_ws/src/install/wall_follow/lib/wall_follow/wall_follow_node" to ""
[3.274s] -- Installing: /sim_ws/src/install/wall_follow/share/wall_follow/environment/pythonpath.sh
[3.275s] -- Installing: /sim_ws/src/install/wall_follow/share/wall_follow/environment/pythonpath.dsv
[3.275s] -- Installing: /sim_ws/src/install/wall_follow/lib/python3.8/site-packages/wall_follow
[3.275s] -- Installing: /sim_ws/src/install/wall_follow/lib/python3.8/site-packages/wall_follow/__init__.py
[3.301s] Listing '/sim_ws/src/install/wall_follow/lib/python3.8/site-packages/wall_follow'...
[3.301s] Compiling '/sim_ws/src/install/wall_follow/lib/python3.8/site-packages/wall_follow/__init__.py'...
[3.304s] -- Installing: /sim_ws/src/install/wall_follow/lib/wall_follow/wall_follow_node.py
[3.305s] -- Installing: /sim_ws/src/install/wall_follow/share/ament_index/resource_index/package_run_dependencies/wall_follow
[3.305s] -- Installing: /sim_ws/src/install/wall_follow/share/ament_index/resource_index/parent_prefix_path/wall_follow
[3.305s] -- Installing: /sim_ws/src/install/wall_follow/share/wall_follow/environment/ament_prefix_path.sh
[3.305s] -- Installing: /sim_ws/src/install/wall_follow/share/wall_follow/environment/ament_prefix_path.dsv
[3.305s] -- Installing: /sim_ws/src/install/wall_follow/share/wall_follow/environment/path.sh
[3.305s] -- Installing: /sim_ws/src/install/wall_follow/share/wall_follow/environment/path.dsv
[3.305s] -- Installing: /sim_ws/src/install/wall_follow/share/wall_follow/local_setup.bash
[3.305s] -- Installing: /sim_ws/src/install/wall_follow/share/wall_follow/local_setup.sh
[3.305s] -- Installing: /sim_ws/src/install/wall_follow/share/wall_follow/local_setup.zsh
[3.305s] -- Installing: /sim_ws/src/install/wall_follow/share/wall_follow/local_setup.dsv
[3.306s] -- Installing: /sim_ws/src/install/wall_follow/share/wall_follow/package.dsv
[3.306s] -- Installing: /sim_ws/src/install/wall_follow/share/ament_index/resource_index/packages/wall_follow
[3.306s] -- Installing: /sim_ws/src/install/wall_follow/share/wall_follow/cmake/wall_followConfig.cmake
[3.306s] -- Installing: /sim_ws/src/install/wall_follow/share/wall_follow/cmake/wall_followConfig-version.cmake
[3.306s] -- Installing: /sim_ws/src/install/wall_follow/share/wall_follow/package.xml
[3.310s] Invoked command in '/sim_ws/src/build/wall_follow' returned '0': CMAKE_PREFIX_PATH=/opt/ros/foxy /usr/bin/cmake --install /sim_ws/src/build/wall_follow
