[0.267s] DEBUG:colcon:Command line arguments: ['/usr/bin/colcon', 'build']
[0.267s] DEBUG:colcon:Parsed command line arguments: Namespace(ament_cmake_args=None, base_paths=['.'], build_base='build', catkin_cmake_args=None, catkin_skip_building_tests=False, cmake_args=None, cmake_clean_cache=False, cmake_clean_first=False, cmake_force_configure=False, cmake_target=None, cmake_target_skip_unavailable=False, continue_on_error=False, event_handlers=None, executor='parallel', ignore_user_meta=False, install_base='install', log_base=None, log_level=None, main=<bound method BuildVerb.main of <colcon_core.verb.build.BuildVerb object at 0x7f088a1e2850>>, merge_install=False, metas=['./colcon.meta'], mixin=None, mixin_files=None, mixin_verb=('build',), packages_above=None, packages_above_and_dependencies=None, packages_above_depth=None, packages_end=None, packages_ignore=None, packages_ignore_regex=None, packages_select=None, packages_select_build_failed=False, packages_select_by_dep=None, packages_select_regex=None, packages_select_test_failures=False, packages_skip=None, packages_skip_build_finished=False, packages_skip_by_dep=None, packages_skip_regex=None, packages_skip_test_passed=False, packages_skip_up_to=None, packages_start=None, packages_up_to=None, packages_up_to_regex=None, parallel_workers=12, paths=None, symlink_install=False, test_result_base=None, verb_extension=<colcon_core.verb.build.BuildVerb object at 0x7f088a1e2850>, verb_name='build', verb_parser=<colcon_mixin.mixin.mixin_argument.MixinArgumentDecorator object at 0x7f088a1e2e20>)
[0.271s] Level 1:colcon.colcon_core.package_discovery:discover_packages(colcon_meta) check parameters
[0.272s] INFO:colcon.colcon_metadata.package_discovery.colcon_meta:Using configuration from '/root/.colcon/metadata/default/Gazebo.meta'
[0.273s] INFO:colcon.colcon_metadata.package_discovery.colcon_meta:Using configuration from '/root/.colcon/metadata/default/fastrtps.meta'
[0.273s] Level 1:colcon.colcon_core.package_discovery:discover_packages(recursive) check parameters
[0.273s] Level 1:colcon.colcon_core.package_discovery:discover_packages(ignore) check parameters
[0.273s] Level 1:colcon.colcon_core.package_discovery:discover_packages(path) check parameters
[0.273s] Level 1:colcon.colcon_core.package_discovery:discover_packages(colcon_meta) discover
[0.273s] Level 1:colcon.colcon_core.package_discovery:discover_packages(recursive) discover
[0.273s] INFO:colcon.colcon_core.package_discovery:Crawling recursively for packages in '/sim_ws/src'
[0.273s] Level 1:colcon.colcon_core.package_identification:_identify(.) by extensions ['ignore', 'ignore_ament_install']
[0.273s] Level 1:colcon.colcon_core.package_identification:_identify(.) by extension 'ignore'
[0.273s] Level 1:colcon.colcon_core.package_identification:_identify(.) by extension 'ignore_ament_install'
[0.273s] Level 1:colcon.colcon_core.package_identification:_identify(.) by extensions ['colcon_pkg']
[0.273s] Level 1:colcon.colcon_core.package_identification:_identify(.) by extension 'colcon_pkg'
[0.273s] Level 1:colcon.colcon_core.package_identification:_identify(.) by extensions ['colcon_meta']
[0.273s] Level 1:colcon.colcon_core.package_identification:_identify(.) by extension 'colcon_meta'
[0.273s] Level 1:colcon.colcon_core.package_identification:_identify(.) by extensions ['ros']
[0.273s] Level 1:colcon.colcon_core.package_identification:_identify(.) by extension 'ros'
[0.283s] Level 1:colcon.colcon_core.package_identification:_identify(.) by extensions ['cmake', 'python']
[0.283s] Level 1:colcon.colcon_core.package_identification:_identify(.) by extension 'cmake'
[0.283s] Level 1:colcon.colcon_core.package_identification:_identify(.) by extension 'python'
[0.283s] Level 1:colcon.colcon_core.package_identification:_identify(.) by extensions ['python_setup_py']
[0.283s] Level 1:colcon.colcon_core.package_identification:_identify(.) by extension 'python_setup_py'
[0.284s] Level 1:colcon.colcon_core.package_identification:_identify(build) by extensions ['ignore', 'ignore_ament_install']
[0.284s] Level 1:colcon.colcon_core.package_identification:_identify(build) by extension 'ignore'
[0.284s] Level 1:colcon.colcon_core.package_identification:_identify(build) ignored
[0.284s] Level 1:colcon.colcon_core.package_identification:_identify(f1tenth_gym_ros) by extensions ['ignore', 'ignore_ament_install']
[0.284s] Level 1:colcon.colcon_core.package_identification:_identify(f1tenth_gym_ros) by extension 'ignore'
[0.284s] Level 1:colcon.colcon_core.package_identification:_identify(f1tenth_gym_ros) by extension 'ignore_ament_install'
[0.284s] Level 1:colcon.colcon_core.package_identification:_identify(f1tenth_gym_ros) by extensions ['colcon_pkg']
[0.284s] Level 1:colcon.colcon_core.package_identification:_identify(f1tenth_gym_ros) by extension 'colcon_pkg'
[0.284s] Level 1:colcon.colcon_core.package_identification:_identify(f1tenth_gym_ros) by extensions ['colcon_meta']
[0.284s] Level 1:colcon.colcon_core.package_identification:_identify(f1tenth_gym_ros) by extension 'colcon_meta'
[0.284s] Level 1:colcon.colcon_core.package_identification:_identify(f1tenth_gym_ros) by extensions ['ros']
[0.284s] Level 1:colcon.colcon_core.package_identification:_identify(f1tenth_gym_ros) by extension 'ros'
[0.286s] DEBUG:colcon.colcon_core.package_identification:Package 'f1tenth_gym_ros' with type 'ros.ament_python' and name 'f1tenth_gym_ros'
[0.286s] Level 1:colcon.colcon_core.package_identification:_identify(gap_follow) by extensions ['ignore', 'ignore_ament_install']
[0.287s] Level 1:colcon.colcon_core.package_identification:_identify(gap_follow) by extension 'ignore'
[0.287s] Level 1:colcon.colcon_core.package_identification:_identify(gap_follow) by extension 'ignore_ament_install'
[0.287s] Level 1:colcon.colcon_core.package_identification:_identify(gap_follow) by extensions ['colcon_pkg']
[0.287s] Level 1:colcon.colcon_core.package_identification:_identify(gap_follow) by extension 'colcon_pkg'
[0.287s] Level 1:colcon.colcon_core.package_identification:_identify(gap_follow) by extensions ['colcon_meta']
[0.287s] Level 1:colcon.colcon_core.package_identification:_identify(gap_follow) by extension 'colcon_meta'
[0.287s] Level 1:colcon.colcon_core.package_identification:_identify(gap_follow) by extensions ['ros']
[0.287s] Level 1:colcon.colcon_core.package_identification:_identify(gap_follow) by extension 'ros'
[0.288s] DEBUG:colcon.colcon_core.package_identification:Package 'gap_follow' with type 'ros.ament_cmake' and name 'gap_follow'
[0.288s] Level 1:colcon.colcon_core.package_identification:_identify(install) by extensions ['ignore', 'ignore_ament_install']
[0.288s] Level 1:colcon.colcon_core.package_identification:_identify(install) by extension 'ignore'
[0.288s] Level 1:colcon.colcon_core.package_identification:_identify(install) ignored
[0.288s] Level 1:colcon.colcon_core.package_identification:_identify(log) by extensions ['ignore', 'ignore_ament_install']
[0.288s] Level 1:colcon.colcon_core.package_identification:_identify(log) by extension 'ignore'
[0.288s] Level 1:colcon.colcon_core.package_identification:_identify(log) ignored
[0.288s] Level 1:colcon.colcon_core.package_identification:_identify(pure_pursuit) by extensions ['ignore', 'ignore_ament_install']
[0.288s] Level 1:colcon.colcon_core.package_identification:_identify(pure_pursuit) by extension 'ignore'
[0.288s] Level 1:colcon.colcon_core.package_identification:_identify(pure_pursuit) by extension 'ignore_ament_install'
[0.288s] Level 1:colcon.colcon_core.package_identification:_identify(pure_pursuit) by extensions ['colcon_pkg']
[0.288s] Level 1:colcon.colcon_core.package_identification:_identify(pure_pursuit) by extension 'colcon_pkg'
[0.289s] Level 1:colcon.colcon_core.package_identification:_identify(pure_pursuit) by extensions ['colcon_meta']
[0.289s] Level 1:colcon.colcon_core.package_identification:_identify(pure_pursuit) by extension 'colcon_meta'
[0.289s] Level 1:colcon.colcon_core.package_identification:_identify(pure_pursuit) by extensions ['ros']
[0.289s] Level 1:colcon.colcon_core.package_identification:_identify(pure_pursuit) by extension 'ros'
[0.290s] DEBUG:colcon.colcon_core.package_identification:Package 'pure_pursuit' with type 'ros.ament_cmake' and name 'pure_pursuit'
[0.290s] Level 1:colcon.colcon_core.package_identification:_identify(pure_pursuit_sim) by extensions ['ignore', 'ignore_ament_install']
[0.290s] Level 1:colcon.colcon_core.package_identification:_identify(pure_pursuit_sim) by extension 'ignore'
[0.290s] Level 1:colcon.colcon_core.package_identification:_identify(pure_pursuit_sim) by extension 'ignore_ament_install'
[0.290s] Level 1:colcon.colcon_core.package_identification:_identify(pure_pursuit_sim) by extensions ['colcon_pkg']
[0.290s] Level 1:colcon.colcon_core.package_identification:_identify(pure_pursuit_sim) by extension 'colcon_pkg'
[0.290s] Level 1:colcon.colcon_core.package_identification:_identify(pure_pursuit_sim) by extensions ['colcon_meta']
[0.290s] Level 1:colcon.colcon_core.package_identification:_identify(pure_pursuit_sim) by extension 'colcon_meta'
[0.290s] Level 1:colcon.colcon_core.package_identification:_identify(pure_pursuit_sim) by extensions ['ros']
[0.290s] Level 1:colcon.colcon_core.package_identification:_identify(pure_pursuit_sim) by extension 'ros'
[0.291s] DEBUG:colcon.colcon_core.package_identification:Package 'pure_pursuit_sim' with type 'ros.ament_cmake' and name 'pure_pursuit_sim'
[0.291s] Level 1:colcon.colcon_core.package_identification:_identify(safety_node) by extensions ['ignore', 'ignore_ament_install']
[0.292s] Level 1:colcon.colcon_core.package_identification:_identify(safety_node) by extension 'ignore'
[0.292s] Level 1:colcon.colcon_core.package_identification:_identify(safety_node) by extension 'ignore_ament_install'
[0.292s] Level 1:colcon.colcon_core.package_identification:_identify(safety_node) by extensions ['colcon_pkg']
[0.292s] Level 1:colcon.colcon_core.package_identification:_identify(safety_node) by extension 'colcon_pkg'
[0.292s] Level 1:colcon.colcon_core.package_identification:_identify(safety_node) by extensions ['colcon_meta']
[0.292s] Level 1:colcon.colcon_core.package_identification:_identify(safety_node) by extension 'colcon_meta'
[0.292s] Level 1:colcon.colcon_core.package_identification:_identify(safety_node) by extensions ['ros']
[0.292s] Level 1:colcon.colcon_core.package_identification:_identify(safety_node) by extension 'ros'
[0.293s] DEBUG:colcon.colcon_core.package_identification:Package 'safety_node' with type 'ros.ament_cmake' and name 'safety_node'
[0.293s] Level 1:colcon.colcon_core.package_identification:_identify(wall_follow) by extensions ['ignore', 'ignore_ament_install']
[0.293s] Level 1:colcon.colcon_core.package_identification:_identify(wall_follow) by extension 'ignore'
[0.293s] Level 1:colcon.colcon_core.package_identification:_identify(wall_follow) by extension 'ignore_ament_install'
[0.293s] Level 1:colcon.colcon_core.package_identification:_identify(wall_follow) by extensions ['colcon_pkg']
[0.293s] Level 1:colcon.colcon_core.package_identification:_identify(wall_follow) by extension 'colcon_pkg'
[0.293s] Level 1:colcon.colcon_core.package_identification:_identify(wall_follow) by extensions ['colcon_meta']
[0.293s] Level 1:colcon.colcon_core.package_identification:_identify(wall_follow) by extension 'colcon_meta'
[0.293s] Level 1:colcon.colcon_core.package_identification:_identify(wall_follow) by extensions ['ros']
[0.293s] Level 1:colcon.colcon_core.package_identification:_identify(wall_follow) by extension 'ros'
[0.294s] DEBUG:colcon.colcon_core.package_identification:Package 'wall_follow' with type 'ros.ament_cmake' and name 'wall_follow'
[0.294s] Level 1:colcon.colcon_core.package_discovery:discover_packages(recursive) using defaults
[0.294s] Level 1:colcon.colcon_core.package_discovery:discover_packages(ignore) discover
[0.294s] Level 1:colcon.colcon_core.package_discovery:discover_packages(ignore) using defaults
[0.294s] Level 1:colcon.colcon_core.package_discovery:discover_packages(path) discover
[0.294s] Level 1:colcon.colcon_core.package_discovery:discover_packages(path) using defaults
[0.311s] Level 5:colcon.colcon_core.verb:set package 'f1tenth_gym_ros' build argument 'cmake_args' from command line to 'None'
[0.311s] Level 5:colcon.colcon_core.verb:set package 'f1tenth_gym_ros' build argument 'cmake_target' from command line to 'None'
[0.311s] Level 5:colcon.colcon_core.verb:set package 'f1tenth_gym_ros' build argument 'cmake_target_skip_unavailable' from command line to 'False'
[0.311s] Level 5:colcon.colcon_core.verb:set package 'f1tenth_gym_ros' build argument 'cmake_clean_cache' from command line to 'False'
[0.311s] Level 5:colcon.colcon_core.verb:set package 'f1tenth_gym_ros' build argument 'cmake_clean_first' from command line to 'False'
[0.311s] Level 5:colcon.colcon_core.verb:set package 'f1tenth_gym_ros' build argument 'cmake_force_configure' from command line to 'False'
[0.311s] Level 5:colcon.colcon_core.verb:set package 'f1tenth_gym_ros' build argument 'ament_cmake_args' from command line to 'None'
[0.311s] Level 5:colcon.colcon_core.verb:set package 'f1tenth_gym_ros' build argument 'catkin_cmake_args' from command line to 'None'
[0.311s] Level 5:colcon.colcon_core.verb:set package 'f1tenth_gym_ros' build argument 'catkin_skip_building_tests' from command line to 'False'
[0.311s] DEBUG:colcon.colcon_core.verb:Building package 'f1tenth_gym_ros' with the following arguments: {'ament_cmake_args': None, 'build_base': '/sim_ws/src/build/f1tenth_gym_ros', 'catkin_cmake_args': None, 'catkin_skip_building_tests': False, 'cmake_args': None, 'cmake_clean_cache': False, 'cmake_clean_first': False, 'cmake_force_configure': False, 'cmake_target': None, 'cmake_target_skip_unavailable': False, 'install_base': '/sim_ws/src/install/f1tenth_gym_ros', 'merge_install': False, 'path': '/sim_ws/src/f1tenth_gym_ros', 'symlink_install': False, 'test_result_base': None}
[0.314s] Level 5:colcon.colcon_core.verb:set package 'gap_follow' build argument 'cmake_args' from command line to 'None'
[0.314s] Level 5:colcon.colcon_core.verb:set package 'gap_follow' build argument 'cmake_target' from command line to 'None'
[0.314s] Level 5:colcon.colcon_core.verb:set package 'gap_follow' build argument 'cmake_target_skip_unavailable' from command line to 'False'
[0.314s] Level 5:colcon.colcon_core.verb:set package 'gap_follow' build argument 'cmake_clean_cache' from command line to 'False'
[0.314s] Level 5:colcon.colcon_core.verb:set package 'gap_follow' build argument 'cmake_clean_first' from command line to 'False'
[0.314s] Level 5:colcon.colcon_core.verb:set package 'gap_follow' build argument 'cmake_force_configure' from command line to 'False'
[0.314s] Level 5:colcon.colcon_core.verb:set package 'gap_follow' build argument 'ament_cmake_args' from command line to 'None'
[0.314s] Level 5:colcon.colcon_core.verb:set package 'gap_follow' build argument 'catkin_cmake_args' from command line to 'None'
[0.314s] Level 5:colcon.colcon_core.verb:set package 'gap_follow' build argument 'catkin_skip_building_tests' from command line to 'False'
[0.314s] DEBUG:colcon.colcon_core.verb:Building package 'gap_follow' with the following arguments: {'ament_cmake_args': None, 'build_base': '/sim_ws/src/build/gap_follow', 'catkin_cmake_args': None, 'catkin_skip_building_tests': False, 'cmake_args': None, 'cmake_clean_cache': False, 'cmake_clean_first': False, 'cmake_force_configure': False, 'cmake_target': None, 'cmake_target_skip_unavailable': False, 'install_base': '/sim_ws/src/install/gap_follow', 'merge_install': False, 'path': '/sim_ws/src/gap_follow', 'symlink_install': False, 'test_result_base': None}
[0.316s] Level 5:colcon.colcon_core.verb:set package 'pure_pursuit' build argument 'cmake_args' from command line to 'None'
[0.316s] Level 5:colcon.colcon_core.verb:set package 'pure_pursuit' build argument 'cmake_target' from command line to 'None'
[0.316s] Level 5:colcon.colcon_core.verb:set package 'pure_pursuit' build argument 'cmake_target_skip_unavailable' from command line to 'False'
[0.316s] Level 5:colcon.colcon_core.verb:set package 'pure_pursuit' build argument 'cmake_clean_cache' from command line to 'False'
[0.316s] Level 5:colcon.colcon_core.verb:set package 'pure_pursuit' build argument 'cmake_clean_first' from command line to 'False'
[0.316s] Level 5:colcon.colcon_core.verb:set package 'pure_pursuit' build argument 'cmake_force_configure' from command line to 'False'
[0.316s] Level 5:colcon.colcon_core.verb:set package 'pure_pursuit' build argument 'ament_cmake_args' from command line to 'None'
[0.316s] Level 5:colcon.colcon_core.verb:set package 'pure_pursuit' build argument 'catkin_cmake_args' from command line to 'None'
[0.316s] Level 5:colcon.colcon_core.verb:set package 'pure_pursuit' build argument 'catkin_skip_building_tests' from command line to 'False'
[0.316s] DEBUG:colcon.colcon_core.verb:Building package 'pure_pursuit' with the following arguments: {'ament_cmake_args': None, 'build_base': '/sim_ws/src/build/pure_pursuit', 'catkin_cmake_args': None, 'catkin_skip_building_tests': False, 'cmake_args': None, 'cmake_clean_cache': False, 'cmake_clean_first': False, 'cmake_force_configure': False, 'cmake_target': None, 'cmake_target_skip_unavailable': False, 'install_base': '/sim_ws/src/install/pure_pursuit', 'merge_install': False, 'path': '/sim_ws/src/pure_pursuit', 'symlink_install': False, 'test_result_base': None}
[0.319s] Level 5:colcon.colcon_core.verb:set package 'pure_pursuit_sim' build argument 'cmake_args' from command line to 'None'
[0.319s] Level 5:colcon.colcon_core.verb:set package 'pure_pursuit_sim' build argument 'cmake_target' from command line to 'None'
[0.319s] Level 5:colcon.colcon_core.verb:set package 'pure_pursuit_sim' build argument 'cmake_target_skip_unavailable' from command line to 'False'
[0.319s] Level 5:colcon.colcon_core.verb:set package 'pure_pursuit_sim' build argument 'cmake_clean_cache' from command line to 'False'
[0.319s] Level 5:colcon.colcon_core.verb:set package 'pure_pursuit_sim' build argument 'cmake_clean_first' from command line to 'False'
[0.319s] Level 5:colcon.colcon_core.verb:set package 'pure_pursuit_sim' build argument 'cmake_force_configure' from command line to 'False'
[0.319s] Level 5:colcon.colcon_core.verb:set package 'pure_pursuit_sim' build argument 'ament_cmake_args' from command line to 'None'
[0.319s] Level 5:colcon.colcon_core.verb:set package 'pure_pursuit_sim' build argument 'catkin_cmake_args' from command line to 'None'
[0.319s] Level 5:colcon.colcon_core.verb:set package 'pure_pursuit_sim' build argument 'catkin_skip_building_tests' from command line to 'False'
[0.319s] DEBUG:colcon.colcon_core.verb:Building package 'pure_pursuit_sim' with the following arguments: {'ament_cmake_args': None, 'build_base': '/sim_ws/src/build/pure_pursuit_sim', 'catkin_cmake_args': None, 'catkin_skip_building_tests': False, 'cmake_args': None, 'cmake_clean_cache': False, 'cmake_clean_first': False, 'cmake_force_configure': False, 'cmake_target': None, 'cmake_target_skip_unavailable': False, 'install_base': '/sim_ws/src/install/pure_pursuit_sim', 'merge_install': False, 'path': '/sim_ws/src/pure_pursuit_sim', 'symlink_install': False, 'test_result_base': None}
[0.321s] Level 5:colcon.colcon_core.verb:set package 'safety_node' build argument 'cmake_args' from command line to 'None'
[0.321s] Level 5:colcon.colcon_core.verb:set package 'safety_node' build argument 'cmake_target' from command line to 'None'
[0.321s] Level 5:colcon.colcon_core.verb:set package 'safety_node' build argument 'cmake_target_skip_unavailable' from command line to 'False'
[0.321s] Level 5:colcon.colcon_core.verb:set package 'safety_node' build argument 'cmake_clean_cache' from command line to 'False'
[0.321s] Level 5:colcon.colcon_core.verb:set package 'safety_node' build argument 'cmake_clean_first' from command line to 'False'
[0.321s] Level 5:colcon.colcon_core.verb:set package 'safety_node' build argument 'cmake_force_configure' from command line to 'False'
[0.321s] Level 5:colcon.colcon_core.verb:set package 'safety_node' build argument 'ament_cmake_args' from command line to 'None'
[0.321s] Level 5:colcon.colcon_core.verb:set package 'safety_node' build argument 'catkin_cmake_args' from command line to 'None'
[0.321s] Level 5:colcon.colcon_core.verb:set package 'safety_node' build argument 'catkin_skip_building_tests' from command line to 'False'
[0.321s] DEBUG:colcon.colcon_core.verb:Building package 'safety_node' with the following arguments: {'ament_cmake_args': None, 'build_base': '/sim_ws/src/build/safety_node', 'catkin_cmake_args': None, 'catkin_skip_building_tests': False, 'cmake_args': None, 'cmake_clean_cache': False, 'cmake_clean_first': False, 'cmake_force_configure': False, 'cmake_target': None, 'cmake_target_skip_unavailable': False, 'install_base': '/sim_ws/src/install/safety_node', 'merge_install': False, 'path': '/sim_ws/src/safety_node', 'symlink_install': False, 'test_result_base': None}
[0.324s] Level 5:colcon.colcon_core.verb:set package 'wall_follow' build argument 'cmake_args' from command line to 'None'
[0.324s] Level 5:colcon.colcon_core.verb:set package 'wall_follow' build argument 'cmake_target' from command line to 'None'
[0.324s] Level 5:colcon.colcon_core.verb:set package 'wall_follow' build argument 'cmake_target_skip_unavailable' from command line to 'False'
[0.324s] Level 5:colcon.colcon_core.verb:set package 'wall_follow' build argument 'cmake_clean_cache' from command line to 'False'
[0.324s] Level 5:colcon.colcon_core.verb:set package 'wall_follow' build argument 'cmake_clean_first' from command line to 'False'
[0.324s] Level 5:colcon.colcon_core.verb:set package 'wall_follow' build argument 'cmake_force_configure' from command line to 'False'
[0.324s] Level 5:colcon.colcon_core.verb:set package 'wall_follow' build argument 'ament_cmake_args' from command line to 'None'
[0.324s] Level 5:colcon.colcon_core.verb:set package 'wall_follow' build argument 'catkin_cmake_args' from command line to 'None'
[0.324s] Level 5:colcon.colcon_core.verb:set package 'wall_follow' build argument 'catkin_skip_building_tests' from command line to 'False'
[0.324s] DEBUG:colcon.colcon_core.verb:Building package 'wall_follow' with the following arguments: {'ament_cmake_args': None, 'build_base': '/sim_ws/src/build/wall_follow', 'catkin_cmake_args': None, 'catkin_skip_building_tests': False, 'cmake_args': None, 'cmake_clean_cache': False, 'cmake_clean_first': False, 'cmake_force_configure': False, 'cmake_target': None, 'cmake_target_skip_unavailable': False, 'install_base': '/sim_ws/src/install/wall_follow', 'merge_install': False, 'path': '/sim_ws/src/wall_follow', 'symlink_install': False, 'test_result_base': None}
[0.324s] INFO:colcon.colcon_core.executor:Executing jobs using 'parallel' executor
[0.326s] DEBUG:colcon.colcon_parallel_executor.executor.parallel:run_until_complete
[0.326s] INFO:colcon.colcon_ros.task.ament_python.build:Building ROS package in '/sim_ws/src/f1tenth_gym_ros' with build type 'ament_python'
[0.326s] Level 1:colcon.colcon_core.shell:create_environment_hook('f1tenth_gym_ros', 'ament_prefix_path')
[0.330s] INFO:colcon.colcon_core.plugin_system:Skipping extension 'colcon_core.shell.bat': Not used on non-Windows systems
[0.330s] INFO:colcon.colcon_core.shell:Creating environment hook '/sim_ws/src/install/f1tenth_gym_ros/share/f1tenth_gym_ros/hook/ament_prefix_path.ps1'
[0.331s] INFO:colcon.colcon_core.shell:Creating environment descriptor '/sim_ws/src/install/f1tenth_gym_ros/share/f1tenth_gym_ros/hook/ament_prefix_path.dsv'
[0.331s] INFO:colcon.colcon_core.shell:Creating environment hook '/sim_ws/src/install/f1tenth_gym_ros/share/f1tenth_gym_ros/hook/ament_prefix_path.sh'
[0.332s] INFO:colcon.colcon_core.shell:Skip shell extension 'powershell' for command environment: Not usable outside of PowerShell
[0.332s] DEBUG:colcon.colcon_core.shell:Skip shell extension 'dsv' for command environment
[0.334s] DEBUG:colcon.colcon_core.shell:Ignoring prefix path '/opt/ros/foxy'
[0.336s] INFO:colcon.colcon_ros.task.ament_cmake.build:Building ROS package in '/sim_ws/src/gap_follow' with build type 'ament_cmake'
[0.336s] INFO:colcon.colcon_cmake.task.cmake.build:Building CMake package in '/sim_ws/src/gap_follow'
[0.337s] INFO:colcon.colcon_core.shell:Skip shell extension 'powershell' for command environment: Not usable outside of PowerShell
[0.337s] DEBUG:colcon.colcon_core.shell:Skip shell extension 'dsv' for command environment
[0.338s] DEBUG:colcon.colcon_core.shell:Ignoring prefix path '/opt/ros/foxy'
[0.340s] INFO:colcon.colcon_ros.task.ament_cmake.build:Building ROS package in '/sim_ws/src/pure_pursuit' with build type 'ament_cmake'
[0.340s] INFO:colcon.colcon_cmake.task.cmake.build:Building CMake package in '/sim_ws/src/pure_pursuit'
[0.341s] INFO:colcon.colcon_core.shell:Skip shell extension 'powershell' for command environment: Not usable outside of PowerShell
[0.341s] DEBUG:colcon.colcon_core.shell:Skip shell extension 'dsv' for command environment
[0.343s] DEBUG:colcon.colcon_core.shell:Ignoring prefix path '/opt/ros/foxy'
[0.344s] INFO:colcon.colcon_ros.task.ament_cmake.build:Building ROS package in '/sim_ws/src/pure_pursuit_sim' with build type 'ament_cmake'
[0.345s] INFO:colcon.colcon_cmake.task.cmake.build:Building CMake package in '/sim_ws/src/pure_pursuit_sim'
[0.345s] INFO:colcon.colcon_core.shell:Skip shell extension 'powershell' for command environment: Not usable outside of PowerShell
[0.346s] DEBUG:colcon.colcon_core.shell:Skip shell extension 'dsv' for command environment
[0.347s] DEBUG:colcon.colcon_core.shell:Ignoring prefix path '/opt/ros/foxy'
[0.348s] INFO:colcon.colcon_ros.task.ament_cmake.build:Building ROS package in '/sim_ws/src/safety_node' with build type 'ament_cmake'
[0.349s] INFO:colcon.colcon_cmake.task.cmake.build:Building CMake package in '/sim_ws/src/safety_node'
[0.349s] INFO:colcon.colcon_core.shell:Skip shell extension 'powershell' for command environment: Not usable outside of PowerShell
[0.349s] DEBUG:colcon.colcon_core.shell:Skip shell extension 'dsv' for command environment
[0.351s] DEBUG:colcon.colcon_core.shell:Ignoring prefix path '/opt/ros/foxy'
[0.352s] INFO:colcon.colcon_ros.task.ament_cmake.build:Building ROS package in '/sim_ws/src/wall_follow' with build type 'ament_cmake'
[0.352s] INFO:colcon.colcon_cmake.task.cmake.build:Building CMake package in '/sim_ws/src/wall_follow'
[0.353s] INFO:colcon.colcon_core.shell:Skip shell extension 'powershell' for command environment: Not usable outside of PowerShell
[0.353s] DEBUG:colcon.colcon_core.shell:Skip shell extension 'dsv' for command environment
[0.354s] DEBUG:colcon.colcon_core.shell:Ignoring prefix path '/opt/ros/foxy'
[0.528s] INFO:colcon.colcon_core.task.python.build:Building Python package in '/sim_ws/src/f1tenth_gym_ros'
[0.529s] INFO:colcon.colcon_core.shell:Skip shell extension 'powershell' for command environment: Not usable outside of PowerShell
[0.529s] DEBUG:colcon.colcon_core.shell:Skip shell extension 'dsv' for command environment
[0.530s] DEBUG:colcon.colcon_core.shell:Ignoring prefix path '/opt/ros/foxy'
[0.535s] DEBUG:colcon.colcon_core.event_handler.log_command:Invoking command in '/sim_ws/src/build/gap_follow': CMAKE_PREFIX_PATH=/opt/ros/foxy /usr/bin/cmake --build /sim_ws/src/build/gap_follow -- -j12 -l12
[0.540s] DEBUG:colcon.colcon_core.event_handler.log_command:Invoking command in '/sim_ws/src/build/pure_pursuit': CMAKE_PREFIX_PATH=/opt/ros/foxy /usr/bin/cmake --build /sim_ws/src/build/pure_pursuit -- -j12 -l12
[0.543s] DEBUG:colcon.colcon_core.event_handler.log_command:Invoking command in '/sim_ws/src/build/pure_pursuit_sim': CMAKE_PREFIX_PATH=/opt/ros/foxy /usr/bin/cmake --build /sim_ws/src/build/pure_pursuit_sim -- -j12 -l12
[0.546s] DEBUG:colcon.colcon_core.event_handler.log_command:Invoking command in '/sim_ws/src/build/safety_node': CMAKE_PREFIX_PATH=/opt/ros/foxy /usr/bin/cmake --build /sim_ws/src/build/safety_node -- -j12 -l12
[0.550s] DEBUG:colcon.colcon_core.event_handler.log_command:Invoking command in '/sim_ws/src/build/wall_follow': CMAKE_PREFIX_PATH=/opt/ros/foxy /usr/bin/cmake --build /sim_ws/src/build/wall_follow -- -j12 -l12
[0.558s] DEBUG:colcon.colcon_core.event_handler.log_command:Invoking command in '/sim_ws/src/f1tenth_gym_ros': PYTHONPATH=/sim_ws/src/install/f1tenth_gym_ros/lib/python3.8/site-packages:${PYTHONPATH} /usr/bin/python3 setup.py egg_info --egg-base ../build/f1tenth_gym_ros build --build-base /sim_ws/src/build/f1tenth_gym_ros/build install --prefix /sim_ws/src/install/f1tenth_gym_ros --record /sim_ws/src/build/f1tenth_gym_ros/install.log --single-version-externally-managed
[0.601s] DEBUG:colcon.colcon_core.event_handler.log_command:Invoked command in '/sim_ws/src/build/gap_follow' returned '0': CMAKE_PREFIX_PATH=/opt/ros/foxy /usr/bin/cmake --build /sim_ws/src/build/gap_follow -- -j12 -l12
[0.605s] DEBUG:colcon.colcon_core.event_handler.log_command:Invoked command in '/sim_ws/src/build/pure_pursuit' returned '0': CMAKE_PREFIX_PATH=/opt/ros/foxy /usr/bin/cmake --build /sim_ws/src/build/pure_pursuit -- -j12 -l12
[0.609s] DEBUG:colcon.colcon_core.event_handler.log_command:Invoked command in '/sim_ws/src/build/safety_node' returned '0': CMAKE_PREFIX_PATH=/opt/ros/foxy /usr/bin/cmake --build /sim_ws/src/build/safety_node -- -j12 -l12
[0.612s] DEBUG:colcon.colcon_core.event_handler.log_command:Invoked command in '/sim_ws/src/build/pure_pursuit_sim' returned '0': CMAKE_PREFIX_PATH=/opt/ros/foxy /usr/bin/cmake --build /sim_ws/src/build/pure_pursuit_sim -- -j12 -l12
[0.616s] DEBUG:colcon.colcon_core.event_handler.log_command:Invoked command in '/sim_ws/src/build/wall_follow' returned '0': CMAKE_PREFIX_PATH=/opt/ros/foxy /usr/bin/cmake --build /sim_ws/src/build/wall_follow -- -j12 -l12
[0.631s] DEBUG:colcon.colcon_core.event_handler.log_command:Invoking command in '/sim_ws/src/build/gap_follow': CMAKE_PREFIX_PATH=/opt/ros/foxy /usr/bin/cmake --install /sim_ws/src/build/gap_follow
[0.634s] DEBUG:colcon.colcon_core.event_handler.log_command:Invoking command in '/sim_ws/src/build/pure_pursuit': CMAKE_PREFIX_PATH=/opt/ros/foxy /usr/bin/cmake --install /sim_ws/src/build/pure_pursuit
[0.636s] DEBUG:colcon.colcon_core.event_handler.log_command:Invoking command in '/sim_ws/src/build/safety_node': CMAKE_PREFIX_PATH=/opt/ros/foxy /usr/bin/cmake --install /sim_ws/src/build/safety_node
[0.640s] DEBUG:colcon.colcon_core.event_handler.log_command:Invoking command in '/sim_ws/src/build/pure_pursuit_sim': CMAKE_PREFIX_PATH=/opt/ros/foxy /usr/bin/cmake --install /sim_ws/src/build/pure_pursuit_sim
[0.646s] DEBUG:colcon.colcon_core.event_handler.log_command:Invoking command in '/sim_ws/src/build/wall_follow': CMAKE_PREFIX_PATH=/opt/ros/foxy /usr/bin/cmake --install /sim_ws/src/build/wall_follow
[0.674s] Level 1:colcon.colcon_core.environment:create_environment_scripts_only(gap_follow)
[0.676s] DEBUG:colcon.colcon_core.event_handler.log_command:Invoked command in '/sim_ws/src/build/gap_follow' returned '0': CMAKE_PREFIX_PATH=/opt/ros/foxy /usr/bin/cmake --install /sim_ws/src/build/gap_follow
[0.683s] Level 1:colcon.colcon_core.environment:checking '/sim_ws/src/install/gap_follow' for CMake module files
[0.684s] Level 1:colcon.colcon_core.environment:checking '/sim_ws/src/install/gap_follow' for CMake config files
[0.685s] Level 1:colcon.colcon_core.shell:create_environment_hook('gap_follow', 'cmake_prefix_path')
[0.686s] INFO:colcon.colcon_core.shell:Creating environment hook '/sim_ws/src/install/gap_follow/share/gap_follow/hook/cmake_prefix_path.ps1'
[0.687s] INFO:colcon.colcon_core.shell:Creating environment descriptor '/sim_ws/src/install/gap_follow/share/gap_follow/hook/cmake_prefix_path.dsv'
[0.687s] INFO:colcon.colcon_core.shell:Creating environment hook '/sim_ws/src/install/gap_follow/share/gap_follow/hook/cmake_prefix_path.sh'
[0.688s] Level 1:colcon.colcon_core.environment:checking '/sim_ws/src/install/gap_follow/lib'
[0.688s] Level 1:colcon.colcon_core.environment:checking '/sim_ws/src/install/gap_follow/bin'
[0.688s] Level 1:colcon.colcon_core.environment:checking '/sim_ws/src/install/gap_follow/lib/pkgconfig/gap_follow.pc'
[0.689s] Level 1:colcon.colcon_core.environment:checking '/sim_ws/src/install/gap_follow/lib/python3.8/site-packages'
[0.689s] Level 1:colcon.colcon_core.shell:create_environment_hook('gap_follow', 'pythonpath')
[0.689s] INFO:colcon.colcon_core.shell:Creating environment hook '/sim_ws/src/install/gap_follow/share/gap_follow/hook/pythonpath.ps1'
[0.690s] INFO:colcon.colcon_core.shell:Creating environment descriptor '/sim_ws/src/install/gap_follow/share/gap_follow/hook/pythonpath.dsv'
[0.690s] INFO:colcon.colcon_core.shell:Creating environment hook '/sim_ws/src/install/gap_follow/share/gap_follow/hook/pythonpath.sh'
[0.691s] INFO:colcon.colcon_core.shell:Creating package script '/sim_ws/src/install/gap_follow/share/gap_follow/package.ps1'
[0.692s] INFO:colcon.colcon_core.shell:Creating package descriptor '/sim_ws/src/install/gap_follow/share/gap_follow/package.dsv'
[0.693s] INFO:colcon.colcon_core.shell:Creating package script '/sim_ws/src/install/gap_follow/share/gap_follow/package.sh'
[0.693s] INFO:colcon.colcon_core.shell:Creating package script '/sim_ws/src/install/gap_follow/share/gap_follow/package.bash'
[0.694s] INFO:colcon.colcon_core.shell:Creating package script '/sim_ws/src/install/gap_follow/share/gap_follow/package.zsh'
[0.694s] Level 1:colcon.colcon_core.environment:create_file_with_runtime_dependencies(/sim_ws/src/install/gap_follow/share/colcon-core/packages/gap_follow)
[0.698s] Level 1:colcon.colcon_core.environment:create_environment_scripts_only(pure_pursuit)
[0.699s] Level 1:colcon.colcon_core.environment:checking '/sim_ws/src/install/pure_pursuit' for CMake module files
[0.699s] DEBUG:colcon.colcon_core.event_handler.log_command:Invoked command in '/sim_ws/src/build/pure_pursuit' returned '0': CMAKE_PREFIX_PATH=/opt/ros/foxy /usr/bin/cmake --install /sim_ws/src/build/pure_pursuit
[0.699s] Level 1:colcon.colcon_core.environment:checking '/sim_ws/src/install/pure_pursuit' for CMake config files
[0.700s] Level 1:colcon.colcon_core.shell:create_environment_hook('pure_pursuit', 'cmake_prefix_path')
[0.700s] INFO:colcon.colcon_core.shell:Creating environment hook '/sim_ws/src/install/pure_pursuit/share/pure_pursuit/hook/cmake_prefix_path.ps1'
[0.701s] INFO:colcon.colcon_core.shell:Creating environment descriptor '/sim_ws/src/install/pure_pursuit/share/pure_pursuit/hook/cmake_prefix_path.dsv'
[0.701s] INFO:colcon.colcon_core.shell:Creating environment hook '/sim_ws/src/install/pure_pursuit/share/pure_pursuit/hook/cmake_prefix_path.sh'
[0.701s] Level 1:colcon.colcon_core.environment:checking '/sim_ws/src/install/pure_pursuit/lib'
[0.701s] Level 1:colcon.colcon_core.environment:checking '/sim_ws/src/install/pure_pursuit/bin'
[0.701s] Level 1:colcon.colcon_core.environment:checking '/sim_ws/src/install/pure_pursuit/lib/pkgconfig/pure_pursuit.pc'
[0.702s] Level 1:colcon.colcon_core.environment:checking '/sim_ws/src/install/pure_pursuit/lib/python3.8/site-packages'
[0.702s] Level 1:colcon.colcon_core.shell:create_environment_hook('pure_pursuit', 'pythonpath')
[0.702s] INFO:colcon.colcon_core.shell:Creating environment hook '/sim_ws/src/install/pure_pursuit/share/pure_pursuit/hook/pythonpath.ps1'
[0.702s] INFO:colcon.colcon_core.shell:Creating environment descriptor '/sim_ws/src/install/pure_pursuit/share/pure_pursuit/hook/pythonpath.dsv'
[0.703s] INFO:colcon.colcon_core.shell:Creating environment hook '/sim_ws/src/install/pure_pursuit/share/pure_pursuit/hook/pythonpath.sh'
[0.703s] INFO:colcon.colcon_core.shell:Creating package script '/sim_ws/src/install/pure_pursuit/share/pure_pursuit/package.ps1'
[0.704s] INFO:colcon.colcon_core.shell:Creating package descriptor '/sim_ws/src/install/pure_pursuit/share/pure_pursuit/package.dsv'
[0.704s] INFO:colcon.colcon_core.shell:Creating package script '/sim_ws/src/install/pure_pursuit/share/pure_pursuit/package.sh'
[0.705s] INFO:colcon.colcon_core.shell:Creating package script '/sim_ws/src/install/pure_pursuit/share/pure_pursuit/package.bash'
[0.705s] INFO:colcon.colcon_core.shell:Creating package script '/sim_ws/src/install/pure_pursuit/share/pure_pursuit/package.zsh'
[0.705s] Level 1:colcon.colcon_core.environment:create_file_with_runtime_dependencies(/sim_ws/src/install/pure_pursuit/share/colcon-core/packages/pure_pursuit)
[0.707s] Level 1:colcon.colcon_core.environment:create_environment_scripts_only(pure_pursuit_sim)
[0.708s] Level 1:colcon.colcon_core.environment:checking '/sim_ws/src/install/pure_pursuit_sim' for CMake module files
[0.709s] DEBUG:colcon.colcon_core.event_handler.log_command:Invoked command in '/sim_ws/src/build/pure_pursuit_sim' returned '0': CMAKE_PREFIX_PATH=/opt/ros/foxy /usr/bin/cmake --install /sim_ws/src/build/pure_pursuit_sim
[0.709s] Level 1:colcon.colcon_core.environment:checking '/sim_ws/src/install/pure_pursuit_sim' for CMake config files
[0.710s] Level 1:colcon.colcon_core.shell:create_environment_hook('pure_pursuit_sim', 'cmake_prefix_path')
[0.710s] INFO:colcon.colcon_core.shell:Creating environment hook '/sim_ws/src/install/pure_pursuit_sim/share/pure_pursuit_sim/hook/cmake_prefix_path.ps1'
[0.711s] INFO:colcon.colcon_core.shell:Creating environment descriptor '/sim_ws/src/install/pure_pursuit_sim/share/pure_pursuit_sim/hook/cmake_prefix_path.dsv'
[0.711s] INFO:colcon.colcon_core.shell:Creating environment hook '/sim_ws/src/install/pure_pursuit_sim/share/pure_pursuit_sim/hook/cmake_prefix_path.sh'
[0.711s] Level 1:colcon.colcon_core.environment:checking '/sim_ws/src/install/pure_pursuit_sim/lib'
[0.712s] Level 1:colcon.colcon_core.environment:checking '/sim_ws/src/install/pure_pursuit_sim/bin'
[0.712s] Level 1:colcon.colcon_core.environment:checking '/sim_ws/src/install/pure_pursuit_sim/lib/pkgconfig/pure_pursuit_sim.pc'
[0.712s] Level 1:colcon.colcon_core.environment:checking '/sim_ws/src/install/pure_pursuit_sim/lib/python3.8/site-packages'
[0.712s] Level 1:colcon.colcon_core.shell:create_environment_hook('pure_pursuit_sim', 'pythonpath')
[0.712s] INFO:colcon.colcon_core.shell:Creating environment hook '/sim_ws/src/install/pure_pursuit_sim/share/pure_pursuit_sim/hook/pythonpath.ps1'
[0.712s] INFO:colcon.colcon_core.shell:Creating environment descriptor '/sim_ws/src/install/pure_pursuit_sim/share/pure_pursuit_sim/hook/pythonpath.dsv'
[0.713s] INFO:colcon.colcon_core.shell:Creating environment hook '/sim_ws/src/install/pure_pursuit_sim/share/pure_pursuit_sim/hook/pythonpath.sh'
[0.714s] INFO:colcon.colcon_core.shell:Creating package script '/sim_ws/src/install/pure_pursuit_sim/share/pure_pursuit_sim/package.ps1'
[0.714s] INFO:colcon.colcon_core.shell:Creating package descriptor '/sim_ws/src/install/pure_pursuit_sim/share/pure_pursuit_sim/package.dsv'
[0.714s] INFO:colcon.colcon_core.shell:Creating package script '/sim_ws/src/install/pure_pursuit_sim/share/pure_pursuit_sim/package.sh'
[0.715s] INFO:colcon.colcon_core.shell:Creating package script '/sim_ws/src/install/pure_pursuit_sim/share/pure_pursuit_sim/package.bash'
[0.715s] INFO:colcon.colcon_core.shell:Creating package script '/sim_ws/src/install/pure_pursuit_sim/share/pure_pursuit_sim/package.zsh'
[0.715s] Level 1:colcon.colcon_core.environment:create_file_with_runtime_dependencies(/sim_ws/src/install/pure_pursuit_sim/share/colcon-core/packages/pure_pursuit_sim)
[0.718s] Level 1:colcon.colcon_core.environment:create_environment_scripts_only(safety_node)
[0.719s] Level 1:colcon.colcon_core.environment:checking '/sim_ws/src/install/safety_node' for CMake module files
[0.720s] DEBUG:colcon.colcon_core.event_handler.log_command:Invoked command in '/sim_ws/src/build/safety_node' returned '0': CMAKE_PREFIX_PATH=/opt/ros/foxy /usr/bin/cmake --install /sim_ws/src/build/safety_node
[0.720s] Level 1:colcon.colcon_core.environment:checking '/sim_ws/src/install/safety_node' for CMake config files
[0.720s] Level 1:colcon.colcon_core.shell:create_environment_hook('safety_node', 'cmake_prefix_path')
[0.721s] INFO:colcon.colcon_core.shell:Creating environment hook '/sim_ws/src/install/safety_node/share/safety_node/hook/cmake_prefix_path.ps1'
[0.721s] INFO:colcon.colcon_core.shell:Creating environment descriptor '/sim_ws/src/install/safety_node/share/safety_node/hook/cmake_prefix_path.dsv'
[0.721s] INFO:colcon.colcon_core.shell:Creating environment hook '/sim_ws/src/install/safety_node/share/safety_node/hook/cmake_prefix_path.sh'
[0.722s] Level 1:colcon.colcon_core.environment:checking '/sim_ws/src/install/safety_node/lib'
[0.722s] Level 1:colcon.colcon_core.environment:checking '/sim_ws/src/install/safety_node/bin'
[0.722s] Level 1:colcon.colcon_core.environment:checking '/sim_ws/src/install/safety_node/lib/pkgconfig/safety_node.pc'
[0.722s] Level 1:colcon.colcon_core.environment:checking '/sim_ws/src/install/safety_node/lib/python3.8/site-packages'
[0.722s] Level 1:colcon.colcon_core.shell:create_environment_hook('safety_node', 'pythonpath')
[0.723s] INFO:colcon.colcon_core.shell:Creating environment hook '/sim_ws/src/install/safety_node/share/safety_node/hook/pythonpath.ps1'
[0.723s] INFO:colcon.colcon_core.shell:Creating environment descriptor '/sim_ws/src/install/safety_node/share/safety_node/hook/pythonpath.dsv'
[0.724s] INFO:colcon.colcon_core.shell:Creating environment hook '/sim_ws/src/install/safety_node/share/safety_node/hook/pythonpath.sh'
[0.724s] INFO:colcon.colcon_core.shell:Creating package script '/sim_ws/src/install/safety_node/share/safety_node/package.ps1'
[0.725s] INFO:colcon.colcon_core.shell:Creating package descriptor '/sim_ws/src/install/safety_node/share/safety_node/package.dsv'
[0.725s] INFO:colcon.colcon_core.shell:Creating package script '/sim_ws/src/install/safety_node/share/safety_node/package.sh'
[0.725s] INFO:colcon.colcon_core.shell:Creating package script '/sim_ws/src/install/safety_node/share/safety_node/package.bash'
[0.726s] INFO:colcon.colcon_core.shell:Creating package script '/sim_ws/src/install/safety_node/share/safety_node/package.zsh'
[0.726s] Level 1:colcon.colcon_core.environment:create_file_with_runtime_dependencies(/sim_ws/src/install/safety_node/share/colcon-core/packages/safety_node)
[0.729s] Level 1:colcon.colcon_core.environment:create_environment_scripts_only(wall_follow)
[0.730s] Level 1:colcon.colcon_core.environment:checking '/sim_ws/src/install/wall_follow' for CMake module files
[0.731s] DEBUG:colcon.colcon_core.event_handler.log_command:Invoked command in '/sim_ws/src/build/wall_follow' returned '0': CMAKE_PREFIX_PATH=/opt/ros/foxy /usr/bin/cmake --install /sim_ws/src/build/wall_follow
[0.731s] Level 1:colcon.colcon_core.environment:checking '/sim_ws/src/install/wall_follow' for CMake config files
[0.731s] Level 1:colcon.colcon_core.shell:create_environment_hook('wall_follow', 'cmake_prefix_path')
[0.732s] INFO:colcon.colcon_core.shell:Creating environment hook '/sim_ws/src/install/wall_follow/share/wall_follow/hook/cmake_prefix_path.ps1'
[0.733s] INFO:colcon.colcon_core.shell:Creating environment descriptor '/sim_ws/src/install/wall_follow/share/wall_follow/hook/cmake_prefix_path.dsv'
[0.733s] INFO:colcon.colcon_core.shell:Creating environment hook '/sim_ws/src/install/wall_follow/share/wall_follow/hook/cmake_prefix_path.sh'
[0.733s] Level 1:colcon.colcon_core.environment:checking '/sim_ws/src/install/wall_follow/lib'
[0.733s] Level 1:colcon.colcon_core.environment:checking '/sim_ws/src/install/wall_follow/bin'
[0.734s] Level 1:colcon.colcon_core.environment:checking '/sim_ws/src/install/wall_follow/lib/pkgconfig/wall_follow.pc'
[0.734s] Level 1:colcon.colcon_core.environment:checking '/sim_ws/src/install/wall_follow/lib/python3.8/site-packages'
[0.734s] Level 1:colcon.colcon_core.shell:create_environment_hook('wall_follow', 'pythonpath')
[0.734s] INFO:colcon.colcon_core.shell:Creating environment hook '/sim_ws/src/install/wall_follow/share/wall_follow/hook/pythonpath.ps1'
[0.734s] INFO:colcon.colcon_core.shell:Creating environment descriptor '/sim_ws/src/install/wall_follow/share/wall_follow/hook/pythonpath.dsv'
[0.735s] INFO:colcon.colcon_core.shell:Creating environment hook '/sim_ws/src/install/wall_follow/share/wall_follow/hook/pythonpath.sh'
[0.736s] INFO:colcon.colcon_core.shell:Creating package script '/sim_ws/src/install/wall_follow/share/wall_follow/package.ps1'
[0.736s] INFO:colcon.colcon_core.shell:Creating package descriptor '/sim_ws/src/install/wall_follow/share/wall_follow/package.dsv'
[0.736s] INFO:colcon.colcon_core.shell:Creating package script '/sim_ws/src/install/wall_follow/share/wall_follow/package.sh'
[0.737s] INFO:colcon.colcon_core.shell:Creating package script '/sim_ws/src/install/wall_follow/share/wall_follow/package.bash'
[0.737s] INFO:colcon.colcon_core.shell:Creating package script '/sim_ws/src/install/wall_follow/share/wall_follow/package.zsh'
[0.737s] Level 1:colcon.colcon_core.environment:create_file_with_runtime_dependencies(/sim_ws/src/install/wall_follow/share/colcon-core/packages/wall_follow)
[0.741s] Level 1:colcon.colcon_core.environment:create_environment_scripts_only(gap_follow)
[0.742s] Level 1:colcon.colcon_core.environment:checking '/sim_ws/src/install/gap_follow' for CMake module files
[0.743s] Level 1:colcon.colcon_core.environment:checking '/sim_ws/src/install/gap_follow' for CMake config files
[0.743s] Level 1:colcon.colcon_core.shell:create_environment_hook('gap_follow', 'cmake_prefix_path')
[0.744s] INFO:colcon.colcon_core.shell:Creating environment hook '/sim_ws/src/install/gap_follow/share/gap_follow/hook/cmake_prefix_path.ps1'
[0.744s] INFO:colcon.colcon_core.shell:Creating environment descriptor '/sim_ws/src/install/gap_follow/share/gap_follow/hook/cmake_prefix_path.dsv'
[0.745s] INFO:colcon.colcon_core.shell:Creating environment hook '/sim_ws/src/install/gap_follow/share/gap_follow/hook/cmake_prefix_path.sh'
[0.745s] Level 1:colcon.colcon_core.environment:checking '/sim_ws/src/install/gap_follow/lib'
[0.745s] Level 1:colcon.colcon_core.environment:checking '/sim_ws/src/install/gap_follow/bin'
[0.745s] Level 1:colcon.colcon_core.environment:checking '/sim_ws/src/install/gap_follow/lib/pkgconfig/gap_follow.pc'
[0.745s] Level 1:colcon.colcon_core.environment:checking '/sim_ws/src/install/gap_follow/lib/python3.8/site-packages'
[0.745s] Level 1:colcon.colcon_core.shell:create_environment_hook('gap_follow', 'pythonpath')
[0.746s] INFO:colcon.colcon_core.shell:Creating environment hook '/sim_ws/src/install/gap_follow/share/gap_follow/hook/pythonpath.ps1'
[0.746s] INFO:colcon.colcon_core.shell:Creating environment descriptor '/sim_ws/src/install/gap_follow/share/gap_follow/hook/pythonpath.dsv'
[0.747s] INFO:colcon.colcon_core.shell:Creating environment hook '/sim_ws/src/install/gap_follow/share/gap_follow/hook/pythonpath.sh'
[0.747s] INFO:colcon.colcon_core.shell:Creating package script '/sim_ws/src/install/gap_follow/share/gap_follow/package.ps1'
[0.748s] INFO:colcon.colcon_core.shell:Creating package descriptor '/sim_ws/src/install/gap_follow/share/gap_follow/package.dsv'
[0.748s] INFO:colcon.colcon_core.shell:Creating package script '/sim_ws/src/install/gap_follow/share/gap_follow/package.sh'
[0.749s] INFO:colcon.colcon_core.shell:Creating package script '/sim_ws/src/install/gap_follow/share/gap_follow/package.bash'
[0.749s] INFO:colcon.colcon_core.shell:Creating package script '/sim_ws/src/install/gap_follow/share/gap_follow/package.zsh'
[0.749s] Level 1:colcon.colcon_core.environment:create_file_with_runtime_dependencies(/sim_ws/src/install/gap_follow/share/colcon-core/packages/gap_follow)
[0.751s] Level 1:colcon.colcon_core.environment:create_environment_scripts_only(pure_pursuit)
[0.752s] Level 1:colcon.colcon_core.environment:checking '/sim_ws/src/install/pure_pursuit' for CMake module files
[0.752s] Level 1:colcon.colcon_core.environment:checking '/sim_ws/src/install/pure_pursuit' for CMake config files
[0.753s] Level 1:colcon.colcon_core.shell:create_environment_hook('pure_pursuit', 'cmake_prefix_path')
[0.753s] INFO:colcon.colcon_core.shell:Creating environment hook '/sim_ws/src/install/pure_pursuit/share/pure_pursuit/hook/cmake_prefix_path.ps1'
[0.753s] INFO:colcon.colcon_core.shell:Creating environment descriptor '/sim_ws/src/install/pure_pursuit/share/pure_pursuit/hook/cmake_prefix_path.dsv'
[0.754s] INFO:colcon.colcon_core.shell:Creating environment hook '/sim_ws/src/install/pure_pursuit/share/pure_pursuit/hook/cmake_prefix_path.sh'
[0.754s] Level 1:colcon.colcon_core.environment:checking '/sim_ws/src/install/pure_pursuit/lib'
[0.754s] Level 1:colcon.colcon_core.environment:checking '/sim_ws/src/install/pure_pursuit/bin'
[0.754s] Level 1:colcon.colcon_core.environment:checking '/sim_ws/src/install/pure_pursuit/lib/pkgconfig/pure_pursuit.pc'
[0.754s] Level 1:colcon.colcon_core.environment:checking '/sim_ws/src/install/pure_pursuit/lib/python3.8/site-packages'
[0.755s] Level 1:colcon.colcon_core.shell:create_environment_hook('pure_pursuit', 'pythonpath')
[0.755s] INFO:colcon.colcon_core.shell:Creating environment hook '/sim_ws/src/install/pure_pursuit/share/pure_pursuit/hook/pythonpath.ps1'
[0.755s] INFO:colcon.colcon_core.shell:Creating environment descriptor '/sim_ws/src/install/pure_pursuit/share/pure_pursuit/hook/pythonpath.dsv'
[0.756s] INFO:colcon.colcon_core.shell:Creating environment hook '/sim_ws/src/install/pure_pursuit/share/pure_pursuit/hook/pythonpath.sh'
[0.756s] INFO:colcon.colcon_core.shell:Creating package script '/sim_ws/src/install/pure_pursuit/share/pure_pursuit/package.ps1'
[0.757s] INFO:colcon.colcon_core.shell:Creating package descriptor '/sim_ws/src/install/pure_pursuit/share/pure_pursuit/package.dsv'
[0.757s] INFO:colcon.colcon_core.shell:Creating package script '/sim_ws/src/install/pure_pursuit/share/pure_pursuit/package.sh'
[0.758s] INFO:colcon.colcon_core.shell:Creating package script '/sim_ws/src/install/pure_pursuit/share/pure_pursuit/package.bash'
[0.758s] INFO:colcon.colcon_core.shell:Creating package script '/sim_ws/src/install/pure_pursuit/share/pure_pursuit/package.zsh'
[0.758s] Level 1:colcon.colcon_core.environment:create_file_with_runtime_dependencies(/sim_ws/src/install/pure_pursuit/share/colcon-core/packages/pure_pursuit)
[0.759s] Level 1:colcon.colcon_core.environment:create_environment_scripts_only(pure_pursuit_sim)
[0.760s] Level 1:colcon.colcon_core.environment:checking '/sim_ws/src/install/pure_pursuit_sim' for CMake module files
[0.761s] Level 1:colcon.colcon_core.environment:checking '/sim_ws/src/install/pure_pursuit_sim' for CMake config files
[0.761s] Level 1:colcon.colcon_core.shell:create_environment_hook('pure_pursuit_sim', 'cmake_prefix_path')
[0.761s] INFO:colcon.colcon_core.shell:Creating environment hook '/sim_ws/src/install/pure_pursuit_sim/share/pure_pursuit_sim/hook/cmake_prefix_path.ps1'
[0.762s] INFO:colcon.colcon_core.shell:Creating environment descriptor '/sim_ws/src/install/pure_pursuit_sim/share/pure_pursuit_sim/hook/cmake_prefix_path.dsv'
[0.762s] INFO:colcon.colcon_core.shell:Creating environment hook '/sim_ws/src/install/pure_pursuit_sim/share/pure_pursuit_sim/hook/cmake_prefix_path.sh'
[0.762s] Level 1:colcon.colcon_core.environment:checking '/sim_ws/src/install/pure_pursuit_sim/lib'
[0.762s] Level 1:colcon.colcon_core.environment:checking '/sim_ws/src/install/pure_pursuit_sim/bin'
[0.762s] Level 1:colcon.colcon_core.environment:checking '/sim_ws/src/install/pure_pursuit_sim/lib/pkgconfig/pure_pursuit_sim.pc'
[0.763s] Level 1:colcon.colcon_core.environment:checking '/sim_ws/src/install/pure_pursuit_sim/lib/python3.8/site-packages'
[0.763s] Level 1:colcon.colcon_core.shell:create_environment_hook('pure_pursuit_sim', 'pythonpath')
[0.763s] INFO:colcon.colcon_core.shell:Creating environment hook '/sim_ws/src/install/pure_pursuit_sim/share/pure_pursuit_sim/hook/pythonpath.ps1'
[0.763s] INFO:colcon.colcon_core.shell:Creating environment descriptor '/sim_ws/src/install/pure_pursuit_sim/share/pure_pursuit_sim/hook/pythonpath.dsv'
[0.764s] INFO:colcon.colcon_core.shell:Creating environment hook '/sim_ws/src/install/pure_pursuit_sim/share/pure_pursuit_sim/hook/pythonpath.sh'
[0.765s] INFO:colcon.colcon_core.shell:Creating package script '/sim_ws/src/install/pure_pursuit_sim/share/pure_pursuit_sim/package.ps1'
[0.765s] INFO:colcon.colcon_core.shell:Creating package descriptor '/sim_ws/src/install/pure_pursuit_sim/share/pure_pursuit_sim/package.dsv'
[0.766s] INFO:colcon.colcon_core.shell:Creating package script '/sim_ws/src/install/pure_pursuit_sim/share/pure_pursuit_sim/package.sh'
[0.766s] INFO:colcon.colcon_core.shell:Creating package script '/sim_ws/src/install/pure_pursuit_sim/share/pure_pursuit_sim/package.bash'
[0.767s] INFO:colcon.colcon_core.shell:Creating package script '/sim_ws/src/install/pure_pursuit_sim/share/pure_pursuit_sim/package.zsh'
[0.767s] Level 1:colcon.colcon_core.environment:create_file_with_runtime_dependencies(/sim_ws/src/install/pure_pursuit_sim/share/colcon-core/packages/pure_pursuit_sim)
[0.769s] Level 1:colcon.colcon_core.environment:create_environment_scripts_only(safety_node)
[0.770s] Level 1:colcon.colcon_core.environment:checking '/sim_ws/src/install/safety_node' for CMake module files
[0.770s] Level 1:colcon.colcon_core.environment:checking '/sim_ws/src/install/safety_node' for CMake config files
[0.771s] Level 1:colcon.colcon_core.shell:create_environment_hook('safety_node', 'cmake_prefix_path')
[0.771s] INFO:colcon.colcon_core.shell:Creating environment hook '/sim_ws/src/install/safety_node/share/safety_node/hook/cmake_prefix_path.ps1'
[0.771s] INFO:colcon.colcon_core.shell:Creating environment descriptor '/sim_ws/src/install/safety_node/share/safety_node/hook/cmake_prefix_path.dsv'
[0.772s] INFO:colcon.colcon_core.shell:Creating environment hook '/sim_ws/src/install/safety_node/share/safety_node/hook/cmake_prefix_path.sh'
[0.772s] Level 1:colcon.colcon_core.environment:checking '/sim_ws/src/install/safety_node/lib'
[0.772s] Level 1:colcon.colcon_core.environment:checking '/sim_ws/src/install/safety_node/bin'
[0.772s] Level 1:colcon.colcon_core.environment:checking '/sim_ws/src/install/safety_node/lib/pkgconfig/safety_node.pc'
[0.772s] Level 1:colcon.colcon_core.environment:checking '/sim_ws/src/install/safety_node/lib/python3.8/site-packages'
[0.772s] Level 1:colcon.colcon_core.shell:create_environment_hook('safety_node', 'pythonpath')
[0.773s] INFO:colcon.colcon_core.shell:Creating environment hook '/sim_ws/src/install/safety_node/share/safety_node/hook/pythonpath.ps1'
[0.773s] INFO:colcon.colcon_core.shell:Creating environment descriptor '/sim_ws/src/install/safety_node/share/safety_node/hook/pythonpath.dsv'
[0.773s] INFO:colcon.colcon_core.shell:Creating environment hook '/sim_ws/src/install/safety_node/share/safety_node/hook/pythonpath.sh'
[0.774s] INFO:colcon.colcon_core.shell:Creating package script '/sim_ws/src/install/safety_node/share/safety_node/package.ps1'
[0.774s] INFO:colcon.colcon_core.shell:Creating package descriptor '/sim_ws/src/install/safety_node/share/safety_node/package.dsv'
[0.775s] INFO:colcon.colcon_core.shell:Creating package script '/sim_ws/src/install/safety_node/share/safety_node/package.sh'
[0.775s] INFO:colcon.colcon_core.shell:Creating package script '/sim_ws/src/install/safety_node/share/safety_node/package.bash'
[0.776s] INFO:colcon.colcon_core.shell:Creating package script '/sim_ws/src/install/safety_node/share/safety_node/package.zsh'
[0.776s] Level 1:colcon.colcon_core.environment:create_file_with_runtime_dependencies(/sim_ws/src/install/safety_node/share/colcon-core/packages/safety_node)
[0.777s] Level 1:colcon.colcon_core.environment:create_environment_scripts_only(wall_follow)
[0.777s] Level 1:colcon.colcon_core.environment:checking '/sim_ws/src/install/wall_follow' for CMake module files
[0.778s] Level 1:colcon.colcon_core.environment:checking '/sim_ws/src/install/wall_follow' for CMake config files
[0.778s] Level 1:colcon.colcon_core.shell:create_environment_hook('wall_follow', 'cmake_prefix_path')
[0.779s] INFO:colcon.colcon_core.shell:Creating environment hook '/sim_ws/src/install/wall_follow/share/wall_follow/hook/cmake_prefix_path.ps1'
[0.779s] INFO:colcon.colcon_core.shell:Creating environment descriptor '/sim_ws/src/install/wall_follow/share/wall_follow/hook/cmake_prefix_path.dsv'
[0.780s] INFO:colcon.colcon_core.shell:Creating environment hook '/sim_ws/src/install/wall_follow/share/wall_follow/hook/cmake_prefix_path.sh'
[0.780s] Level 1:colcon.colcon_core.environment:checking '/sim_ws/src/install/wall_follow/lib'
[0.780s] Level 1:colcon.colcon_core.environment:checking '/sim_ws/src/install/wall_follow/bin'
[0.781s] Level 1:colcon.colcon_core.environment:checking '/sim_ws/src/install/wall_follow/lib/pkgconfig/wall_follow.pc'
[0.781s] Level 1:colcon.colcon_core.environment:checking '/sim_ws/src/install/wall_follow/lib/python3.8/site-packages'
[0.781s] Level 1:colcon.colcon_core.shell:create_environment_hook('wall_follow', 'pythonpath')
[0.781s] INFO:colcon.colcon_core.shell:Creating environment hook '/sim_ws/src/install/wall_follow/share/wall_follow/hook/pythonpath.ps1'
[0.782s] INFO:colcon.colcon_core.shell:Creating environment descriptor '/sim_ws/src/install/wall_follow/share/wall_follow/hook/pythonpath.dsv'
[0.782s] INFO:colcon.colcon_core.shell:Creating environment hook '/sim_ws/src/install/wall_follow/share/wall_follow/hook/pythonpath.sh'
[0.783s] INFO:colcon.colcon_core.shell:Creating package script '/sim_ws/src/install/wall_follow/share/wall_follow/package.ps1'
[0.783s] INFO:colcon.colcon_core.shell:Creating package descriptor '/sim_ws/src/install/wall_follow/share/wall_follow/package.dsv'
[0.784s] INFO:colcon.colcon_core.shell:Creating package script '/sim_ws/src/install/wall_follow/share/wall_follow/package.sh'
[0.785s] INFO:colcon.colcon_core.shell:Creating package script '/sim_ws/src/install/wall_follow/share/wall_follow/package.bash'
[0.785s] INFO:colcon.colcon_core.shell:Creating package script '/sim_ws/src/install/wall_follow/share/wall_follow/package.zsh'
[0.786s] Level 1:colcon.colcon_core.environment:create_file_with_runtime_dependencies(/sim_ws/src/install/wall_follow/share/colcon-core/packages/wall_follow)
[0.819s] Level 1:colcon.colcon_core.environment:checking '/sim_ws/src/install/f1tenth_gym_ros' for CMake module files
[0.819s] DEBUG:colcon.colcon_core.event_handler.log_command:Invoked command in '/sim_ws/src/f1tenth_gym_ros' returned '0': PYTHONPATH=/sim_ws/src/install/f1tenth_gym_ros/lib/python3.8/site-packages:${PYTHONPATH} /usr/bin/python3 setup.py egg_info --egg-base ../build/f1tenth_gym_ros build --build-base /sim_ws/src/build/f1tenth_gym_ros/build install --prefix /sim_ws/src/install/f1tenth_gym_ros --record /sim_ws/src/build/f1tenth_gym_ros/install.log --single-version-externally-managed
[0.820s] Level 1:colcon.colcon_core.environment:checking '/sim_ws/src/install/f1tenth_gym_ros' for CMake config files
[0.820s] Level 1:colcon.colcon_core.environment:checking '/sim_ws/src/install/f1tenth_gym_ros/lib'
[0.820s] Level 1:colcon.colcon_core.environment:checking '/sim_ws/src/install/f1tenth_gym_ros/bin'
[0.821s] Level 1:colcon.colcon_core.environment:checking '/sim_ws/src/install/f1tenth_gym_ros/lib/pkgconfig/f1tenth_gym_ros.pc'
[0.821s] Level 1:colcon.colcon_core.environment:checking '/sim_ws/src/install/f1tenth_gym_ros/lib/python3.8/site-packages'
[0.821s] Level 1:colcon.colcon_core.shell:create_environment_hook('f1tenth_gym_ros', 'pythonpath')
[0.821s] INFO:colcon.colcon_core.shell:Creating environment hook '/sim_ws/src/install/f1tenth_gym_ros/share/f1tenth_gym_ros/hook/pythonpath.ps1'
[0.822s] INFO:colcon.colcon_core.shell:Creating environment descriptor '/sim_ws/src/install/f1tenth_gym_ros/share/f1tenth_gym_ros/hook/pythonpath.dsv'
[0.822s] INFO:colcon.colcon_core.shell:Creating environment hook '/sim_ws/src/install/f1tenth_gym_ros/share/f1tenth_gym_ros/hook/pythonpath.sh'
[0.823s] Level 1:colcon.colcon_core.environment:create_environment_scripts_only(f1tenth_gym_ros)
[0.824s] INFO:colcon.colcon_core.shell:Creating package script '/sim_ws/src/install/f1tenth_gym_ros/share/f1tenth_gym_ros/package.ps1'
[0.824s] INFO:colcon.colcon_core.shell:Creating package descriptor '/sim_ws/src/install/f1tenth_gym_ros/share/f1tenth_gym_ros/package.dsv'
[0.825s] INFO:colcon.colcon_core.shell:Creating package script '/sim_ws/src/install/f1tenth_gym_ros/share/f1tenth_gym_ros/package.sh'
[0.825s] INFO:colcon.colcon_core.shell:Creating package script '/sim_ws/src/install/f1tenth_gym_ros/share/f1tenth_gym_ros/package.bash'
[0.826s] INFO:colcon.colcon_core.shell:Creating package script '/sim_ws/src/install/f1tenth_gym_ros/share/f1tenth_gym_ros/package.zsh'
[0.826s] Level 1:colcon.colcon_core.environment:create_file_with_runtime_dependencies(/sim_ws/src/install/f1tenth_gym_ros/share/colcon-core/packages/f1tenth_gym_ros)
[0.827s] DEBUG:colcon.colcon_parallel_executor.executor.parallel:closing loop
[0.828s] DEBUG:colcon.colcon_parallel_executor.executor.parallel:loop closed
[0.828s] DEBUG:colcon.colcon_parallel_executor.executor.parallel:run_until_complete finished with '0'
[0.828s] DEBUG:colcon.colcon_core.event_reactor:joining thread
[0.834s] INFO:colcon.colcon_core.plugin_system:Skipping extension 'colcon_notification.desktop_notification.notify_send': Could not find 'notify-send'
[0.834s] INFO:colcon.colcon_core.plugin_system:Skipping extension 'colcon_notification.desktop_notification.terminal_notifier': Not used on non-Darwin systems
[0.834s] INFO:colcon.colcon_core.plugin_system:Skipping extension 'colcon_notification.desktop_notification.win32': Not used on non-Windows systems
[0.834s] INFO:colcon.colcon_notification.desktop_notification:Sending desktop notification using 'notify2'
[0.836s] DEBUG:colcon.colcon_notification.desktop_notification.notify2:Failed to initialize notify2: org.freedesktop.DBus.Error.Spawn.ExecFailed: /usr/bin/dbus-launch terminated abnormally without any error message
[0.836s] DEBUG:colcon.colcon_core.event_reactor:joined thread
[0.837s] INFO:colcon.colcon_core.shell:Creating prefix script '/sim_ws/src/install/local_setup.ps1'
[0.838s] INFO:colcon.colcon_core.shell:Creating prefix util module '/sim_ws/src/install/_local_setup_util_ps1.py'
[0.840s] INFO:colcon.colcon_core.shell:Creating prefix chain script '/sim_ws/src/install/setup.ps1'
[0.843s] INFO:colcon.colcon_core.shell:Creating prefix script '/sim_ws/src/install/local_setup.sh'
[0.843s] INFO:colcon.colcon_core.shell:Creating prefix util module '/sim_ws/src/install/_local_setup_util_sh.py'
[0.844s] INFO:colcon.colcon_core.shell:Creating prefix chain script '/sim_ws/src/install/setup.sh'
[0.847s] INFO:colcon.colcon_core.shell:Creating prefix script '/sim_ws/src/install/local_setup.bash'
[0.847s] INFO:colcon.colcon_core.shell:Creating prefix chain script '/sim_ws/src/install/setup.bash'
[0.850s] INFO:colcon.colcon_core.shell:Creating prefix script '/sim_ws/src/install/local_setup.zsh'
[0.851s] INFO:colcon.colcon_core.shell:Creating prefix chain script '/sim_ws/src/install/setup.zsh'
