[0.182s] Invoking command in '/sim_ws/src/build/safety_node': CMAKE_PREFIX_PATH=/opt/ros/foxy /usr/bin/cmake /sim_ws/src/safety_node -DCMAKE_INSTALL_PREFIX=/sim_ws/src/install/safety_node
[0.224s] -- The C compiler identification is GNU 9.3.0
[0.267s] -- The CXX compiler identification is GNU 9.3.0
[0.271s] -- Check for working C compiler: /usr/bin/cc
[0.325s] -- Check for working C compiler: /usr/bin/cc -- works
[0.326s] -- Detecting C compiler ABI info
[0.382s] -- Detecting C compiler ABI info - done
[0.400s] -- Detecting C compile features
[0.400s] -- Detecting C compile features - done
[0.404s] -- Check for working CXX compiler: /usr/bin/c++
[0.471s] -- Check for working CXX compiler: /usr/bin/c++ -- works
[0.472s] -- Detecting CXX compiler ABI info
[0.535s] -- Detecting CXX compiler ABI info - done
[0.545s] -- Detecting CXX compile features
[0.545s] -- Detecting CXX compile features - done
[0.547s] -- Found ament_cmake: 0.9.8 (/opt/ros/foxy/share/ament_cmake/cmake)
[0.567s] -- Found PythonInterp: /usr/bin/python3 (found suitable version "3.8.5", minimum required is "3") 
[0.567s] -- Using PYTHON_EXECUTABLE: /usr/bin/python3
[0.724s] -- Found rclcpp: 2.3.1 (/opt/ros/foxy/share/rclcpp/cmake)
[0.761s] -- Using all available rosidl_typesupport_c: rosidl_typesupport_fastrtps_c;rosidl_typesupport_introspection_c
[0.766s] -- Found rosidl_adapter: 1.2.1 (/opt/ros/foxy/share/rosidl_adapter/cmake)
[0.829s] -- Found OpenSSL: /usr/lib/x86_64-linux-gnu/libcrypto.so (found version "1.1.1f")  
[0.853s] -- Found FastRTPS: /opt/ros/foxy/include  
[0.940s] -- Using all available rosidl_typesupport_cpp: rosidl_typesupport_fastrtps_cpp;rosidl_typesupport_introspection_cpp
[0.996s] -- Found rmw_implementation_cmake: 1.0.3 (/opt/ros/foxy/share/rmw_implementation_cmake/cmake)
[0.998s] -- Using RMW implementation 'rmw_fastrtps_cpp' as default
[0.998s] -- Looking for pthread.h
[1.055s] -- Looking for pthread.h - found
[1.055s] -- Performing Test CMAKE_HAVE_LIBC_PTHREAD
[1.112s] -- Performing Test CMAKE_HAVE_LIBC_PTHREAD - Failed
[1.112s] -- Looking for pthread_create in pthreads
[1.156s] -- Looking for pthread_create in pthreads - not found
[1.156s] -- Looking for pthread_create in pthread
[1.209s] -- Looking for pthread_create in pthread - found
[1.210s] -- Found Threads: TRUE  
[1.338s] -- Found rclpy: 1.0.5 (/opt/ros/foxy/share/rclpy/cmake)
[1.339s] -- Found nav_msgs: 2.0.4 (/opt/ros/foxy/share/nav_msgs/cmake)
[1.440s] -- Found ackermann_msgs: 2.0.2 (/opt/ros/foxy/share/ackermann_msgs/cmake)
[1.469s] -- Found sensor_msgs: 2.0.4 (/opt/ros/foxy/share/sensor_msgs/cmake)
[1.555s] -- Found ament_lint_auto: 0.9.6 (/opt/ros/foxy/share/ament_lint_auto/cmake)
[1.620s] -- Added test 'copyright' to check source files copyright and LICENSE
[1.624s] -- Added test 'cppcheck' to perform static code analysis on C / C++ code
[1.624s] -- Configured cppcheck include dirs: /sim_ws/src/safety_node/include
[1.624s] -- Configured cppcheck exclude dirs and/or files: 
[1.625s] -- Added test 'cpplint' to check C / C++ code against the Google style
[1.625s] -- Configured cpplint exclude dirs and/or files: 
[1.625s] -- Added test 'flake8' to check Python code syntax and style conventions
[1.625s] -- Added test 'lint_cmake' to check CMake code style
[1.625s] -- Added test 'pep257' to check Python code against some of the style conventions in PEP 257
[1.625s] -- Added test 'uncrustify' to check C / C++ code style
[1.625s] -- Configured uncrustify additional arguments: 
[1.625s] -- Added test 'xmllint' to check XML markup files
[1.628s] -- Configuring done
[1.636s] -- Generating done
[1.637s] -- Build files have been written to: /sim_ws/src/build/safety_node
[1.645s] Invoked command in '/sim_ws/src/build/safety_node' returned '0': CMAKE_PREFIX_PATH=/opt/ros/foxy /usr/bin/cmake /sim_ws/src/safety_node -DCMAKE_INSTALL_PREFIX=/sim_ws/src/install/safety_node
[1.647s] Invoking command in '/sim_ws/src/build/safety_node': CMAKE_PREFIX_PATH=/opt/ros/foxy /usr/bin/cmake --build /sim_ws/src/build/safety_node -- -j12 -l12
[1.678s] [35m[1mScanning dependencies of target safety_node[0m
[1.707s] [ 50%] [32mBuilding CXX object CMakeFiles/safety_node.dir/src/safety_node.cpp.o[0m
[2.748s] [01m[K/sim_ws/src/safety_node/src/safety_node.cpp:[m[K In member function ‘[01m[Kvoid Safety::drive_callback(nav_msgs::msg::Odometry_<std::allocator<void> >::ConstSharedPtr)[m[K’:
[2.748s] [01m[K/sim_ws/src/safety_node/src/safety_node.cpp:33:71:[m[K [01;35m[Kwarning: [m[Kunused parameter ‘[01m[Kmsg[m[K’ [[01;35m[K-Wunused-parameter[m[K]
[2.749s]    33 |     void drive_callback([01;35m[Kconst nav_msgs::msg::Odometry::ConstSharedPtr msg[m[K)
[2.749s]       |                         [01;35m[K~~~~~~~~~~~~~~~~~~~~~~~~~~~~~~~~~~~~~~~~~~~~~~^~~[m[K
[2.750s] [01m[K/sim_ws/src/safety_node/src/safety_node.cpp:[m[K In member function ‘[01m[Kvoid Safety::scan_callback(sensor_msgs::msg::LaserScan_<std::allocator<void> >::ConstSharedPtr)[m[K’:
[2.750s] [01m[K/sim_ws/src/safety_node/src/safety_node.cpp:38:74:[m[K [01;35m[Kwarning: [m[Kunused parameter ‘[01m[Kscan_msg[m[K’ [[01;35m[K-Wunused-parameter[m[K]
[2.750s]    38 |     void scan_callback([01;35m[Kconst sensor_msgs::msg::LaserScan::ConstSharedPtr scan_msg[m[K)
[2.750s]       |                        [01;35m[K~~~~~~~~~~~~~~~~~~~~~~~~~~~~~~~~~~~~~~~~~~~~~~~~~~^~~~~~~~[m[K
[3.151s] [100%] [32m[1mLinking CXX executable safety_node[0m
[3.262s] [100%] Built target safety_node
[3.273s] Invoked command in '/sim_ws/src/build/safety_node' returned '0': CMAKE_PREFIX_PATH=/opt/ros/foxy /usr/bin/cmake --build /sim_ws/src/build/safety_node -- -j12 -l12
[3.292s] Invoking command in '/sim_ws/src/build/safety_node': CMAKE_PREFIX_PATH=/opt/ros/foxy /usr/bin/cmake --install /sim_ws/src/build/safety_node
[3.300s] -- Install configuration: ""
[3.300s] -- Installing: /sim_ws/src/install/safety_node/lib/safety_node/safety_node
[3.300s] -- Set runtime path of "/sim_ws/src/install/safety_node/lib/safety_node/safety_node" to ""
[3.300s] -- Installing: /sim_ws/src/install/safety_node/share/safety_node/environment/pythonpath.sh
[3.300s] -- Installing: /sim_ws/src/install/safety_node/share/safety_node/environment/pythonpath.dsv
[3.300s] -- Installing: /sim_ws/src/install/safety_node/lib/python3.8/site-packages/safety_node
[3.301s] -- Installing: /sim_ws/src/install/safety_node/lib/python3.8/site-packages/safety_node/__init__.py
[3.326s] Listing '/sim_ws/src/install/safety_node/lib/python3.8/site-packages/safety_node'...
[3.326s] Compiling '/sim_ws/src/install/safety_node/lib/python3.8/site-packages/safety_node/__init__.py'...
[3.330s] -- Installing: /sim_ws/src/install/safety_node/lib/safety_node/safety_node.py
[3.330s] -- Installing: /sim_ws/src/install/safety_node/share/ament_index/resource_index/package_run_dependencies/safety_node
[3.330s] -- Installing: /sim_ws/src/install/safety_node/share/ament_index/resource_index/parent_prefix_path/safety_node
[3.330s] -- Installing: /sim_ws/src/install/safety_node/share/safety_node/environment/ament_prefix_path.sh
[3.330s] -- Installing: /sim_ws/src/install/safety_node/share/safety_node/environment/ament_prefix_path.dsv
[3.330s] -- Installing: /sim_ws/src/install/safety_node/share/safety_node/environment/path.sh
[3.331s] -- Installing: /sim_ws/src/install/safety_node/share/safety_node/environment/path.dsv
[3.331s] -- Installing: /sim_ws/src/install/safety_node/share/safety_node/local_setup.bash
[3.331s] -- Installing: /sim_ws/src/install/safety_node/share/safety_node/local_setup.sh
[3.331s] -- Installing: /sim_ws/src/install/safety_node/share/safety_node/local_setup.zsh
[3.331s] -- Installing: /sim_ws/src/install/safety_node/share/safety_node/local_setup.dsv
[3.331s] -- Installing: /sim_ws/src/install/safety_node/share/safety_node/package.dsv
[3.332s] -- Installing: /sim_ws/src/install/safety_node/share/ament_index/resource_index/packages/safety_node
[3.332s] -- Installing: /sim_ws/src/install/safety_node/share/safety_node/cmake/safety_nodeConfig.cmake
[3.332s] -- Installing: /sim_ws/src/install/safety_node/share/safety_node/cmake/safety_nodeConfig-version.cmake
[3.332s] -- Installing: /sim_ws/src/install/safety_node/share/safety_node/package.xml
[3.343s] Invoked command in '/sim_ws/src/build/safety_node' returned '0': CMAKE_PREFIX_PATH=/opt/ros/foxy /usr/bin/cmake --install /sim_ws/src/build/safety_node
