[0.198s] Invoking command in '/sim_ws/src/build/gap_follow': CMAKE_PREFIX_PATH=/opt/ros/foxy /usr/bin/cmake --build /sim_ws/src/build/gap_follow -- -j12 -l12
[0.254s] [100%] Built target reactive_node
[0.264s] Invoked command in '/sim_ws/src/build/gap_follow' returned '0': CMAKE_PREFIX_PATH=/opt/ros/foxy /usr/bin/cmake --build /sim_ws/src/build/gap_follow -- -j12 -l12
[0.294s] Invoking command in '/sim_ws/src/build/gap_follow': CMAKE_PREFIX_PATH=/opt/ros/foxy /usr/bin/cmake --install /sim_ws/src/build/gap_follow
[0.302s] -- Install configuration: ""
[0.303s] -- Up-to-date: /sim_ws/src/install/gap_follow/lib/gap_follow/reactive_node
[0.304s] -- Up-to-date: /sim_ws/src/install/gap_follow/share/gap_follow/environment/pythonpath.sh
[0.306s] -- Up-to-date: /sim_ws/src/install/gap_follow/share/gap_follow/environment/pythonpath.dsv
[0.307s] -- Up-to-date: /sim_ws/src/install/gap_follow/lib/python3.8/site-packages/gap_follow
[0.308s] -- Up-to-date: /sim_ws/src/install/gap_follow/lib/python3.8/site-packages/gap_follow/__init__.py
[0.330s] Listing '/sim_ws/src/install/gap_follow/lib/python3.8/site-packages/gap_follow'...
[0.334s] -- Up-to-date: /sim_ws/src/install/gap_follow/lib/gap_follow/reactive_node.py
[0.334s] -- Up-to-date: /sim_ws/src/install/gap_follow/share/ament_index/resource_index/package_run_dependencies/gap_follow
[0.334s] -- Up-to-date: /sim_ws/src/install/gap_follow/share/ament_index/resource_index/parent_prefix_path/gap_follow
[0.334s] -- Up-to-date: /sim_ws/src/install/gap_follow/share/gap_follow/environment/ament_prefix_path.sh
[0.335s] -- Up-to-date: /sim_ws/src/install/gap_follow/share/gap_follow/environment/ament_prefix_path.dsv
[0.335s] -- Up-to-date: /sim_ws/src/install/gap_follow/share/gap_follow/environment/path.sh
[0.335s] -- Up-to-date: /sim_ws/src/install/gap_follow/share/gap_follow/environment/path.dsv
[0.335s] -- Up-to-date: /sim_ws/src/install/gap_follow/share/gap_follow/local_setup.bash
[0.335s] -- Up-to-date: /sim_ws/src/install/gap_follow/share/gap_follow/local_setup.sh
[0.335s] -- Up-to-date: /sim_ws/src/install/gap_follow/share/gap_follow/local_setup.zsh
[0.336s] -- Up-to-date: /sim_ws/src/install/gap_follow/share/gap_follow/local_setup.dsv
[0.336s] -- Installing: /sim_ws/src/install/gap_follow/share/gap_follow/package.dsv
[0.336s] -- Up-to-date: /sim_ws/src/install/gap_follow/share/ament_index/resource_index/packages/gap_follow
[0.336s] -- Up-to-date: /sim_ws/src/install/gap_follow/share/gap_follow/cmake/gap_followConfig.cmake
[0.336s] -- Up-to-date: /sim_ws/src/install/gap_follow/share/gap_follow/cmake/gap_followConfig-version.cmake
[0.336s] -- Up-to-date: /sim_ws/src/install/gap_follow/share/gap_follow/package.xml
[0.338s] Invoked command in '/sim_ws/src/build/gap_follow' returned '0': CMAKE_PREFIX_PATH=/opt/ros/foxy /usr/bin/cmake --install /sim_ws/src/build/gap_follow
