[0.185s] Invoking command in '/sim_ws/src/build/pure_pursuit_sim': CMAKE_PREFIX_PATH=/opt/ros/foxy /usr/bin/cmake /sim_ws/src/pure_pursuit_sim -DCMAKE_INSTALL_PREFIX=/sim_ws/src/install/pure_pursuit_sim
[0.226s] -- The C compiler identification is GNU 9.3.0
[0.271s] -- The CXX compiler identification is GNU 9.3.0
[0.275s] -- Check for working C compiler: /usr/bin/cc
[0.328s] -- Check for working C compiler: /usr/bin/cc -- works
[0.329s] -- Detecting C compiler ABI info
[0.385s] -- Detecting C compiler ABI info - done
[0.395s] -- Detecting C compile features
[0.395s] -- Detecting C compile features - done
[0.397s] -- Check for working CXX compiler: /usr/bin/c++
[0.462s] -- Check for working CXX compiler: /usr/bin/c++ -- works
[0.463s] -- Detecting CXX compiler ABI info
[0.527s] -- Detecting CXX compiler ABI info - done
[0.537s] -- Detecting CXX compile features
[0.538s] -- Detecting CXX compile features - done
[0.540s] -- Found ament_cmake: 0.9.8 (/opt/ros/foxy/share/ament_cmake/cmake)
[0.562s] -- Found PythonInterp: /usr/bin/python3 (found suitable version "3.8.5", minimum required is "3") 
[0.562s] -- Using PYTHON_EXECUTABLE: /usr/bin/python3
[0.719s] -- Found rclcpp: 2.3.1 (/opt/ros/foxy/share/rclcpp/cmake)
[0.755s] -- Using all available rosidl_typesupport_c: rosidl_typesupport_fastrtps_c;rosidl_typesupport_introspection_c
[0.761s] -- Found rosidl_adapter: 1.2.1 (/opt/ros/foxy/share/rosidl_adapter/cmake)
[0.827s] -- Found OpenSSL: /usr/lib/x86_64-linux-gnu/libcrypto.so (found version "1.1.1f")  
[0.857s] -- Found FastRTPS: /opt/ros/foxy/include  
[0.943s] -- Using all available rosidl_typesupport_cpp: rosidl_typesupport_fastrtps_cpp;rosidl_typesupport_introspection_cpp
[1.000s] -- Found rmw_implementation_cmake: 1.0.3 (/opt/ros/foxy/share/rmw_implementation_cmake/cmake)
[1.001s] -- Using RMW implementation 'rmw_fastrtps_cpp' as default
[1.002s] -- Looking for pthread.h
[1.059s] -- Looking for pthread.h - found
[1.059s] -- Performing Test CMAKE_HAVE_LIBC_PTHREAD
[1.116s] -- Performing Test CMAKE_HAVE_LIBC_PTHREAD - Failed
[1.116s] -- Looking for pthread_create in pthreads
[1.159s] -- Looking for pthread_create in pthreads - not found
[1.160s] -- Looking for pthread_create in pthread
[1.213s] -- Looking for pthread_create in pthread - found
[1.214s] -- Found Threads: TRUE  
[1.341s] -- Found rclpy: 1.0.5 (/opt/ros/foxy/share/rclpy/cmake)
[1.342s] -- Found geometry_msgs: 2.0.4 (/opt/ros/foxy/share/geometry_msgs/cmake)
[1.372s] -- Found nav_msgs: 2.0.4 (/opt/ros/foxy/share/nav_msgs/cmake)
[1.433s] -- Found ackermann_msgs: 2.0.2 (/opt/ros/foxy/share/ackermann_msgs/cmake)
[1.463s] -- Found sensor_msgs: 2.0.4 (/opt/ros/foxy/share/sensor_msgs/cmake)
[1.524s] -- Found visualization_msgs: 2.0.4 (/opt/ros/foxy/share/visualization_msgs/cmake)
[1.588s] -- Found tf2_ros: 0.13.10 (/opt/ros/foxy/share/tf2_ros/cmake)
[1.912s] -- Found ament_lint_auto: 0.9.6 (/opt/ros/foxy/share/ament_lint_auto/cmake)
[1.977s] -- Added test 'copyright' to check source files copyright and LICENSE
[1.978s] -- Added test 'cppcheck' to perform static code analysis on C / C++ code
[1.978s] -- Configured cppcheck include dirs: /sim_ws/src/pure_pursuit_sim/include
[1.978s] -- Configured cppcheck exclude dirs and/or files: 
[1.979s] -- Added test 'cpplint' to check C / C++ code against the Google style
[1.979s] -- Configured cpplint exclude dirs and/or files: 
[1.980s] -- Added test 'flake8' to check Python code syntax and style conventions
[1.980s] -- Added test 'lint_cmake' to check CMake code style
[1.980s] -- Added test 'pep257' to check Python code against some of the style conventions in PEP 257
[1.981s] -- Added test 'uncrustify' to check C / C++ code style
[1.981s] -- Configured uncrustify additional arguments: 
[1.981s] -- Added test 'xmllint' to check XML markup files
[1.985s] -- Configuring done
[1.997s] -- Generating done
[1.999s] -- Build files have been written to: /sim_ws/src/build/pure_pursuit_sim
[2.007s] Invoked command in '/sim_ws/src/build/pure_pursuit_sim' returned '0': CMAKE_PREFIX_PATH=/opt/ros/foxy /usr/bin/cmake /sim_ws/src/pure_pursuit_sim -DCMAKE_INSTALL_PREFIX=/sim_ws/src/install/pure_pursuit_sim
[2.009s] Invoking command in '/sim_ws/src/build/pure_pursuit_sim': CMAKE_PREFIX_PATH=/opt/ros/foxy /usr/bin/cmake --build /sim_ws/src/build/pure_pursuit_sim -- -j12 -l12
[2.043s] [35m[1mScanning dependencies of target pure_pursuit_node[0m
[2.075s] [ 50%] [32mBuilding CXX object CMakeFiles/pure_pursuit_node.dir/src/pure_pursuit_node.cpp.o[0m
[3.152s] [01m[K/sim_ws/src/pure_pursuit_sim/src/pure_pursuit_node.cpp:32:81:[m[K [01;35m[Kwarning: [m[K‘[01m[Kgeometry_msgs::msg::PoseStamped_<std::allocator<void> >::ConstPtr[m[K’ is deprecated [[01;35m[K-Wdeprecated-declarations[m[K]
[3.152s]    32 |     void pose_callback(const geometry_msgs::msg::PoseStamped::ConstPtr &pose_msg[01;35m[K)[m[K
[3.152s]       |                                                                                 [01;35m[K^[m[K
[3.152s] In file included from [01m[K/opt/ros/foxy/include/geometry_msgs/msg/pose_stamped.hpp:7[m[K,
[3.152s]                  from [01m[K/sim_ws/src/pure_pursuit_sim/src/pure_pursuit_node.cpp:10[m[K:
[3.152s] [01m[K/opt/ros/foxy/include/geometry_msgs/msg/detail/pose_stamped__struct.hpp:114:5:[m[K [01;36m[Knote: [m[Kdeclared here
[3.153s]   114 |     [01;36m[KConstPtr[m[K;
[3.153s]       |     [01;36m[K^~~~~~~~[m[K
[3.153s] [01m[K/sim_ws/src/pure_pursuit_sim/src/pure_pursuit_node.cpp:[m[K In member function ‘[01m[Kvoid PurePursuit::pose_callback(const ConstPtr&)[m[K’:
[3.153s] [01m[K/sim_ws/src/pure_pursuit_sim/src/pure_pursuit_node.cpp:32:73:[m[K [01;35m[Kwarning: [m[Kunused parameter ‘[01m[Kpose_msg[m[K’ [[01;35m[K-Wunused-parameter[m[K]
[3.153s]    32 |     void pose_callback([01;35m[Kconst geometry_msgs::msg::PoseStamped::ConstPtr &pose_msg[m[K)
[3.153s]       |                        [01;35m[K~~~~~~~~~~~~~~~~~~~~~~~~~~~~~~~~~~~~~~~~~~~~~~~~~^~~~~~~~[m[K
[3.560s] [100%] [32m[1mLinking CXX executable pure_pursuit_node[0m
[3.660s] [100%] Built target pure_pursuit_node
[3.668s] Invoked command in '/sim_ws/src/build/pure_pursuit_sim' returned '0': CMAKE_PREFIX_PATH=/opt/ros/foxy /usr/bin/cmake --build /sim_ws/src/build/pure_pursuit_sim -- -j12 -l12
[3.685s] Invoking command in '/sim_ws/src/build/pure_pursuit_sim': CMAKE_PREFIX_PATH=/opt/ros/foxy /usr/bin/cmake --install /sim_ws/src/build/pure_pursuit_sim
[3.692s] -- Install configuration: ""
[3.692s] -- Installing: /sim_ws/src/install/pure_pursuit_sim/lib/pure_pursuit_sim/pure_pursuit_node
[3.692s] -- Set runtime path of "/sim_ws/src/install/pure_pursuit_sim/lib/pure_pursuit_sim/pure_pursuit_node" to ""
[3.692s] -- Installing: /sim_ws/src/install/pure_pursuit_sim/share/pure_pursuit_sim/environment/pythonpath.sh
[3.693s] -- Installing: /sim_ws/src/install/pure_pursuit_sim/share/pure_pursuit_sim/environment/pythonpath.dsv
[3.693s] -- Installing: /sim_ws/src/install/pure_pursuit_sim/lib/python3.8/site-packages/pure_pursuit_sim
[3.693s] -- Installing: /sim_ws/src/install/pure_pursuit_sim/lib/python3.8/site-packages/pure_pursuit_sim/__init__.py
[3.716s] Listing '/sim_ws/src/install/pure_pursuit_sim/lib/python3.8/site-packages/pure_pursuit_sim'...
[3.717s] Compiling '/sim_ws/src/install/pure_pursuit_sim/lib/python3.8/site-packages/pure_pursuit_sim/__init__.py'...
[3.719s] -- Installing: /sim_ws/src/install/pure_pursuit_sim/lib/pure_pursuit_sim/pure_pursuit_node.py
[3.720s] -- Installing: /sim_ws/src/install/pure_pursuit_sim/lib/pure_pursuit_sim/waypoint_logger.py
[3.720s] -- Installing: /sim_ws/src/install/pure_pursuit_sim/share/ament_index/resource_index/package_run_dependencies/pure_pursuit_sim
[3.720s] -- Installing: /sim_ws/src/install/pure_pursuit_sim/share/ament_index/resource_index/parent_prefix_path/pure_pursuit_sim
[3.720s] -- Installing: /sim_ws/src/install/pure_pursuit_sim/share/pure_pursuit_sim/environment/ament_prefix_path.sh
[3.720s] -- Installing: /sim_ws/src/install/pure_pursuit_sim/share/pure_pursuit_sim/environment/ament_prefix_path.dsv
[3.720s] -- Installing: /sim_ws/src/install/pure_pursuit_sim/share/pure_pursuit_sim/environment/path.sh
[3.720s] -- Installing: /sim_ws/src/install/pure_pursuit_sim/share/pure_pursuit_sim/environment/path.dsv
[3.720s] -- Installing: /sim_ws/src/install/pure_pursuit_sim/share/pure_pursuit_sim/local_setup.bash
[3.720s] -- Installing: /sim_ws/src/install/pure_pursuit_sim/share/pure_pursuit_sim/local_setup.sh
[3.721s] -- Installing: /sim_ws/src/install/pure_pursuit_sim/share/pure_pursuit_sim/local_setup.zsh
[3.721s] -- Installing: /sim_ws/src/install/pure_pursuit_sim/share/pure_pursuit_sim/local_setup.dsv
[3.721s] -- Installing: /sim_ws/src/install/pure_pursuit_sim/share/pure_pursuit_sim/package.dsv
[3.721s] -- Installing: /sim_ws/src/install/pure_pursuit_sim/share/ament_index/resource_index/packages/pure_pursuit_sim
[3.721s] -- Installing: /sim_ws/src/install/pure_pursuit_sim/share/pure_pursuit_sim/cmake/pure_pursuit_simConfig.cmake
[3.721s] -- Installing: /sim_ws/src/install/pure_pursuit_sim/share/pure_pursuit_sim/cmake/pure_pursuit_simConfig-version.cmake
[3.721s] -- Installing: /sim_ws/src/install/pure_pursuit_sim/share/pure_pursuit_sim/package.xml
[3.724s] Invoked command in '/sim_ws/src/build/pure_pursuit_sim' returned '0': CMAKE_PREFIX_PATH=/opt/ros/foxy /usr/bin/cmake --install /sim_ws/src/build/pure_pursuit_sim
