[0.198s] Invoking command in '/sim_ws/src/build/wall_follow': CMAKE_PREFIX_PATH=/opt/ros/foxy /usr/bin/cmake --build /sim_ws/src/build/wall_follow -- -j12 -l12
[0.253s] [100%] Built target wall_follow_node
[0.264s] Invoked command in '/sim_ws/src/build/wall_follow' returned '0': CMAKE_PREFIX_PATH=/opt/ros/foxy /usr/bin/cmake --build /sim_ws/src/build/wall_follow -- -j12 -l12
[0.294s] Invoking command in '/sim_ws/src/build/wall_follow': CMAKE_PREFIX_PATH=/opt/ros/foxy /usr/bin/cmake --install /sim_ws/src/build/wall_follow
[0.299s] -- Install configuration: ""
[0.299s] -- Up-to-date: /sim_ws/src/install/wall_follow/lib/wall_follow/wall_follow_node
[0.299s] -- Up-to-date: /sim_ws/src/install/wall_follow/share/wall_follow/environment/pythonpath.sh
[0.299s] -- Up-to-date: /sim_ws/src/install/wall_follow/share/wall_follow/environment/pythonpath.dsv
[0.299s] -- Up-to-date: /sim_ws/src/install/wall_follow/lib/python3.8/site-packages/wall_follow
[0.299s] -- Up-to-date: /sim_ws/src/install/wall_follow/lib/python3.8/site-packages/wall_follow/__init__.py
[0.332s] Listing '/sim_ws/src/install/wall_follow/lib/python3.8/site-packages/wall_follow'...
[0.335s] -- Up-to-date: /sim_ws/src/install/wall_follow/lib/wall_follow/wall_follow_node.py
[0.335s] -- Up-to-date: /sim_ws/src/install/wall_follow/share/ament_index/resource_index/package_run_dependencies/wall_follow
[0.336s] -- Up-to-date: /sim_ws/src/install/wall_follow/share/ament_index/resource_index/parent_prefix_path/wall_follow
[0.336s] -- Up-to-date: /sim_ws/src/install/wall_follow/share/wall_follow/environment/ament_prefix_path.sh
[0.336s] -- Up-to-date: /sim_ws/src/install/wall_follow/share/wall_follow/environment/ament_prefix_path.dsv
[0.337s] -- Up-to-date: /sim_ws/src/install/wall_follow/share/wall_follow/environment/path.sh
[0.337s] -- Up-to-date: /sim_ws/src/install/wall_follow/share/wall_follow/environment/path.dsv
[0.337s] -- Up-to-date: /sim_ws/src/install/wall_follow/share/wall_follow/local_setup.bash
[0.337s] -- Up-to-date: /sim_ws/src/install/wall_follow/share/wall_follow/local_setup.sh
[0.338s] -- Up-to-date: /sim_ws/src/install/wall_follow/share/wall_follow/local_setup.zsh
[0.338s] -- Up-to-date: /sim_ws/src/install/wall_follow/share/wall_follow/local_setup.dsv
[0.338s] -- Installing: /sim_ws/src/install/wall_follow/share/wall_follow/package.dsv
[0.338s] -- Up-to-date: /sim_ws/src/install/wall_follow/share/ament_index/resource_index/packages/wall_follow
[0.338s] -- Up-to-date: /sim_ws/src/install/wall_follow/share/wall_follow/cmake/wall_followConfig.cmake
[0.338s] -- Up-to-date: /sim_ws/src/install/wall_follow/share/wall_follow/cmake/wall_followConfig-version.cmake
[0.338s] -- Up-to-date: /sim_ws/src/install/wall_follow/share/wall_follow/package.xml
[0.378s] Invoked command in '/sim_ws/src/build/wall_follow' returned '0': CMAKE_PREFIX_PATH=/opt/ros/foxy /usr/bin/cmake --install /sim_ws/src/build/wall_follow
