[0.251s] DEBUG:colcon:Command line arguments: ['/usr/bin/colcon', 'build']
[0.251s] DEBUG:colcon:Parsed command line arguments: Namespace(ament_cmake_args=None, base_paths=['.'], build_base='build', catkin_cmake_args=None, catkin_skip_building_tests=False, cmake_args=None, cmake_clean_cache=False, cmake_clean_first=False, cmake_force_configure=False, cmake_target=None, cmake_target_skip_unavailable=False, continue_on_error=False, event_handlers=None, executor='parallel', ignore_user_meta=False, install_base='install', log_base=None, log_level=None, main=<bound method BuildVerb.main of <colcon_core.verb.build.BuildVerb object at 0x7f16625ac850>>, merge_install=False, metas=['./colcon.meta'], mixin=None, mixin_files=None, mixin_verb=('build',), packages_above=None, packages_above_and_dependencies=None, packages_above_depth=None, packages_end=None, packages_ignore=None, packages_ignore_regex=None, packages_select=None, packages_select_build_failed=False, packages_select_by_dep=None, packages_select_regex=None, packages_select_test_failures=False, packages_skip=None, packages_skip_build_finished=False, packages_skip_by_dep=None, packages_skip_regex=None, packages_skip_test_passed=False, packages_skip_up_to=None, packages_start=None, packages_up_to=None, packages_up_to_regex=None, parallel_workers=12, paths=None, symlink_install=False, test_result_base=None, verb_extension=<colcon_core.verb.build.BuildVerb object at 0x7f16625ac850>, verb_name='build', verb_parser=<colcon_mixin.mixin.mixin_argument.MixinArgumentDecorator object at 0x7f16625ace20>)
[0.255s] Level 1:colcon.colcon_core.package_discovery:discover_packages(colcon_meta) check parameters
[0.256s] INFO:colcon.colcon_metadata.package_discovery.colcon_meta:Using configuration from '/root/.colcon/metadata/default/Gazebo.meta'
[0.256s] INFO:colcon.colcon_metadata.package_discovery.colcon_meta:Using configuration from '/root/.colcon/metadata/default/fastrtps.meta'
[0.256s] Level 1:colcon.colcon_core.package_discovery:discover_packages(recursive) check parameters
[0.256s] Level 1:colcon.colcon_core.package_discovery:discover_packages(ignore) check parameters
[0.256s] Level 1:colcon.colcon_core.package_discovery:discover_packages(path) check parameters
[0.256s] Level 1:colcon.colcon_core.package_discovery:discover_packages(colcon_meta) discover
[0.256s] Level 1:colcon.colcon_core.package_discovery:discover_packages(recursive) discover
[0.256s] INFO:colcon.colcon_core.package_discovery:Crawling recursively for packages in '/sim_ws/src'
[0.256s] Level 1:colcon.colcon_core.package_identification:_identify(.) by extensions ['ignore', 'ignore_ament_install']
[0.256s] Level 1:colcon.colcon_core.package_identification:_identify(.) by extension 'ignore'
[0.256s] Level 1:colcon.colcon_core.package_identification:_identify(.) by extension 'ignore_ament_install'
[0.257s] Level 1:colcon.colcon_core.package_identification:_identify(.) by extensions ['colcon_pkg']
[0.257s] Level 1:colcon.colcon_core.package_identification:_identify(.) by extension 'colcon_pkg'
[0.257s] Level 1:colcon.colcon_core.package_identification:_identify(.) by extensions ['colcon_meta']
[0.257s] Level 1:colcon.colcon_core.package_identification:_identify(.) by extension 'colcon_meta'
[0.257s] Level 1:colcon.colcon_core.package_identification:_identify(.) by extensions ['ros']
[0.257s] Level 1:colcon.colcon_core.package_identification:_identify(.) by extension 'ros'
[0.266s] Level 1:colcon.colcon_core.package_identification:_identify(.) by extensions ['cmake', 'python']
[0.266s] Level 1:colcon.colcon_core.package_identification:_identify(.) by extension 'cmake'
[0.266s] Level 1:colcon.colcon_core.package_identification:_identify(.) by extension 'python'
[0.266s] Level 1:colcon.colcon_core.package_identification:_identify(.) by extensions ['python_setup_py']
[0.266s] Level 1:colcon.colcon_core.package_identification:_identify(.) by extension 'python_setup_py'
[0.266s] Level 1:colcon.colcon_core.package_identification:_identify(build) by extensions ['ignore', 'ignore_ament_install']
[0.266s] Level 1:colcon.colcon_core.package_identification:_identify(build) by extension 'ignore'
[0.266s] Level 1:colcon.colcon_core.package_identification:_identify(build) ignored
[0.266s] Level 1:colcon.colcon_core.package_identification:_identify(f1tenth_gym_ros) by extensions ['ignore', 'ignore_ament_install']
[0.266s] Level 1:colcon.colcon_core.package_identification:_identify(f1tenth_gym_ros) by extension 'ignore'
[0.266s] Level 1:colcon.colcon_core.package_identification:_identify(f1tenth_gym_ros) by extension 'ignore_ament_install'
[0.266s] Level 1:colcon.colcon_core.package_identification:_identify(f1tenth_gym_ros) by extensions ['colcon_pkg']
[0.266s] Level 1:colcon.colcon_core.package_identification:_identify(f1tenth_gym_ros) by extension 'colcon_pkg'
[0.266s] Level 1:colcon.colcon_core.package_identification:_identify(f1tenth_gym_ros) by extensions ['colcon_meta']
[0.266s] Level 1:colcon.colcon_core.package_identification:_identify(f1tenth_gym_ros) by extension 'colcon_meta'
[0.266s] Level 1:colcon.colcon_core.package_identification:_identify(f1tenth_gym_ros) by extensions ['ros']
[0.267s] Level 1:colcon.colcon_core.package_identification:_identify(f1tenth_gym_ros) by extension 'ros'
[0.268s] DEBUG:colcon.colcon_core.package_identification:Package 'f1tenth_gym_ros' with type 'ros.ament_python' and name 'f1tenth_gym_ros'
[0.269s] Level 1:colcon.colcon_core.package_identification:_identify(gap_follow) by extensions ['ignore', 'ignore_ament_install']
[0.269s] Level 1:colcon.colcon_core.package_identification:_identify(gap_follow) by extension 'ignore'
[0.269s] Level 1:colcon.colcon_core.package_identification:_identify(gap_follow) by extension 'ignore_ament_install'
[0.269s] Level 1:colcon.colcon_core.package_identification:_identify(gap_follow) by extensions ['colcon_pkg']
[0.269s] Level 1:colcon.colcon_core.package_identification:_identify(gap_follow) by extension 'colcon_pkg'
[0.269s] Level 1:colcon.colcon_core.package_identification:_identify(gap_follow) by extensions ['colcon_meta']
[0.269s] Level 1:colcon.colcon_core.package_identification:_identify(gap_follow) by extension 'colcon_meta'
[0.269s] Level 1:colcon.colcon_core.package_identification:_identify(gap_follow) by extensions ['ros']
[0.269s] Level 1:colcon.colcon_core.package_identification:_identify(gap_follow) by extension 'ros'
[0.270s] DEBUG:colcon.colcon_core.package_identification:Package 'gap_follow' with type 'ros.ament_cmake' and name 'gap_follow'
[0.270s] Level 1:colcon.colcon_core.package_identification:_identify(install) by extensions ['ignore', 'ignore_ament_install']
[0.270s] Level 1:colcon.colcon_core.package_identification:_identify(install) by extension 'ignore'
[0.270s] Level 1:colcon.colcon_core.package_identification:_identify(install) ignored
[0.270s] Level 1:colcon.colcon_core.package_identification:_identify(log) by extensions ['ignore', 'ignore_ament_install']
[0.270s] Level 1:colcon.colcon_core.package_identification:_identify(log) by extension 'ignore'
[0.270s] Level 1:colcon.colcon_core.package_identification:_identify(log) ignored
[0.270s] Level 1:colcon.colcon_core.package_identification:_identify(pure_pursuit) by extensions ['ignore', 'ignore_ament_install']
[0.270s] Level 1:colcon.colcon_core.package_identification:_identify(pure_pursuit) by extension 'ignore'
[0.270s] Level 1:colcon.colcon_core.package_identification:_identify(pure_pursuit) by extension 'ignore_ament_install'
[0.270s] Level 1:colcon.colcon_core.package_identification:_identify(pure_pursuit) by extensions ['colcon_pkg']
[0.270s] Level 1:colcon.colcon_core.package_identification:_identify(pure_pursuit) by extension 'colcon_pkg'
[0.270s] Level 1:colcon.colcon_core.package_identification:_identify(pure_pursuit) by extensions ['colcon_meta']
[0.270s] Level 1:colcon.colcon_core.package_identification:_identify(pure_pursuit) by extension 'colcon_meta'
[0.271s] Level 1:colcon.colcon_core.package_identification:_identify(pure_pursuit) by extensions ['ros']
[0.271s] Level 1:colcon.colcon_core.package_identification:_identify(pure_pursuit) by extension 'ros'
[0.271s] DEBUG:colcon.colcon_core.package_identification:Package 'pure_pursuit' with type 'ros.ament_cmake' and name 'pure_pursuit'
[0.272s] Level 1:colcon.colcon_core.package_identification:_identify(pure_pursuit_sim) by extensions ['ignore', 'ignore_ament_install']
[0.272s] Level 1:colcon.colcon_core.package_identification:_identify(pure_pursuit_sim) by extension 'ignore'
[0.272s] Level 1:colcon.colcon_core.package_identification:_identify(pure_pursuit_sim) by extension 'ignore_ament_install'
[0.272s] Level 1:colcon.colcon_core.package_identification:_identify(pure_pursuit_sim) by extensions ['colcon_pkg']
[0.272s] Level 1:colcon.colcon_core.package_identification:_identify(pure_pursuit_sim) by extension 'colcon_pkg'
[0.272s] Level 1:colcon.colcon_core.package_identification:_identify(pure_pursuit_sim) by extensions ['colcon_meta']
[0.272s] Level 1:colcon.colcon_core.package_identification:_identify(pure_pursuit_sim) by extension 'colcon_meta'
[0.272s] Level 1:colcon.colcon_core.package_identification:_identify(pure_pursuit_sim) by extensions ['ros']
[0.272s] Level 1:colcon.colcon_core.package_identification:_identify(pure_pursuit_sim) by extension 'ros'
[0.273s] DEBUG:colcon.colcon_core.package_identification:Package 'pure_pursuit_sim' with type 'ros.ament_cmake' and name 'pure_pursuit_sim'
[0.273s] Level 1:colcon.colcon_core.package_identification:_identify(safety_node) by extensions ['ignore', 'ignore_ament_install']
[0.273s] Level 1:colcon.colcon_core.package_identification:_identify(safety_node) by extension 'ignore'
[0.273s] Level 1:colcon.colcon_core.package_identification:_identify(safety_node) by extension 'ignore_ament_install'
[0.273s] Level 1:colcon.colcon_core.package_identification:_identify(safety_node) by extensions ['colcon_pkg']
[0.273s] Level 1:colcon.colcon_core.package_identification:_identify(safety_node) by extension 'colcon_pkg'
[0.273s] Level 1:colcon.colcon_core.package_identification:_identify(safety_node) by extensions ['colcon_meta']
[0.273s] Level 1:colcon.colcon_core.package_identification:_identify(safety_node) by extension 'colcon_meta'
[0.273s] Level 1:colcon.colcon_core.package_identification:_identify(safety_node) by extensions ['ros']
[0.273s] Level 1:colcon.colcon_core.package_identification:_identify(safety_node) by extension 'ros'
[0.274s] DEBUG:colcon.colcon_core.package_identification:Package 'safety_node' with type 'ros.ament_cmake' and name 'safety_node'
[0.274s] Level 1:colcon.colcon_core.package_identification:_identify(wall_follow) by extensions ['ignore', 'ignore_ament_install']
[0.274s] Level 1:colcon.colcon_core.package_identification:_identify(wall_follow) by extension 'ignore'
[0.274s] Level 1:colcon.colcon_core.package_identification:_identify(wall_follow) by extension 'ignore_ament_install'
[0.275s] Level 1:colcon.colcon_core.package_identification:_identify(wall_follow) by extensions ['colcon_pkg']
[0.275s] Level 1:colcon.colcon_core.package_identification:_identify(wall_follow) by extension 'colcon_pkg'
[0.275s] Level 1:colcon.colcon_core.package_identification:_identify(wall_follow) by extensions ['colcon_meta']
[0.275s] Level 1:colcon.colcon_core.package_identification:_identify(wall_follow) by extension 'colcon_meta'
[0.275s] Level 1:colcon.colcon_core.package_identification:_identify(wall_follow) by extensions ['ros']
[0.275s] Level 1:colcon.colcon_core.package_identification:_identify(wall_follow) by extension 'ros'
[0.275s] DEBUG:colcon.colcon_core.package_identification:Package 'wall_follow' with type 'ros.ament_cmake' and name 'wall_follow'
[0.275s] Level 1:colcon.colcon_core.package_discovery:discover_packages(recursive) using defaults
[0.276s] Level 1:colcon.colcon_core.package_discovery:discover_packages(ignore) discover
[0.276s] Level 1:colcon.colcon_core.package_discovery:discover_packages(ignore) using defaults
[0.276s] Level 1:colcon.colcon_core.package_discovery:discover_packages(path) discover
[0.276s] Level 1:colcon.colcon_core.package_discovery:discover_packages(path) using defaults
[0.291s] Level 5:colcon.colcon_core.verb:set package 'f1tenth_gym_ros' build argument 'cmake_args' from command line to 'None'
[0.291s] Level 5:colcon.colcon_core.verb:set package 'f1tenth_gym_ros' build argument 'cmake_target' from command line to 'None'
[0.291s] Level 5:colcon.colcon_core.verb:set package 'f1tenth_gym_ros' build argument 'cmake_target_skip_unavailable' from command line to 'False'
[0.291s] Level 5:colcon.colcon_core.verb:set package 'f1tenth_gym_ros' build argument 'cmake_clean_cache' from command line to 'False'
[0.291s] Level 5:colcon.colcon_core.verb:set package 'f1tenth_gym_ros' build argument 'cmake_clean_first' from command line to 'False'
[0.291s] Level 5:colcon.colcon_core.verb:set package 'f1tenth_gym_ros' build argument 'cmake_force_configure' from command line to 'False'
[0.291s] Level 5:colcon.colcon_core.verb:set package 'f1tenth_gym_ros' build argument 'ament_cmake_args' from command line to 'None'
[0.291s] Level 5:colcon.colcon_core.verb:set package 'f1tenth_gym_ros' build argument 'catkin_cmake_args' from command line to 'None'
[0.291s] Level 5:colcon.colcon_core.verb:set package 'f1tenth_gym_ros' build argument 'catkin_skip_building_tests' from command line to 'False'
[0.291s] DEBUG:colcon.colcon_core.verb:Building package 'f1tenth_gym_ros' with the following arguments: {'ament_cmake_args': None, 'build_base': '/sim_ws/src/build/f1tenth_gym_ros', 'catkin_cmake_args': None, 'catkin_skip_building_tests': False, 'cmake_args': None, 'cmake_clean_cache': False, 'cmake_clean_first': False, 'cmake_force_configure': False, 'cmake_target': None, 'cmake_target_skip_unavailable': False, 'install_base': '/sim_ws/src/install/f1tenth_gym_ros', 'merge_install': False, 'path': '/sim_ws/src/f1tenth_gym_ros', 'symlink_install': False, 'test_result_base': None}
[0.293s] Level 5:colcon.colcon_core.verb:set package 'gap_follow' build argument 'cmake_args' from command line to 'None'
[0.293s] Level 5:colcon.colcon_core.verb:set package 'gap_follow' build argument 'cmake_target' from command line to 'None'
[0.293s] Level 5:colcon.colcon_core.verb:set package 'gap_follow' build argument 'cmake_target_skip_unavailable' from command line to 'False'
[0.293s] Level 5:colcon.colcon_core.verb:set package 'gap_follow' build argument 'cmake_clean_cache' from command line to 'False'
[0.293s] Level 5:colcon.colcon_core.verb:set package 'gap_follow' build argument 'cmake_clean_first' from command line to 'False'
[0.293s] Level 5:colcon.colcon_core.verb:set package 'gap_follow' build argument 'cmake_force_configure' from command line to 'False'
[0.293s] Level 5:colcon.colcon_core.verb:set package 'gap_follow' build argument 'ament_cmake_args' from command line to 'None'
[0.293s] Level 5:colcon.colcon_core.verb:set package 'gap_follow' build argument 'catkin_cmake_args' from command line to 'None'
[0.293s] Level 5:colcon.colcon_core.verb:set package 'gap_follow' build argument 'catkin_skip_building_tests' from command line to 'False'
[0.293s] DEBUG:colcon.colcon_core.verb:Building package 'gap_follow' with the following arguments: {'ament_cmake_args': None, 'build_base': '/sim_ws/src/build/gap_follow', 'catkin_cmake_args': None, 'catkin_skip_building_tests': False, 'cmake_args': None, 'cmake_clean_cache': False, 'cmake_clean_first': False, 'cmake_force_configure': False, 'cmake_target': None, 'cmake_target_skip_unavailable': False, 'install_base': '/sim_ws/src/install/gap_follow', 'merge_install': False, 'path': '/sim_ws/src/gap_follow', 'symlink_install': False, 'test_result_base': None}
[0.295s] Level 5:colcon.colcon_core.verb:set package 'pure_pursuit' build argument 'cmake_args' from command line to 'None'
[0.295s] Level 5:colcon.colcon_core.verb:set package 'pure_pursuit' build argument 'cmake_target' from command line to 'None'
[0.295s] Level 5:colcon.colcon_core.verb:set package 'pure_pursuit' build argument 'cmake_target_skip_unavailable' from command line to 'False'
[0.295s] Level 5:colcon.colcon_core.verb:set package 'pure_pursuit' build argument 'cmake_clean_cache' from command line to 'False'
[0.296s] Level 5:colcon.colcon_core.verb:set package 'pure_pursuit' build argument 'cmake_clean_first' from command line to 'False'
[0.296s] Level 5:colcon.colcon_core.verb:set package 'pure_pursuit' build argument 'cmake_force_configure' from command line to 'False'
[0.296s] Level 5:colcon.colcon_core.verb:set package 'pure_pursuit' build argument 'ament_cmake_args' from command line to 'None'
[0.296s] Level 5:colcon.colcon_core.verb:set package 'pure_pursuit' build argument 'catkin_cmake_args' from command line to 'None'
[0.296s] Level 5:colcon.colcon_core.verb:set package 'pure_pursuit' build argument 'catkin_skip_building_tests' from command line to 'False'
[0.296s] DEBUG:colcon.colcon_core.verb:Building package 'pure_pursuit' with the following arguments: {'ament_cmake_args': None, 'build_base': '/sim_ws/src/build/pure_pursuit', 'catkin_cmake_args': None, 'catkin_skip_building_tests': False, 'cmake_args': None, 'cmake_clean_cache': False, 'cmake_clean_first': False, 'cmake_force_configure': False, 'cmake_target': None, 'cmake_target_skip_unavailable': False, 'install_base': '/sim_ws/src/install/pure_pursuit', 'merge_install': False, 'path': '/sim_ws/src/pure_pursuit', 'symlink_install': False, 'test_result_base': None}
[0.298s] Level 5:colcon.colcon_core.verb:set package 'pure_pursuit_sim' build argument 'cmake_args' from command line to 'None'
[0.298s] Level 5:colcon.colcon_core.verb:set package 'pure_pursuit_sim' build argument 'cmake_target' from command line to 'None'
[0.298s] Level 5:colcon.colcon_core.verb:set package 'pure_pursuit_sim' build argument 'cmake_target_skip_unavailable' from command line to 'False'
[0.298s] Level 5:colcon.colcon_core.verb:set package 'pure_pursuit_sim' build argument 'cmake_clean_cache' from command line to 'False'
[0.298s] Level 5:colcon.colcon_core.verb:set package 'pure_pursuit_sim' build argument 'cmake_clean_first' from command line to 'False'
[0.298s] Level 5:colcon.colcon_core.verb:set package 'pure_pursuit_sim' build argument 'cmake_force_configure' from command line to 'False'
[0.298s] Level 5:colcon.colcon_core.verb:set package 'pure_pursuit_sim' build argument 'ament_cmake_args' from command line to 'None'
[0.298s] Level 5:colcon.colcon_core.verb:set package 'pure_pursuit_sim' build argument 'catkin_cmake_args' from command line to 'None'
[0.298s] Level 5:colcon.colcon_core.verb:set package 'pure_pursuit_sim' build argument 'catkin_skip_building_tests' from command line to 'False'
[0.298s] DEBUG:colcon.colcon_core.verb:Building package 'pure_pursuit_sim' with the following arguments: {'ament_cmake_args': None, 'build_base': '/sim_ws/src/build/pure_pursuit_sim', 'catkin_cmake_args': None, 'catkin_skip_building_tests': False, 'cmake_args': None, 'cmake_clean_cache': False, 'cmake_clean_first': False, 'cmake_force_configure': False, 'cmake_target': None, 'cmake_target_skip_unavailable': False, 'install_base': '/sim_ws/src/install/pure_pursuit_sim', 'merge_install': False, 'path': '/sim_ws/src/pure_pursuit_sim', 'symlink_install': False, 'test_result_base': None}
[0.300s] Level 5:colcon.colcon_core.verb:set package 'safety_node' build argument 'cmake_args' from command line to 'None'
[0.300s] Level 5:colcon.colcon_core.verb:set package 'safety_node' build argument 'cmake_target' from command line to 'None'
[0.300s] Level 5:colcon.colcon_core.verb:set package 'safety_node' build argument 'cmake_target_skip_unavailable' from command line to 'False'
[0.300s] Level 5:colcon.colcon_core.verb:set package 'safety_node' build argument 'cmake_clean_cache' from command line to 'False'
[0.300s] Level 5:colcon.colcon_core.verb:set package 'safety_node' build argument 'cmake_clean_first' from command line to 'False'
[0.300s] Level 5:colcon.colcon_core.verb:set package 'safety_node' build argument 'cmake_force_configure' from command line to 'False'
[0.300s] Level 5:colcon.colcon_core.verb:set package 'safety_node' build argument 'ament_cmake_args' from command line to 'None'
[0.300s] Level 5:colcon.colcon_core.verb:set package 'safety_node' build argument 'catkin_cmake_args' from command line to 'None'
[0.300s] Level 5:colcon.colcon_core.verb:set package 'safety_node' build argument 'catkin_skip_building_tests' from command line to 'False'
[0.300s] DEBUG:colcon.colcon_core.verb:Building package 'safety_node' with the following arguments: {'ament_cmake_args': None, 'build_base': '/sim_ws/src/build/safety_node', 'catkin_cmake_args': None, 'catkin_skip_building_tests': False, 'cmake_args': None, 'cmake_clean_cache': False, 'cmake_clean_first': False, 'cmake_force_configure': False, 'cmake_target': None, 'cmake_target_skip_unavailable': False, 'install_base': '/sim_ws/src/install/safety_node', 'merge_install': False, 'path': '/sim_ws/src/safety_node', 'symlink_install': False, 'test_result_base': None}
[0.302s] Level 5:colcon.colcon_core.verb:set package 'wall_follow' build argument 'cmake_args' from command line to 'None'
[0.302s] Level 5:colcon.colcon_core.verb:set package 'wall_follow' build argument 'cmake_target' from command line to 'None'
[0.302s] Level 5:colcon.colcon_core.verb:set package 'wall_follow' build argument 'cmake_target_skip_unavailable' from command line to 'False'
[0.302s] Level 5:colcon.colcon_core.verb:set package 'wall_follow' build argument 'cmake_clean_cache' from command line to 'False'
[0.302s] Level 5:colcon.colcon_core.verb:set package 'wall_follow' build argument 'cmake_clean_first' from command line to 'False'
[0.302s] Level 5:colcon.colcon_core.verb:set package 'wall_follow' build argument 'cmake_force_configure' from command line to 'False'
[0.302s] Level 5:colcon.colcon_core.verb:set package 'wall_follow' build argument 'ament_cmake_args' from command line to 'None'
[0.302s] Level 5:colcon.colcon_core.verb:set package 'wall_follow' build argument 'catkin_cmake_args' from command line to 'None'
[0.302s] Level 5:colcon.colcon_core.verb:set package 'wall_follow' build argument 'catkin_skip_building_tests' from command line to 'False'
[0.302s] DEBUG:colcon.colcon_core.verb:Building package 'wall_follow' with the following arguments: {'ament_cmake_args': None, 'build_base': '/sim_ws/src/build/wall_follow', 'catkin_cmake_args': None, 'catkin_skip_building_tests': False, 'cmake_args': None, 'cmake_clean_cache': False, 'cmake_clean_first': False, 'cmake_force_configure': False, 'cmake_target': None, 'cmake_target_skip_unavailable': False, 'install_base': '/sim_ws/src/install/wall_follow', 'merge_install': False, 'path': '/sim_ws/src/wall_follow', 'symlink_install': False, 'test_result_base': None}
[0.303s] INFO:colcon.colcon_core.executor:Executing jobs using 'parallel' executor
[0.304s] DEBUG:colcon.colcon_parallel_executor.executor.parallel:run_until_complete
[0.305s] INFO:colcon.colcon_ros.task.ament_python.build:Building ROS package in '/sim_ws/src/f1tenth_gym_ros' with build type 'ament_python'
[0.305s] Level 1:colcon.colcon_core.shell:create_environment_hook('f1tenth_gym_ros', 'ament_prefix_path')
[0.308s] INFO:colcon.colcon_core.plugin_system:Skipping extension 'colcon_core.shell.bat': Not used on non-Windows systems
[0.309s] INFO:colcon.colcon_core.shell:Creating environment hook '/sim_ws/src/install/f1tenth_gym_ros/share/f1tenth_gym_ros/hook/ament_prefix_path.ps1'
[0.309s] INFO:colcon.colcon_core.shell:Creating environment descriptor '/sim_ws/src/install/f1tenth_gym_ros/share/f1tenth_gym_ros/hook/ament_prefix_path.dsv'
[0.309s] INFO:colcon.colcon_core.shell:Creating environment hook '/sim_ws/src/install/f1tenth_gym_ros/share/f1tenth_gym_ros/hook/ament_prefix_path.sh'
[0.310s] INFO:colcon.colcon_core.shell:Skip shell extension 'powershell' for command environment: Not usable outside of PowerShell
[0.310s] DEBUG:colcon.colcon_core.shell:Skip shell extension 'dsv' for command environment
[0.312s] DEBUG:colcon.colcon_core.shell:Ignoring prefix path '/opt/ros/foxy'
[0.314s] INFO:colcon.colcon_ros.task.ament_cmake.build:Building ROS package in '/sim_ws/src/gap_follow' with build type 'ament_cmake'
[0.314s] INFO:colcon.colcon_cmake.task.cmake.build:Building CMake package in '/sim_ws/src/gap_follow'
[0.315s] INFO:colcon.colcon_core.shell:Skip shell extension 'powershell' for command environment: Not usable outside of PowerShell
[0.315s] DEBUG:colcon.colcon_core.shell:Skip shell extension 'dsv' for command environment
[0.316s] DEBUG:colcon.colcon_core.shell:Ignoring prefix path '/opt/ros/foxy'
[0.318s] INFO:colcon.colcon_ros.task.ament_cmake.build:Building ROS package in '/sim_ws/src/pure_pursuit' with build type 'ament_cmake'
[0.318s] INFO:colcon.colcon_cmake.task.cmake.build:Building CMake package in '/sim_ws/src/pure_pursuit'
[0.319s] INFO:colcon.colcon_core.shell:Skip shell extension 'powershell' for command environment: Not usable outside of PowerShell
[0.319s] DEBUG:colcon.colcon_core.shell:Skip shell extension 'dsv' for command environment
[0.320s] DEBUG:colcon.colcon_core.shell:Ignoring prefix path '/opt/ros/foxy'
[0.322s] INFO:colcon.colcon_ros.task.ament_cmake.build:Building ROS package in '/sim_ws/src/pure_pursuit_sim' with build type 'ament_cmake'
[0.322s] INFO:colcon.colcon_cmake.task.cmake.build:Building CMake package in '/sim_ws/src/pure_pursuit_sim'
[0.323s] INFO:colcon.colcon_core.shell:Skip shell extension 'powershell' for command environment: Not usable outside of PowerShell
[0.323s] DEBUG:colcon.colcon_core.shell:Skip shell extension 'dsv' for command environment
[0.324s] DEBUG:colcon.colcon_core.shell:Ignoring prefix path '/opt/ros/foxy'
[0.326s] INFO:colcon.colcon_ros.task.ament_cmake.build:Building ROS package in '/sim_ws/src/safety_node' with build type 'ament_cmake'
[0.326s] INFO:colcon.colcon_cmake.task.cmake.build:Building CMake package in '/sim_ws/src/safety_node'
[0.327s] INFO:colcon.colcon_core.shell:Skip shell extension 'powershell' for command environment: Not usable outside of PowerShell
[0.327s] DEBUG:colcon.colcon_core.shell:Skip shell extension 'dsv' for command environment
[0.328s] DEBUG:colcon.colcon_core.shell:Ignoring prefix path '/opt/ros/foxy'
[0.330s] INFO:colcon.colcon_ros.task.ament_cmake.build:Building ROS package in '/sim_ws/src/wall_follow' with build type 'ament_cmake'
[0.330s] INFO:colcon.colcon_cmake.task.cmake.build:Building CMake package in '/sim_ws/src/wall_follow'
[0.331s] INFO:colcon.colcon_core.shell:Skip shell extension 'powershell' for command environment: Not usable outside of PowerShell
[0.331s] DEBUG:colcon.colcon_core.shell:Skip shell extension 'dsv' for command environment
[0.332s] DEBUG:colcon.colcon_core.shell:Ignoring prefix path '/opt/ros/foxy'
[0.495s] INFO:colcon.colcon_core.task.python.build:Building Python package in '/sim_ws/src/f1tenth_gym_ros'
[0.496s] INFO:colcon.colcon_core.shell:Skip shell extension 'powershell' for command environment: Not usable outside of PowerShell
[0.496s] DEBUG:colcon.colcon_core.shell:Skip shell extension 'dsv' for command environment
[0.497s] DEBUG:colcon.colcon_core.shell:Ignoring prefix path '/opt/ros/foxy'
[0.500s] DEBUG:colcon.colcon_core.event_handler.log_command:Invoking command in '/sim_ws/src/build/gap_follow': CMAKE_PREFIX_PATH=/opt/ros/foxy /usr/bin/cmake /sim_ws/src/gap_follow -DCMAKE_INSTALL_PREFIX=/sim_ws/src/install/gap_follow
[0.505s] DEBUG:colcon.colcon_core.event_handler.log_command:Invoking command in '/sim_ws/src/build/pure_pursuit': CMAKE_PREFIX_PATH=/opt/ros/foxy /usr/bin/cmake /sim_ws/src/pure_pursuit -DCMAKE_INSTALL_PREFIX=/sim_ws/src/install/pure_pursuit
[0.507s] DEBUG:colcon.colcon_core.event_handler.log_command:Invoking command in '/sim_ws/src/build/pure_pursuit_sim': CMAKE_PREFIX_PATH=/opt/ros/foxy /usr/bin/cmake /sim_ws/src/pure_pursuit_sim -DCMAKE_INSTALL_PREFIX=/sim_ws/src/install/pure_pursuit_sim
[0.509s] DEBUG:colcon.colcon_core.event_handler.log_command:Invoking command in '/sim_ws/src/build/safety_node': CMAKE_PREFIX_PATH=/opt/ros/foxy /usr/bin/cmake /sim_ws/src/safety_node -DCMAKE_INSTALL_PREFIX=/sim_ws/src/install/safety_node
[0.512s] DEBUG:colcon.colcon_core.event_handler.log_command:Invoking command in '/sim_ws/src/build/wall_follow': CMAKE_PREFIX_PATH=/opt/ros/foxy /usr/bin/cmake /sim_ws/src/wall_follow -DCMAKE_INSTALL_PREFIX=/sim_ws/src/install/wall_follow
[0.518s] DEBUG:colcon.colcon_core.event_handler.log_command:Invoking command in '/sim_ws/src/f1tenth_gym_ros': PYTHONPATH=/sim_ws/src/install/f1tenth_gym_ros/lib/python3.8/site-packages:${PYTHONPATH} /usr/bin/python3 setup.py egg_info --egg-base ../build/f1tenth_gym_ros build --build-base /sim_ws/src/build/f1tenth_gym_ros/build install --prefix /sim_ws/src/install/f1tenth_gym_ros --record /sim_ws/src/build/f1tenth_gym_ros/install.log --single-version-externally-managed
[0.805s] DEBUG:colcon.colcon_core.event_handler.log_command:Invoked command in '/sim_ws/src/f1tenth_gym_ros' returned '0': PYTHONPATH=/sim_ws/src/install/f1tenth_gym_ros/lib/python3.8/site-packages:${PYTHONPATH} /usr/bin/python3 setup.py egg_info --egg-base ../build/f1tenth_gym_ros build --build-base /sim_ws/src/build/f1tenth_gym_ros/build install --prefix /sim_ws/src/install/f1tenth_gym_ros --record /sim_ws/src/build/f1tenth_gym_ros/install.log --single-version-externally-managed
[0.808s] Level 1:colcon.colcon_core.environment:checking '/sim_ws/src/install/f1tenth_gym_ros' for CMake module files
[0.808s] Level 1:colcon.colcon_core.environment:checking '/sim_ws/src/install/f1tenth_gym_ros' for CMake config files
[0.809s] Level 1:colcon.colcon_core.environment:checking '/sim_ws/src/install/f1tenth_gym_ros/lib'
[0.809s] Level 1:colcon.colcon_core.environment:checking '/sim_ws/src/install/f1tenth_gym_ros/bin'
[0.809s] Level 1:colcon.colcon_core.environment:checking '/sim_ws/src/install/f1tenth_gym_ros/lib/pkgconfig/f1tenth_gym_ros.pc'
[0.809s] Level 1:colcon.colcon_core.environment:checking '/sim_ws/src/install/f1tenth_gym_ros/lib/python3.8/site-packages'
[0.809s] Level 1:colcon.colcon_core.shell:create_environment_hook('f1tenth_gym_ros', 'pythonpath')
[0.810s] INFO:colcon.colcon_core.shell:Creating environment hook '/sim_ws/src/install/f1tenth_gym_ros/share/f1tenth_gym_ros/hook/pythonpath.ps1'
[0.810s] INFO:colcon.colcon_core.shell:Creating environment descriptor '/sim_ws/src/install/f1tenth_gym_ros/share/f1tenth_gym_ros/hook/pythonpath.dsv'
[0.811s] INFO:colcon.colcon_core.shell:Creating environment hook '/sim_ws/src/install/f1tenth_gym_ros/share/f1tenth_gym_ros/hook/pythonpath.sh'
[0.811s] Level 1:colcon.colcon_core.environment:create_environment_scripts_only(f1tenth_gym_ros)
[0.812s] INFO:colcon.colcon_core.shell:Creating package script '/sim_ws/src/install/f1tenth_gym_ros/share/f1tenth_gym_ros/package.ps1'
[0.812s] INFO:colcon.colcon_core.shell:Creating package descriptor '/sim_ws/src/install/f1tenth_gym_ros/share/f1tenth_gym_ros/package.dsv'
[0.813s] INFO:colcon.colcon_core.shell:Creating package script '/sim_ws/src/install/f1tenth_gym_ros/share/f1tenth_gym_ros/package.sh'
[0.814s] INFO:colcon.colcon_core.shell:Creating package script '/sim_ws/src/install/f1tenth_gym_ros/share/f1tenth_gym_ros/package.bash'
[0.814s] INFO:colcon.colcon_core.shell:Creating package script '/sim_ws/src/install/f1tenth_gym_ros/share/f1tenth_gym_ros/package.zsh'
[0.815s] Level 1:colcon.colcon_core.environment:create_file_with_runtime_dependencies(/sim_ws/src/install/f1tenth_gym_ros/share/colcon-core/packages/f1tenth_gym_ros)
[1.931s] DEBUG:colcon.colcon_core.event_handler.log_command:Invoked command in '/sim_ws/src/build/gap_follow' returned '0': CMAKE_PREFIX_PATH=/opt/ros/foxy /usr/bin/cmake /sim_ws/src/gap_follow -DCMAKE_INSTALL_PREFIX=/sim_ws/src/install/gap_follow
[1.934s] DEBUG:colcon.colcon_core.event_handler.log_command:Invoking command in '/sim_ws/src/build/gap_follow': CMAKE_PREFIX_PATH=/opt/ros/foxy /usr/bin/cmake --build /sim_ws/src/build/gap_follow -- -j12 -l12
[1.946s] DEBUG:colcon.colcon_core.event_handler.log_command:Invoked command in '/sim_ws/src/build/wall_follow' returned '0': CMAKE_PREFIX_PATH=/opt/ros/foxy /usr/bin/cmake /sim_ws/src/wall_follow -DCMAKE_INSTALL_PREFIX=/sim_ws/src/install/wall_follow
[1.950s] DEBUG:colcon.colcon_core.event_handler.log_command:Invoking command in '/sim_ws/src/build/wall_follow': CMAKE_PREFIX_PATH=/opt/ros/foxy /usr/bin/cmake --build /sim_ws/src/build/wall_follow -- -j12 -l12
[1.971s] DEBUG:colcon.colcon_core.event_handler.log_command:Invoked command in '/sim_ws/src/build/safety_node' returned '0': CMAKE_PREFIX_PATH=/opt/ros/foxy /usr/bin/cmake /sim_ws/src/safety_node -DCMAKE_INSTALL_PREFIX=/sim_ws/src/install/safety_node
[1.973s] DEBUG:colcon.colcon_core.event_handler.log_command:Invoking command in '/sim_ws/src/build/safety_node': CMAKE_PREFIX_PATH=/opt/ros/foxy /usr/bin/cmake --build /sim_ws/src/build/safety_node -- -j12 -l12
[2.294s] DEBUG:colcon.colcon_core.event_handler.log_command:Invoked command in '/sim_ws/src/build/pure_pursuit' returned '0': CMAKE_PREFIX_PATH=/opt/ros/foxy /usr/bin/cmake /sim_ws/src/pure_pursuit -DCMAKE_INSTALL_PREFIX=/sim_ws/src/install/pure_pursuit
[2.295s] DEBUG:colcon.colcon_core.event_handler.log_command:Invoking command in '/sim_ws/src/build/pure_pursuit': CMAKE_PREFIX_PATH=/opt/ros/foxy /usr/bin/cmake --build /sim_ws/src/build/pure_pursuit -- -j12 -l12
[2.329s] DEBUG:colcon.colcon_core.event_handler.log_command:Invoked command in '/sim_ws/src/build/pure_pursuit_sim' returned '0': CMAKE_PREFIX_PATH=/opt/ros/foxy /usr/bin/cmake /sim_ws/src/pure_pursuit_sim -DCMAKE_INSTALL_PREFIX=/sim_ws/src/install/pure_pursuit_sim
[2.332s] DEBUG:colcon.colcon_core.event_handler.log_command:Invoking command in '/sim_ws/src/build/pure_pursuit_sim': CMAKE_PREFIX_PATH=/opt/ros/foxy /usr/bin/cmake --build /sim_ws/src/build/pure_pursuit_sim -- -j12 -l12
[3.547s] DEBUG:colcon.colcon_core.event_handler.log_command:Invoked command in '/sim_ws/src/build/gap_follow' returned '0': CMAKE_PREFIX_PATH=/opt/ros/foxy /usr/bin/cmake --build /sim_ws/src/build/gap_follow -- -j12 -l12
[3.576s] DEBUG:colcon.colcon_core.event_handler.log_command:Invoking command in '/sim_ws/src/build/gap_follow': CMAKE_PREFIX_PATH=/opt/ros/foxy /usr/bin/cmake --install /sim_ws/src/build/gap_follow
[3.580s] DEBUG:colcon.colcon_core.event_handler.log_command:Invoked command in '/sim_ws/src/build/wall_follow' returned '0': CMAKE_PREFIX_PATH=/opt/ros/foxy /usr/bin/cmake --build /sim_ws/src/build/wall_follow -- -j12 -l12
[3.597s] DEBUG:colcon.colcon_core.event_handler.log_command:Invoking command in '/sim_ws/src/build/wall_follow': CMAKE_PREFIX_PATH=/opt/ros/foxy /usr/bin/cmake --install /sim_ws/src/build/wall_follow
[3.599s] DEBUG:colcon.colcon_core.event_handler.log_command:Invoked command in '/sim_ws/src/build/safety_node' returned '0': CMAKE_PREFIX_PATH=/opt/ros/foxy /usr/bin/cmake --build /sim_ws/src/build/safety_node -- -j12 -l12
[3.618s] DEBUG:colcon.colcon_core.event_handler.log_command:Invoking command in '/sim_ws/src/build/safety_node': CMAKE_PREFIX_PATH=/opt/ros/foxy /usr/bin/cmake --install /sim_ws/src/build/safety_node
[3.619s] Level 1:colcon.colcon_core.environment:create_environment_scripts_only(gap_follow)
[3.621s] Level 1:colcon.colcon_core.environment:checking '/sim_ws/src/install/gap_follow' for CMake module files
[3.621s] DEBUG:colcon.colcon_core.event_handler.log_command:Invoked command in '/sim_ws/src/build/gap_follow' returned '0': CMAKE_PREFIX_PATH=/opt/ros/foxy /usr/bin/cmake --install /sim_ws/src/build/gap_follow
[3.622s] Level 1:colcon.colcon_core.environment:checking '/sim_ws/src/install/gap_follow' for CMake config files
[3.622s] Level 1:colcon.colcon_core.shell:create_environment_hook('gap_follow', 'cmake_prefix_path')
[3.623s] INFO:colcon.colcon_core.shell:Creating environment hook '/sim_ws/src/install/gap_follow/share/gap_follow/hook/cmake_prefix_path.ps1'
[3.623s] INFO:colcon.colcon_core.shell:Creating environment descriptor '/sim_ws/src/install/gap_follow/share/gap_follow/hook/cmake_prefix_path.dsv'
[3.624s] INFO:colcon.colcon_core.shell:Creating environment hook '/sim_ws/src/install/gap_follow/share/gap_follow/hook/cmake_prefix_path.sh'
[3.624s] Level 1:colcon.colcon_core.environment:checking '/sim_ws/src/install/gap_follow/lib'
[3.625s] Level 1:colcon.colcon_core.environment:checking '/sim_ws/src/install/gap_follow/bin'
[3.625s] Level 1:colcon.colcon_core.environment:checking '/sim_ws/src/install/gap_follow/lib/pkgconfig/gap_follow.pc'
[3.625s] Level 1:colcon.colcon_core.environment:checking '/sim_ws/src/install/gap_follow/lib/python3.8/site-packages'
[3.625s] Level 1:colcon.colcon_core.shell:create_environment_hook('gap_follow', 'pythonpath')
[3.626s] INFO:colcon.colcon_core.shell:Creating environment hook '/sim_ws/src/install/gap_follow/share/gap_follow/hook/pythonpath.ps1'
[3.627s] INFO:colcon.colcon_core.shell:Creating environment descriptor '/sim_ws/src/install/gap_follow/share/gap_follow/hook/pythonpath.dsv'
[3.627s] INFO:colcon.colcon_core.shell:Creating environment hook '/sim_ws/src/install/gap_follow/share/gap_follow/hook/pythonpath.sh'
[3.628s] INFO:colcon.colcon_core.shell:Creating package script '/sim_ws/src/install/gap_follow/share/gap_follow/package.ps1'
[3.629s] INFO:colcon.colcon_core.shell:Creating package descriptor '/sim_ws/src/install/gap_follow/share/gap_follow/package.dsv'
[3.629s] INFO:colcon.colcon_core.shell:Creating package script '/sim_ws/src/install/gap_follow/share/gap_follow/package.sh'
[3.630s] INFO:colcon.colcon_core.shell:Creating package script '/sim_ws/src/install/gap_follow/share/gap_follow/package.bash'
[3.630s] INFO:colcon.colcon_core.shell:Creating package script '/sim_ws/src/install/gap_follow/share/gap_follow/package.zsh'
[3.631s] Level 1:colcon.colcon_core.environment:create_file_with_runtime_dependencies(/sim_ws/src/install/gap_follow/share/colcon-core/packages/gap_follow)
[3.638s] Level 1:colcon.colcon_core.environment:create_environment_scripts_only(wall_follow)
[3.639s] Level 1:colcon.colcon_core.environment:checking '/sim_ws/src/install/wall_follow' for CMake module files
[3.640s] DEBUG:colcon.colcon_core.event_handler.log_command:Invoked command in '/sim_ws/src/build/wall_follow' returned '0': CMAKE_PREFIX_PATH=/opt/ros/foxy /usr/bin/cmake --install /sim_ws/src/build/wall_follow
[3.640s] Level 1:colcon.colcon_core.environment:checking '/sim_ws/src/install/wall_follow' for CMake config files
[3.640s] Level 1:colcon.colcon_core.shell:create_environment_hook('wall_follow', 'cmake_prefix_path')
[3.641s] INFO:colcon.colcon_core.shell:Creating environment hook '/sim_ws/src/install/wall_follow/share/wall_follow/hook/cmake_prefix_path.ps1'
[3.642s] INFO:colcon.colcon_core.shell:Creating environment descriptor '/sim_ws/src/install/wall_follow/share/wall_follow/hook/cmake_prefix_path.dsv'
[3.643s] INFO:colcon.colcon_core.shell:Creating environment hook '/sim_ws/src/install/wall_follow/share/wall_follow/hook/cmake_prefix_path.sh'
[3.643s] Level 1:colcon.colcon_core.environment:checking '/sim_ws/src/install/wall_follow/lib'
[3.643s] Level 1:colcon.colcon_core.environment:checking '/sim_ws/src/install/wall_follow/bin'
[3.643s] Level 1:colcon.colcon_core.environment:checking '/sim_ws/src/install/wall_follow/lib/pkgconfig/wall_follow.pc'
[3.643s] Level 1:colcon.colcon_core.environment:checking '/sim_ws/src/install/wall_follow/lib/python3.8/site-packages'
[3.644s] Level 1:colcon.colcon_core.shell:create_environment_hook('wall_follow', 'pythonpath')
[3.644s] INFO:colcon.colcon_core.shell:Creating environment hook '/sim_ws/src/install/wall_follow/share/wall_follow/hook/pythonpath.ps1'
[3.645s] INFO:colcon.colcon_core.shell:Creating environment descriptor '/sim_ws/src/install/wall_follow/share/wall_follow/hook/pythonpath.dsv'
[3.645s] INFO:colcon.colcon_core.shell:Creating environment hook '/sim_ws/src/install/wall_follow/share/wall_follow/hook/pythonpath.sh'
[3.646s] INFO:colcon.colcon_core.shell:Creating package script '/sim_ws/src/install/wall_follow/share/wall_follow/package.ps1'
[3.647s] INFO:colcon.colcon_core.shell:Creating package descriptor '/sim_ws/src/install/wall_follow/share/wall_follow/package.dsv'
[3.648s] INFO:colcon.colcon_core.shell:Creating package script '/sim_ws/src/install/wall_follow/share/wall_follow/package.sh'
[3.648s] INFO:colcon.colcon_core.shell:Creating package script '/sim_ws/src/install/wall_follow/share/wall_follow/package.bash'
[3.649s] INFO:colcon.colcon_core.shell:Creating package script '/sim_ws/src/install/wall_follow/share/wall_follow/package.zsh'
[3.649s] Level 1:colcon.colcon_core.environment:create_file_with_runtime_dependencies(/sim_ws/src/install/wall_follow/share/colcon-core/packages/wall_follow)
[3.654s] Level 1:colcon.colcon_core.environment:create_environment_scripts_only(gap_follow)
[3.655s] Level 1:colcon.colcon_core.environment:checking '/sim_ws/src/install/gap_follow' for CMake module files
[3.658s] Level 1:colcon.colcon_core.environment:checking '/sim_ws/src/install/gap_follow' for CMake config files
[3.658s] Level 1:colcon.colcon_core.shell:create_environment_hook('gap_follow', 'cmake_prefix_path')
[3.659s] INFO:colcon.colcon_core.shell:Creating environment hook '/sim_ws/src/install/gap_follow/share/gap_follow/hook/cmake_prefix_path.ps1'
[3.660s] INFO:colcon.colcon_core.shell:Creating environment descriptor '/sim_ws/src/install/gap_follow/share/gap_follow/hook/cmake_prefix_path.dsv'
[3.660s] INFO:colcon.colcon_core.shell:Creating environment hook '/sim_ws/src/install/gap_follow/share/gap_follow/hook/cmake_prefix_path.sh'
[3.661s] Level 1:colcon.colcon_core.environment:checking '/sim_ws/src/install/gap_follow/lib'
[3.661s] Level 1:colcon.colcon_core.environment:checking '/sim_ws/src/install/gap_follow/bin'
[3.661s] Level 1:colcon.colcon_core.environment:checking '/sim_ws/src/install/gap_follow/lib/pkgconfig/gap_follow.pc'
[3.661s] Level 1:colcon.colcon_core.environment:checking '/sim_ws/src/install/gap_follow/lib/python3.8/site-packages'
[3.661s] Level 1:colcon.colcon_core.shell:create_environment_hook('gap_follow', 'pythonpath')
[3.662s] INFO:colcon.colcon_core.shell:Creating environment hook '/sim_ws/src/install/gap_follow/share/gap_follow/hook/pythonpath.ps1'
[3.662s] INFO:colcon.colcon_core.shell:Creating environment descriptor '/sim_ws/src/install/gap_follow/share/gap_follow/hook/pythonpath.dsv'
[3.662s] INFO:colcon.colcon_core.shell:Creating environment hook '/sim_ws/src/install/gap_follow/share/gap_follow/hook/pythonpath.sh'
[3.664s] INFO:colcon.colcon_core.shell:Creating package script '/sim_ws/src/install/gap_follow/share/gap_follow/package.ps1'
[3.664s] INFO:colcon.colcon_core.shell:Creating package descriptor '/sim_ws/src/install/gap_follow/share/gap_follow/package.dsv'
[3.665s] INFO:colcon.colcon_core.shell:Creating package script '/sim_ws/src/install/gap_follow/share/gap_follow/package.sh'
[3.665s] INFO:colcon.colcon_core.shell:Creating package script '/sim_ws/src/install/gap_follow/share/gap_follow/package.bash'
[3.666s] INFO:colcon.colcon_core.shell:Creating package script '/sim_ws/src/install/gap_follow/share/gap_follow/package.zsh'
[3.666s] Level 1:colcon.colcon_core.environment:create_file_with_runtime_dependencies(/sim_ws/src/install/gap_follow/share/colcon-core/packages/gap_follow)
[3.668s] Level 1:colcon.colcon_core.environment:create_environment_scripts_only(safety_node)
[3.669s] Level 1:colcon.colcon_core.environment:checking '/sim_ws/src/install/safety_node' for CMake module files
[3.669s] DEBUG:colcon.colcon_core.event_handler.log_command:Invoked command in '/sim_ws/src/build/safety_node' returned '0': CMAKE_PREFIX_PATH=/opt/ros/foxy /usr/bin/cmake --install /sim_ws/src/build/safety_node
[3.669s] Level 1:colcon.colcon_core.environment:checking '/sim_ws/src/install/safety_node' for CMake config files
[3.670s] Level 1:colcon.colcon_core.shell:create_environment_hook('safety_node', 'cmake_prefix_path')
[3.670s] INFO:colcon.colcon_core.shell:Creating environment hook '/sim_ws/src/install/safety_node/share/safety_node/hook/cmake_prefix_path.ps1'
[3.670s] INFO:colcon.colcon_core.shell:Creating environment descriptor '/sim_ws/src/install/safety_node/share/safety_node/hook/cmake_prefix_path.dsv'
[3.671s] INFO:colcon.colcon_core.shell:Creating environment hook '/sim_ws/src/install/safety_node/share/safety_node/hook/cmake_prefix_path.sh'
[3.671s] Level 1:colcon.colcon_core.environment:checking '/sim_ws/src/install/safety_node/lib'
[3.671s] Level 1:colcon.colcon_core.environment:checking '/sim_ws/src/install/safety_node/bin'
[3.671s] Level 1:colcon.colcon_core.environment:checking '/sim_ws/src/install/safety_node/lib/pkgconfig/safety_node.pc'
[3.671s] Level 1:colcon.colcon_core.environment:checking '/sim_ws/src/install/safety_node/lib/python3.8/site-packages'
[3.671s] Level 1:colcon.colcon_core.shell:create_environment_hook('safety_node', 'pythonpath')
[3.672s] INFO:colcon.colcon_core.shell:Creating environment hook '/sim_ws/src/install/safety_node/share/safety_node/hook/pythonpath.ps1'
[3.672s] INFO:colcon.colcon_core.shell:Creating environment descriptor '/sim_ws/src/install/safety_node/share/safety_node/hook/pythonpath.dsv'
[3.672s] INFO:colcon.colcon_core.shell:Creating environment hook '/sim_ws/src/install/safety_node/share/safety_node/hook/pythonpath.sh'
[3.673s] INFO:colcon.colcon_core.shell:Creating package script '/sim_ws/src/install/safety_node/share/safety_node/package.ps1'
[3.673s] INFO:colcon.colcon_core.shell:Creating package descriptor '/sim_ws/src/install/safety_node/share/safety_node/package.dsv'
[3.674s] INFO:colcon.colcon_core.shell:Creating package script '/sim_ws/src/install/safety_node/share/safety_node/package.sh'
[3.674s] INFO:colcon.colcon_core.shell:Creating package script '/sim_ws/src/install/safety_node/share/safety_node/package.bash'
[3.674s] INFO:colcon.colcon_core.shell:Creating package script '/sim_ws/src/install/safety_node/share/safety_node/package.zsh'
[3.674s] Level 1:colcon.colcon_core.environment:create_file_with_runtime_dependencies(/sim_ws/src/install/safety_node/share/colcon-core/packages/safety_node)
[3.677s] Level 1:colcon.colcon_core.environment:create_environment_scripts_only(wall_follow)
[3.678s] Level 1:colcon.colcon_core.environment:checking '/sim_ws/src/install/wall_follow' for CMake module files
[3.678s] Level 1:colcon.colcon_core.environment:checking '/sim_ws/src/install/wall_follow' for CMake config files
[3.678s] Level 1:colcon.colcon_core.shell:create_environment_hook('wall_follow', 'cmake_prefix_path')
[3.679s] INFO:colcon.colcon_core.shell:Creating environment hook '/sim_ws/src/install/wall_follow/share/wall_follow/hook/cmake_prefix_path.ps1'
[3.679s] INFO:colcon.colcon_core.shell:Creating environment descriptor '/sim_ws/src/install/wall_follow/share/wall_follow/hook/cmake_prefix_path.dsv'
[3.679s] INFO:colcon.colcon_core.shell:Creating environment hook '/sim_ws/src/install/wall_follow/share/wall_follow/hook/cmake_prefix_path.sh'
[3.680s] Level 1:colcon.colcon_core.environment:checking '/sim_ws/src/install/wall_follow/lib'
[3.680s] Level 1:colcon.colcon_core.environment:checking '/sim_ws/src/install/wall_follow/bin'
[3.680s] Level 1:colcon.colcon_core.environment:checking '/sim_ws/src/install/wall_follow/lib/pkgconfig/wall_follow.pc'
[3.680s] Level 1:colcon.colcon_core.environment:checking '/sim_ws/src/install/wall_follow/lib/python3.8/site-packages'
[3.680s] Level 1:colcon.colcon_core.shell:create_environment_hook('wall_follow', 'pythonpath')
[3.681s] INFO:colcon.colcon_core.shell:Creating environment hook '/sim_ws/src/install/wall_follow/share/wall_follow/hook/pythonpath.ps1'
[3.681s] INFO:colcon.colcon_core.shell:Creating environment descriptor '/sim_ws/src/install/wall_follow/share/wall_follow/hook/pythonpath.dsv'
[3.681s] INFO:colcon.colcon_core.shell:Creating environment hook '/sim_ws/src/install/wall_follow/share/wall_follow/hook/pythonpath.sh'
[3.682s] INFO:colcon.colcon_core.shell:Creating package script '/sim_ws/src/install/wall_follow/share/wall_follow/package.ps1'
[3.682s] INFO:colcon.colcon_core.shell:Creating package descriptor '/sim_ws/src/install/wall_follow/share/wall_follow/package.dsv'
[3.683s] INFO:colcon.colcon_core.shell:Creating package script '/sim_ws/src/install/wall_follow/share/wall_follow/package.sh'
[3.683s] INFO:colcon.colcon_core.shell:Creating package script '/sim_ws/src/install/wall_follow/share/wall_follow/package.bash'
[3.683s] INFO:colcon.colcon_core.shell:Creating package script '/sim_ws/src/install/wall_follow/share/wall_follow/package.zsh'
[3.684s] Level 1:colcon.colcon_core.environment:create_file_with_runtime_dependencies(/sim_ws/src/install/wall_follow/share/colcon-core/packages/wall_follow)
[3.691s] Level 1:colcon.colcon_core.environment:create_environment_scripts_only(safety_node)
[3.692s] Level 1:colcon.colcon_core.environment:checking '/sim_ws/src/install/safety_node' for CMake module files
[3.692s] Level 1:colcon.colcon_core.environment:checking '/sim_ws/src/install/safety_node' for CMake config files
[3.692s] Level 1:colcon.colcon_core.shell:create_environment_hook('safety_node', 'cmake_prefix_path')
[3.693s] INFO:colcon.colcon_core.shell:Creating environment hook '/sim_ws/src/install/safety_node/share/safety_node/hook/cmake_prefix_path.ps1'
[3.693s] INFO:colcon.colcon_core.shell:Creating environment descriptor '/sim_ws/src/install/safety_node/share/safety_node/hook/cmake_prefix_path.dsv'
[3.693s] INFO:colcon.colcon_core.shell:Creating environment hook '/sim_ws/src/install/safety_node/share/safety_node/hook/cmake_prefix_path.sh'
[3.694s] Level 1:colcon.colcon_core.environment:checking '/sim_ws/src/install/safety_node/lib'
[3.694s] Level 1:colcon.colcon_core.environment:checking '/sim_ws/src/install/safety_node/bin'
[3.694s] Level 1:colcon.colcon_core.environment:checking '/sim_ws/src/install/safety_node/lib/pkgconfig/safety_node.pc'
[3.694s] Level 1:colcon.colcon_core.environment:checking '/sim_ws/src/install/safety_node/lib/python3.8/site-packages'
[3.694s] Level 1:colcon.colcon_core.shell:create_environment_hook('safety_node', 'pythonpath')
[3.695s] INFO:colcon.colcon_core.shell:Creating environment hook '/sim_ws/src/install/safety_node/share/safety_node/hook/pythonpath.ps1'
[3.695s] INFO:colcon.colcon_core.shell:Creating environment descriptor '/sim_ws/src/install/safety_node/share/safety_node/hook/pythonpath.dsv'
[3.695s] INFO:colcon.colcon_core.shell:Creating environment hook '/sim_ws/src/install/safety_node/share/safety_node/hook/pythonpath.sh'
[3.696s] INFO:colcon.colcon_core.shell:Creating package script '/sim_ws/src/install/safety_node/share/safety_node/package.ps1'
[3.696s] INFO:colcon.colcon_core.shell:Creating package descriptor '/sim_ws/src/install/safety_node/share/safety_node/package.dsv'
[3.697s] INFO:colcon.colcon_core.shell:Creating package script '/sim_ws/src/install/safety_node/share/safety_node/package.sh'
[3.697s] INFO:colcon.colcon_core.shell:Creating package script '/sim_ws/src/install/safety_node/share/safety_node/package.bash'
[3.697s] INFO:colcon.colcon_core.shell:Creating package script '/sim_ws/src/install/safety_node/share/safety_node/package.zsh'
[3.698s] Level 1:colcon.colcon_core.environment:create_file_with_runtime_dependencies(/sim_ws/src/install/safety_node/share/colcon-core/packages/safety_node)
[3.990s] DEBUG:colcon.colcon_core.event_handler.log_command:Invoked command in '/sim_ws/src/build/pure_pursuit_sim' returned '0': CMAKE_PREFIX_PATH=/opt/ros/foxy /usr/bin/cmake --build /sim_ws/src/build/pure_pursuit_sim -- -j12 -l12
[3.992s] DEBUG:colcon.colcon_core.event_handler.log_command:Invoked command in '/sim_ws/src/build/pure_pursuit' returned '0': CMAKE_PREFIX_PATH=/opt/ros/foxy /usr/bin/cmake --build /sim_ws/src/build/pure_pursuit -- -j12 -l12
[4.008s] DEBUG:colcon.colcon_core.event_handler.log_command:Invoking command in '/sim_ws/src/build/pure_pursuit_sim': CMAKE_PREFIX_PATH=/opt/ros/foxy /usr/bin/cmake --install /sim_ws/src/build/pure_pursuit_sim
[4.010s] DEBUG:colcon.colcon_core.event_handler.log_command:Invoking command in '/sim_ws/src/build/pure_pursuit': CMAKE_PREFIX_PATH=/opt/ros/foxy /usr/bin/cmake --install /sim_ws/src/build/pure_pursuit
[4.045s] Level 1:colcon.colcon_core.environment:create_environment_scripts_only(pure_pursuit_sim)
[4.046s] Level 1:colcon.colcon_core.environment:checking '/sim_ws/src/install/pure_pursuit_sim' for CMake module files
[4.047s] DEBUG:colcon.colcon_core.event_handler.log_command:Invoked command in '/sim_ws/src/build/pure_pursuit_sim' returned '0': CMAKE_PREFIX_PATH=/opt/ros/foxy /usr/bin/cmake --install /sim_ws/src/build/pure_pursuit_sim
[4.047s] Level 1:colcon.colcon_core.environment:checking '/sim_ws/src/install/pure_pursuit_sim' for CMake config files
[4.047s] Level 1:colcon.colcon_core.shell:create_environment_hook('pure_pursuit_sim', 'cmake_prefix_path')
[4.047s] INFO:colcon.colcon_core.shell:Creating environment hook '/sim_ws/src/install/pure_pursuit_sim/share/pure_pursuit_sim/hook/cmake_prefix_path.ps1'
[4.048s] INFO:colcon.colcon_core.shell:Creating environment descriptor '/sim_ws/src/install/pure_pursuit_sim/share/pure_pursuit_sim/hook/cmake_prefix_path.dsv'
[4.048s] INFO:colcon.colcon_core.shell:Creating environment hook '/sim_ws/src/install/pure_pursuit_sim/share/pure_pursuit_sim/hook/cmake_prefix_path.sh'
[4.049s] Level 1:colcon.colcon_core.environment:checking '/sim_ws/src/install/pure_pursuit_sim/lib'
[4.049s] Level 1:colcon.colcon_core.environment:checking '/sim_ws/src/install/pure_pursuit_sim/bin'
[4.049s] Level 1:colcon.colcon_core.environment:checking '/sim_ws/src/install/pure_pursuit_sim/lib/pkgconfig/pure_pursuit_sim.pc'
[4.049s] Level 1:colcon.colcon_core.environment:checking '/sim_ws/src/install/pure_pursuit_sim/lib/python3.8/site-packages'
[4.049s] Level 1:colcon.colcon_core.shell:create_environment_hook('pure_pursuit_sim', 'pythonpath')
[4.049s] INFO:colcon.colcon_core.shell:Creating environment hook '/sim_ws/src/install/pure_pursuit_sim/share/pure_pursuit_sim/hook/pythonpath.ps1'
[4.049s] INFO:colcon.colcon_core.shell:Creating environment descriptor '/sim_ws/src/install/pure_pursuit_sim/share/pure_pursuit_sim/hook/pythonpath.dsv'
[4.050s] INFO:colcon.colcon_core.shell:Creating environment hook '/sim_ws/src/install/pure_pursuit_sim/share/pure_pursuit_sim/hook/pythonpath.sh'
[4.050s] INFO:colcon.colcon_core.shell:Creating package script '/sim_ws/src/install/pure_pursuit_sim/share/pure_pursuit_sim/package.ps1'
[4.051s] INFO:colcon.colcon_core.shell:Creating package descriptor '/sim_ws/src/install/pure_pursuit_sim/share/pure_pursuit_sim/package.dsv'
[4.051s] INFO:colcon.colcon_core.shell:Creating package script '/sim_ws/src/install/pure_pursuit_sim/share/pure_pursuit_sim/package.sh'
[4.051s] INFO:colcon.colcon_core.shell:Creating package script '/sim_ws/src/install/pure_pursuit_sim/share/pure_pursuit_sim/package.bash'
[4.052s] INFO:colcon.colcon_core.shell:Creating package script '/sim_ws/src/install/pure_pursuit_sim/share/pure_pursuit_sim/package.zsh'
[4.052s] Level 1:colcon.colcon_core.environment:create_file_with_runtime_dependencies(/sim_ws/src/install/pure_pursuit_sim/share/colcon-core/packages/pure_pursuit_sim)
[4.054s] Level 1:colcon.colcon_core.environment:create_environment_scripts_only(pure_pursuit)
[4.055s] Level 1:colcon.colcon_core.environment:checking '/sim_ws/src/install/pure_pursuit' for CMake module files
[4.056s] DEBUG:colcon.colcon_core.event_handler.log_command:Invoked command in '/sim_ws/src/build/pure_pursuit' returned '0': CMAKE_PREFIX_PATH=/opt/ros/foxy /usr/bin/cmake --install /sim_ws/src/build/pure_pursuit
[4.056s] Level 1:colcon.colcon_core.environment:checking '/sim_ws/src/install/pure_pursuit' for CMake config files
[4.056s] Level 1:colcon.colcon_core.shell:create_environment_hook('pure_pursuit', 'cmake_prefix_path')
[4.056s] INFO:colcon.colcon_core.shell:Creating environment hook '/sim_ws/src/install/pure_pursuit/share/pure_pursuit/hook/cmake_prefix_path.ps1'
[4.057s] INFO:colcon.colcon_core.shell:Creating environment descriptor '/sim_ws/src/install/pure_pursuit/share/pure_pursuit/hook/cmake_prefix_path.dsv'
[4.057s] INFO:colcon.colcon_core.shell:Creating environment hook '/sim_ws/src/install/pure_pursuit/share/pure_pursuit/hook/cmake_prefix_path.sh'
[4.057s] Level 1:colcon.colcon_core.environment:checking '/sim_ws/src/install/pure_pursuit/lib'
[4.057s] Level 1:colcon.colcon_core.environment:checking '/sim_ws/src/install/pure_pursuit/bin'
[4.058s] Level 1:colcon.colcon_core.environment:checking '/sim_ws/src/install/pure_pursuit/lib/pkgconfig/pure_pursuit.pc'
[4.058s] Level 1:colcon.colcon_core.environment:checking '/sim_ws/src/install/pure_pursuit/lib/python3.8/site-packages'
[4.058s] Level 1:colcon.colcon_core.shell:create_environment_hook('pure_pursuit', 'pythonpath')
[4.058s] INFO:colcon.colcon_core.shell:Creating environment hook '/sim_ws/src/install/pure_pursuit/share/pure_pursuit/hook/pythonpath.ps1'
[4.058s] INFO:colcon.colcon_core.shell:Creating environment descriptor '/sim_ws/src/install/pure_pursuit/share/pure_pursuit/hook/pythonpath.dsv'
[4.058s] INFO:colcon.colcon_core.shell:Creating environment hook '/sim_ws/src/install/pure_pursuit/share/pure_pursuit/hook/pythonpath.sh'
[4.059s] INFO:colcon.colcon_core.shell:Creating package script '/sim_ws/src/install/pure_pursuit/share/pure_pursuit/package.ps1'
[4.060s] INFO:colcon.colcon_core.shell:Creating package descriptor '/sim_ws/src/install/pure_pursuit/share/pure_pursuit/package.dsv'
[4.060s] INFO:colcon.colcon_core.shell:Creating package script '/sim_ws/src/install/pure_pursuit/share/pure_pursuit/package.sh'
[4.060s] INFO:colcon.colcon_core.shell:Creating package script '/sim_ws/src/install/pure_pursuit/share/pure_pursuit/package.bash'
[4.060s] INFO:colcon.colcon_core.shell:Creating package script '/sim_ws/src/install/pure_pursuit/share/pure_pursuit/package.zsh'
[4.061s] Level 1:colcon.colcon_core.environment:create_file_with_runtime_dependencies(/sim_ws/src/install/pure_pursuit/share/colcon-core/packages/pure_pursuit)
[4.068s] Level 1:colcon.colcon_core.environment:create_environment_scripts_only(pure_pursuit_sim)
[4.069s] Level 1:colcon.colcon_core.environment:checking '/sim_ws/src/install/pure_pursuit_sim' for CMake module files
[4.069s] Level 1:colcon.colcon_core.environment:checking '/sim_ws/src/install/pure_pursuit_sim' for CMake config files
[4.069s] Level 1:colcon.colcon_core.shell:create_environment_hook('pure_pursuit_sim', 'cmake_prefix_path')
[4.070s] INFO:colcon.colcon_core.shell:Creating environment hook '/sim_ws/src/install/pure_pursuit_sim/share/pure_pursuit_sim/hook/cmake_prefix_path.ps1'
[4.070s] INFO:colcon.colcon_core.shell:Creating environment descriptor '/sim_ws/src/install/pure_pursuit_sim/share/pure_pursuit_sim/hook/cmake_prefix_path.dsv'
[4.070s] INFO:colcon.colcon_core.shell:Creating environment hook '/sim_ws/src/install/pure_pursuit_sim/share/pure_pursuit_sim/hook/cmake_prefix_path.sh'
[4.071s] Level 1:colcon.colcon_core.environment:checking '/sim_ws/src/install/pure_pursuit_sim/lib'
[4.071s] Level 1:colcon.colcon_core.environment:checking '/sim_ws/src/install/pure_pursuit_sim/bin'
[4.071s] Level 1:colcon.colcon_core.environment:checking '/sim_ws/src/install/pure_pursuit_sim/lib/pkgconfig/pure_pursuit_sim.pc'
[4.071s] Level 1:colcon.colcon_core.environment:checking '/sim_ws/src/install/pure_pursuit_sim/lib/python3.8/site-packages'
[4.071s] Level 1:colcon.colcon_core.shell:create_environment_hook('pure_pursuit_sim', 'pythonpath')
[4.071s] INFO:colcon.colcon_core.shell:Creating environment hook '/sim_ws/src/install/pure_pursuit_sim/share/pure_pursuit_sim/hook/pythonpath.ps1'
[4.072s] INFO:colcon.colcon_core.shell:Creating environment descriptor '/sim_ws/src/install/pure_pursuit_sim/share/pure_pursuit_sim/hook/pythonpath.dsv'
[4.072s] INFO:colcon.colcon_core.shell:Creating environment hook '/sim_ws/src/install/pure_pursuit_sim/share/pure_pursuit_sim/hook/pythonpath.sh'
[4.073s] INFO:colcon.colcon_core.shell:Creating package script '/sim_ws/src/install/pure_pursuit_sim/share/pure_pursuit_sim/package.ps1'
[4.073s] INFO:colcon.colcon_core.shell:Creating package descriptor '/sim_ws/src/install/pure_pursuit_sim/share/pure_pursuit_sim/package.dsv'
[4.074s] INFO:colcon.colcon_core.shell:Creating package script '/sim_ws/src/install/pure_pursuit_sim/share/pure_pursuit_sim/package.sh'
[4.074s] INFO:colcon.colcon_core.shell:Creating package script '/sim_ws/src/install/pure_pursuit_sim/share/pure_pursuit_sim/package.bash'
[4.074s] INFO:colcon.colcon_core.shell:Creating package script '/sim_ws/src/install/pure_pursuit_sim/share/pure_pursuit_sim/package.zsh'
[4.074s] Level 1:colcon.colcon_core.environment:create_file_with_runtime_dependencies(/sim_ws/src/install/pure_pursuit_sim/share/colcon-core/packages/pure_pursuit_sim)
[4.076s] Level 1:colcon.colcon_core.environment:create_environment_scripts_only(pure_pursuit)
[4.077s] Level 1:colcon.colcon_core.environment:checking '/sim_ws/src/install/pure_pursuit' for CMake module files
[4.077s] Level 1:colcon.colcon_core.environment:checking '/sim_ws/src/install/pure_pursuit' for CMake config files
[4.077s] Level 1:colcon.colcon_core.shell:create_environment_hook('pure_pursuit', 'cmake_prefix_path')
[4.078s] INFO:colcon.colcon_core.shell:Creating environment hook '/sim_ws/src/install/pure_pursuit/share/pure_pursuit/hook/cmake_prefix_path.ps1'
[4.078s] INFO:colcon.colcon_core.shell:Creating environment descriptor '/sim_ws/src/install/pure_pursuit/share/pure_pursuit/hook/cmake_prefix_path.dsv'
[4.078s] INFO:colcon.colcon_core.shell:Creating environment hook '/sim_ws/src/install/pure_pursuit/share/pure_pursuit/hook/cmake_prefix_path.sh'
[4.079s] Level 1:colcon.colcon_core.environment:checking '/sim_ws/src/install/pure_pursuit/lib'
[4.079s] Level 1:colcon.colcon_core.environment:checking '/sim_ws/src/install/pure_pursuit/bin'
[4.079s] Level 1:colcon.colcon_core.environment:checking '/sim_ws/src/install/pure_pursuit/lib/pkgconfig/pure_pursuit.pc'
[4.079s] Level 1:colcon.colcon_core.environment:checking '/sim_ws/src/install/pure_pursuit/lib/python3.8/site-packages'
[4.079s] Level 1:colcon.colcon_core.shell:create_environment_hook('pure_pursuit', 'pythonpath')
[4.079s] INFO:colcon.colcon_core.shell:Creating environment hook '/sim_ws/src/install/pure_pursuit/share/pure_pursuit/hook/pythonpath.ps1'
[4.080s] INFO:colcon.colcon_core.shell:Creating environment descriptor '/sim_ws/src/install/pure_pursuit/share/pure_pursuit/hook/pythonpath.dsv'
[4.080s] INFO:colcon.colcon_core.shell:Creating environment hook '/sim_ws/src/install/pure_pursuit/share/pure_pursuit/hook/pythonpath.sh'
[4.081s] INFO:colcon.colcon_core.shell:Creating package script '/sim_ws/src/install/pure_pursuit/share/pure_pursuit/package.ps1'
[4.081s] INFO:colcon.colcon_core.shell:Creating package descriptor '/sim_ws/src/install/pure_pursuit/share/pure_pursuit/package.dsv'
[4.081s] INFO:colcon.colcon_core.shell:Creating package script '/sim_ws/src/install/pure_pursuit/share/pure_pursuit/package.sh'
[4.082s] INFO:colcon.colcon_core.shell:Creating package script '/sim_ws/src/install/pure_pursuit/share/pure_pursuit/package.bash'
[4.082s] INFO:colcon.colcon_core.shell:Creating package script '/sim_ws/src/install/pure_pursuit/share/pure_pursuit/package.zsh'
[4.082s] Level 1:colcon.colcon_core.environment:create_file_with_runtime_dependencies(/sim_ws/src/install/pure_pursuit/share/colcon-core/packages/pure_pursuit)
[4.083s] DEBUG:colcon.colcon_parallel_executor.executor.parallel:closing loop
[4.083s] DEBUG:colcon.colcon_parallel_executor.executor.parallel:loop closed
[4.083s] DEBUG:colcon.colcon_parallel_executor.executor.parallel:run_until_complete finished with '0'
[4.083s] DEBUG:colcon.colcon_core.event_reactor:joining thread
[4.088s] INFO:colcon.colcon_core.plugin_system:Skipping extension 'colcon_notification.desktop_notification.notify_send': Could not find 'notify-send'
[4.088s] INFO:colcon.colcon_core.plugin_system:Skipping extension 'colcon_notification.desktop_notification.terminal_notifier': Not used on non-Darwin systems
[4.088s] INFO:colcon.colcon_core.plugin_system:Skipping extension 'colcon_notification.desktop_notification.win32': Not used on non-Windows systems
[4.088s] INFO:colcon.colcon_notification.desktop_notification:Sending desktop notification using 'notify2'
[4.090s] DEBUG:colcon.colcon_notification.desktop_notification.notify2:Failed to initialize notify2: org.freedesktop.DBus.Error.Spawn.ExecFailed: /usr/bin/dbus-launch terminated abnormally without any error message
[4.090s] DEBUG:colcon.colcon_core.event_reactor:joined thread
[4.090s] INFO:colcon.colcon_core.shell:Creating prefix script '/sim_ws/src/install/local_setup.ps1'
[4.091s] INFO:colcon.colcon_core.shell:Creating prefix util module '/sim_ws/src/install/_local_setup_util_ps1.py'
[4.092s] INFO:colcon.colcon_core.shell:Creating prefix chain script '/sim_ws/src/install/setup.ps1'
[4.094s] INFO:colcon.colcon_core.shell:Creating prefix script '/sim_ws/src/install/local_setup.sh'
[4.094s] INFO:colcon.colcon_core.shell:Creating prefix util module '/sim_ws/src/install/_local_setup_util_sh.py'
[4.095s] INFO:colcon.colcon_core.shell:Creating prefix chain script '/sim_ws/src/install/setup.sh'
[4.096s] INFO:colcon.colcon_core.shell:Creating prefix script '/sim_ws/src/install/local_setup.bash'
[4.097s] INFO:colcon.colcon_core.shell:Creating prefix chain script '/sim_ws/src/install/setup.bash'
[4.098s] INFO:colcon.colcon_core.shell:Creating prefix script '/sim_ws/src/install/local_setup.zsh'
[4.099s] INFO:colcon.colcon_core.shell:Creating prefix chain script '/sim_ws/src/install/setup.zsh'
